[23:09:47.726] Global cache location '/home/aryan/.cache/typescript/4.6', safe file path '/usr/lib/node_modules/typescript/lib/typingSafeList.json', types map path /usr/lib/node_modules/typescript/lib/typesMap.json
[23:09:47.730] Processing cache location '/home/aryan/.cache/typescript/4.6'
[23:09:47.730] Trying to find '/home/aryan/.cache/typescript/4.6/package.json'...
[23:09:47.760] Loaded content of '/home/aryan/.cache/typescript/4.6/package.json': {"private":true,"dependencies":{"types-registry":"^0.1.606"},"devDependencies":{"@types/aos":"^3.0.4","@types/co":"^4.6.3","@types/eslint":"^8.4.5","@types/lodash.debounce":"^4.0.7","@types/lodash.throttle":"^4.1.7","@types/node":"^18.7.2","@types/react":"^18.0.17","@types/react-dom":"^18.0.6","@types/styled-components":"^5.1.26","@types/webpack":"^5.28.0"}}
[23:09:47.760] Loaded content of '/home/aryan/.cache/typescript/4.6/package-lock.json'
[23:09:47.781] Adding entry into typings cache: 'aos' => '/home/aryan/.cache/typescript/4.6/node_modules/@types/aos/index.d.ts'
[23:09:47.803] Adding entry into typings cache: 'co' => '/home/aryan/.cache/typescript/4.6/node_modules/@types/co/index.d.ts'
[23:09:47.830] Adding entry into typings cache: 'eslint' => '/home/aryan/.cache/typescript/4.6/node_modules/@types/eslint/index.d.ts'
[23:09:47.849] Adding entry into typings cache: 'lodash.debounce' => '/home/aryan/.cache/typescript/4.6/node_modules/@types/lodash.debounce/index.d.ts'
[23:09:47.858] Adding entry into typings cache: 'lodash.throttle' => '/home/aryan/.cache/typescript/4.6/node_modules/@types/lodash.throttle/index.d.ts'
[23:09:47.864] Adding entry into typings cache: 'node' => '/home/aryan/.cache/typescript/4.6/node_modules/@types/node/index.d.ts'
[23:09:47.866] Adding entry into typings cache: 'react' => '/home/aryan/.cache/typescript/4.6/node_modules/@types/react/index.d.ts'
[23:09:47.914] Adding entry into typings cache: 'react-dom' => '/home/aryan/.cache/typescript/4.6/node_modules/@types/react-dom/index.d.ts'
[23:09:47.918] Adding entry into typings cache: 'styled-components' => '/home/aryan/.cache/typescript/4.6/node_modules/@types/styled-components/index.d.ts'
[23:09:47.958] Adding entry into typings cache: 'webpack' => '/home/aryan/.cache/typescript/4.6/node_modules/webpack/types.d.ts'
[23:09:47.959] Finished processing cache location '/home/aryan/.cache/typescript/4.6'
[23:09:47.959] Process id: 1966
[23:09:47.959] NPM location: /usr/bin/npm (explicit '--npmLocation' not  provided)
[23:09:47.959] validateDefaultNpmLocation: false
[23:09:47.960] Npm config file: /home/aryan/.cache/typescript/4.6/package.json
[23:09:47.960] Updating types-registry npm package...
[23:09:47.960] Exec: /usr/bin/npm install --ignore-scripts types-registry@latest
[23:09:50.446]     Succeeded. stdout:
    
    up to date, audited 95 packages in 2s

9 packages are looking for funding
  run `npm fund` for details

found 0 vulnerabilities

[23:09:50.446] Updated types-registry npm package
[23:09:55.762] Got install request {"projectName":"/dev/null/inferredProject1*","fileNames":["/usr/lib/node_modules/typescript/lib/lib.es5.d.ts","/usr/lib/node_modules/typescript/lib/lib.es2015.d.ts","/usr/lib/node_modules/typescript/lib/lib.es2016.d.ts","/usr/lib/node_modules/typescript/lib/lib.dom.d.ts","/usr/lib/node_modules/typescript/lib/lib.dom.iterable.d.ts","/usr/lib/node_modules/typescript/lib/lib.webworker.importscripts.d.ts","/usr/lib/node_modules/typescript/lib/lib.scripthost.d.ts","/usr/lib/node_modules/typescript/lib/lib.es2015.core.d.ts","/usr/lib/node_modules/typescript/lib/lib.es2015.collection.d.ts","/usr/lib/node_modules/typescript/lib/lib.es2015.generator.d.ts","/usr/lib/node_modules/typescript/lib/lib.es2015.iterable.d.ts","/usr/lib/node_modules/typescript/lib/lib.es2015.promise.d.ts","/usr/lib/node_modules/typescript/lib/lib.es2015.proxy.d.ts","/usr/lib/node_modules/typescript/lib/lib.es2015.reflect.d.ts","/usr/lib/node_modules/typescript/lib/lib.es2015.symbol.d.ts","/usr/lib/node_modules/typescript/lib/lib.es2015.symbol.wellknown.d.ts","/usr/lib/node_modules/typescript/lib/lib.es2016.array.include.d.ts","/usr/lib/node_modules/typescript/lib/lib.es2016.full.d.ts","/home/aryan/Code/TechOptimum/Tech-Optimum-Website/src/components/footer.jsx","/home/aryan/Code/TechOptimum/Tech-Optimum-Website/src/components/header.jsx","/home/aryan/Code/TechOptimum/Tech-Optimum-Website/src/pages/about.jsx"],"compilerOptions":{"module":1,"target":3,"jsx":1,"allowJs":true,"allowSyntheticDefaultImports":true,"allowNonTsExtensions":true,"noEmitForJsFiles":true,"maxNodeModuleJsDepth":2},"typeAcquisition":{"enable":true,"include":[],"exclude":[]},"unresolvedImports":[],"projectRootPath":"/home/aryan/Code/TechOptimum/Tech-Optimum-Website/src/pages","kind":"discover"}
[23:09:55.773] Loaded safelist from types map file '/usr/lib/node_modules/typescript/lib/typesMap.json'
[23:09:55.774] Explicitly included types: []
[23:09:55.775] Inferred 'react' typings due to presence of '.jsx' extension
[23:09:55.776] Inferred typings from unresolved imports: []
[23:09:55.776] Result: {"cachedTypingPaths":["/home/aryan/.cache/typescript/4.6/node_modules/@types/react/index.d.ts"],"newTypingNames":[],"filesToWatch":["/home/aryan/Code/TechOptimum/Tech-Optimum-Website/src/components/bower_components","/home/aryan/Code/TechOptimum/Tech-Optimum-Website/src/components/node_modules","/home/aryan/Code/TechOptimum/Tech-Optimum-Website/src/pages/bower_components","/home/aryan/Code/TechOptimum/Tech-Optimum-Website/src/pages/node_modules"]}
[23:09:55.776] Finished typings discovery: {"cachedTypingPaths":["/home/aryan/.cache/typescript/4.6/node_modules/@types/react/index.d.ts"],"newTypingNames":[],"filesToWatch":["/home/aryan/Code/TechOptimum/Tech-Optimum-Website/src/components/bower_components","/home/aryan/Code/TechOptimum/Tech-Optimum-Website/src/components/node_modules","/home/aryan/Code/TechOptimum/Tech-Optimum-Website/src/pages/bower_components","/home/aryan/Code/TechOptimum/Tech-Optimum-Website/src/pages/node_modules"]}
[23:09:55.777] DirectoryWatcher:: Added:: WatchInfo: /home/aryan/Code/TechOptimum/Tech-Optimum-Website/src/components/bower_components
[23:09:55.777] DirectoryWatcher:: Added:: WatchInfo: /home/aryan/Code/TechOptimum/Tech-Optimum-Website/src/components/bower_components 1 undefined Project: /dev/null/inferredProject1* watcher already invoked: false
[23:09:55.779] Elapsed:: 1.6408789977431297ms DirectoryWatcher:: Added:: WatchInfo: /home/aryan/Code/TechOptimum/Tech-Optimum-Website/src/components/bower_components 1 undefined Project: /dev/null/inferredProject1* watcher already invoked: false
[23:09:55.779] DirectoryWatcher:: Added:: WatchInfo: /home/aryan/Code/TechOptimum/Tech-Optimum-Website/src/components/node_modules
[23:09:55.779] DirectoryWatcher:: Added:: WatchInfo: /home/aryan/Code/TechOptimum/Tech-Optimum-Website/src/components/node_modules 1 undefined Project: /dev/null/inferredProject1* watcher already invoked: false
[23:09:55.780] Elapsed:: 0.16445200145244598ms DirectoryWatcher:: Added:: WatchInfo: /home/aryan/Code/TechOptimum/Tech-Optimum-Website/src/components/node_modules 1 undefined Project: /dev/null/inferredProject1* watcher already invoked: false
[23:09:55.780] DirectoryWatcher:: Added:: WatchInfo: /home/aryan/Code/TechOptimum/Tech-Optimum-Website/src/pages/bower_components
[23:09:55.780] DirectoryWatcher:: Added:: WatchInfo: /home/aryan/Code/TechOptimum/Tech-Optimum-Website/src/pages/bower_components 1 undefined Project: /dev/null/inferredProject1* watcher already invoked: false
[23:09:55.780] Elapsed:: 0.1149900034070015ms DirectoryWatcher:: Added:: WatchInfo: /home/aryan/Code/TechOptimum/Tech-Optimum-Website/src/pages/bower_components 1 undefined Project: /dev/null/inferredProject1* watcher already invoked: false
[23:09:55.780] DirectoryWatcher:: Added:: WatchInfo: /home/aryan/Code/TechOptimum/Tech-Optimum-Website/src/pages/node_modules
[23:09:55.780] DirectoryWatcher:: Added:: WatchInfo: /home/aryan/Code/TechOptimum/Tech-Optimum-Website/src/pages/node_modules 1 undefined Project: /dev/null/inferredProject1* watcher already invoked: false
[23:09:55.780] Elapsed:: 0.08579999953508377ms DirectoryWatcher:: Added:: WatchInfo: /home/aryan/Code/TechOptimum/Tech-Optimum-Website/src/pages/node_modules 1 undefined Project: /dev/null/inferredProject1* watcher already invoked: false
[23:09:55.781] Sending response:
    {"projectName":"/dev/null/inferredProject1*","typeAcquisition":{"enable":true,"include":[],"exclude":[]},"compilerOptions":{"module":1,"target":3,"jsx":1,"allowJs":true,"allowSyntheticDefaultImports":true,"allowNonTsExtensions":true,"noEmitForJsFiles":true,"maxNodeModuleJsDepth":2},"typings":["/home/aryan/.cache/typescript/4.6/node_modules/@types/react/index.d.ts"],"unresolvedImports":[],"kind":"action::set"}
[23:09:55.781] Response has been sent.
[23:09:55.781] No new typings were requested as a result of typings discovery
