[17:29:04.524] Global cache location '/home/aryan/.cache/typescript/4.6', safe file path '/usr/lib/node_modules/typescript/lib/typingSafeList.json', types map path /usr/lib/node_modules/typescript/lib/typesMap.json
[17:29:04.526] Processing cache location '/home/aryan/.cache/typescript/4.6'
[17:29:04.526] Trying to find '/home/aryan/.cache/typescript/4.6/package.json'...
[17:29:04.527] Loaded content of '/home/aryan/.cache/typescript/4.6/package.json': {"private":true,"dependencies":{"types-registry":"^0.1.604"},"devDependencies":{"@types/aos":"^3.0.4","@types/co":"^4.6.3","@types/eslint":"^8.4.5","@types/lodash.debounce":"^4.0.7","@types/lodash.throttle":"^4.1.7","@types/node":"^18.6.3","@types/react":"^18.0.15","@types/react-dom":"^18.0.6","@types/styled-components":"^5.1.25","@types/webpack":"^5.28.0"}}
[17:29:04.527] Loaded content of '/home/aryan/.cache/typescript/4.6/package-lock.json'
[17:29:04.535] Adding entry into typings cache: 'aos' => '/home/aryan/.cache/typescript/4.6/node_modules/@types/aos/index.d.ts'
[17:29:04.536] Adding entry into typings cache: 'co' => '/home/aryan/.cache/typescript/4.6/node_modules/@types/co/index.d.ts'
[17:29:04.537] Adding entry into typings cache: 'eslint' => '/home/aryan/.cache/typescript/4.6/node_modules/@types/eslint/index.d.ts'
[17:29:04.538] Adding entry into typings cache: 'lodash.debounce' => '/home/aryan/.cache/typescript/4.6/node_modules/@types/lodash.debounce/index.d.ts'
[17:29:04.538] Adding entry into typings cache: 'lodash.throttle' => '/home/aryan/.cache/typescript/4.6/node_modules/@types/lodash.throttle/index.d.ts'
[17:29:04.541] Adding entry into typings cache: 'node' => '/home/aryan/.cache/typescript/4.6/node_modules/@types/node/index.d.ts'
[17:29:04.543] Adding entry into typings cache: 'react' => '/home/aryan/.cache/typescript/4.6/node_modules/@types/react/index.d.ts'
[17:29:04.544] Adding entry into typings cache: 'react-dom' => '/home/aryan/.cache/typescript/4.6/node_modules/@types/react-dom/index.d.ts'
[17:29:04.545] Adding entry into typings cache: 'styled-components' => '/home/aryan/.cache/typescript/4.6/node_modules/@types/styled-components/index.d.ts'
[17:29:04.548] Adding entry into typings cache: 'webpack' => '/home/aryan/.cache/typescript/4.6/node_modules/webpack/types.d.ts'
[17:29:04.548] Finished processing cache location '/home/aryan/.cache/typescript/4.6'
[17:29:04.548] Process id: 10460
[17:29:04.548] NPM location: /usr/bin/npm (explicit '--npmLocation' not  provided)
[17:29:04.548] validateDefaultNpmLocation: false
[17:29:04.548] Npm config file: /home/aryan/.cache/typescript/4.6/package.json
[17:29:04.548] Updating types-registry npm package...
[17:29:04.548] Exec: /usr/bin/npm install --ignore-scripts types-registry@latest
[17:29:05.296]     Succeeded. stdout:
    
    up to date, audited 95 packages in 551ms

9 packages are looking for funding
  run `npm fund` for details

found 0 vulnerabilities

[17:29:05.296] Updated types-registry npm package
[17:29:05.909] Got install request {"projectName":"/dev/null/inferredProject1*","fileNames":["/usr/lib/node_modules/typescript/lib/lib.es5.d.ts","/usr/lib/node_modules/typescript/lib/lib.es2015.d.ts","/usr/lib/node_modules/typescript/lib/lib.es2016.d.ts","/usr/lib/node_modules/typescript/lib/lib.dom.d.ts","/usr/lib/node_modules/typescript/lib/lib.dom.iterable.d.ts","/usr/lib/node_modules/typescript/lib/lib.webworker.importscripts.d.ts","/usr/lib/node_modules/typescript/lib/lib.scripthost.d.ts","/usr/lib/node_modules/typescript/lib/lib.es2015.core.d.ts","/usr/lib/node_modules/typescript/lib/lib.es2015.collection.d.ts","/usr/lib/node_modules/typescript/lib/lib.es2015.generator.d.ts","/usr/lib/node_modules/typescript/lib/lib.es2015.iterable.d.ts","/usr/lib/node_modules/typescript/lib/lib.es2015.promise.d.ts","/usr/lib/node_modules/typescript/lib/lib.es2015.proxy.d.ts","/usr/lib/node_modules/typescript/lib/lib.es2015.reflect.d.ts","/usr/lib/node_modules/typescript/lib/lib.es2015.symbol.d.ts","/usr/lib/node_modules/typescript/lib/lib.es2015.symbol.wellknown.d.ts","/usr/lib/node_modules/typescript/lib/lib.es2016.array.include.d.ts","/usr/lib/node_modules/typescript/lib/lib.es2016.full.d.ts","/home/aryan/Code/TechOptimum/Tech-Optimum-Website/src/components/audio-player.jsx","/home/aryan/Code/TechOptimum/Tech-Optimum-Website/src/components/podcast-player.jsx"],"compilerOptions":{"module":1,"target":3,"jsx":1,"allowJs":true,"allowSyntheticDefaultImports":true,"allowNonTsExtensions":true,"noEmitForJsFiles":true,"maxNodeModuleJsDepth":2},"typeAcquisition":{"enable":true,"include":[],"exclude":[]},"unresolvedImports":[],"projectRootPath":"/home/aryan/Code/TechOptimum/Tech-Optimum-Website/src/components","kind":"discover"}
[17:29:05.915] Loaded safelist from types map file '/usr/lib/node_modules/typescript/lib/typesMap.json'
[17:29:05.916] Explicitly included types: []
[17:29:05.916] Inferred 'react' typings due to presence of '.jsx' extension
[17:29:05.916] Inferred typings from unresolved imports: []
[17:29:05.916] Result: {"cachedTypingPaths":["/home/aryan/.cache/typescript/4.6/node_modules/@types/react/index.d.ts"],"newTypingNames":[],"filesToWatch":["/home/aryan/Code/TechOptimum/Tech-Optimum-Website/src/components/bower_components","/home/aryan/Code/TechOptimum/Tech-Optimum-Website/src/components/node_modules"]}
[17:29:05.916] Finished typings discovery: {"cachedTypingPaths":["/home/aryan/.cache/typescript/4.6/node_modules/@types/react/index.d.ts"],"newTypingNames":[],"filesToWatch":["/home/aryan/Code/TechOptimum/Tech-Optimum-Website/src/components/bower_components","/home/aryan/Code/TechOptimum/Tech-Optimum-Website/src/components/node_modules"]}
[17:29:05.917] DirectoryWatcher:: Added:: WatchInfo: /home/aryan/Code/TechOptimum/Tech-Optimum-Website/src/components/bower_components
[17:29:05.917] DirectoryWatcher:: Added:: WatchInfo: /home/aryan/Code/TechOptimum/Tech-Optimum-Website/src/components/bower_components 1 undefined Project: /dev/null/inferredProject1* watcher already invoked: false
[17:29:05.918] Elapsed:: 0.97210399992764ms DirectoryWatcher:: Added:: WatchInfo: /home/aryan/Code/TechOptimum/Tech-Optimum-Website/src/components/bower_components 1 undefined Project: /dev/null/inferredProject1* watcher already invoked: false
[17:29:05.918] DirectoryWatcher:: Added:: WatchInfo: /home/aryan/Code/TechOptimum/Tech-Optimum-Website/src/components/node_modules
[17:29:05.918] DirectoryWatcher:: Added:: WatchInfo: /home/aryan/Code/TechOptimum/Tech-Optimum-Website/src/components/node_modules 1 undefined Project: /dev/null/inferredProject1* watcher already invoked: false
[17:29:05.918] Elapsed:: 0.07567599974572659ms DirectoryWatcher:: Added:: WatchInfo: /home/aryan/Code/TechOptimum/Tech-Optimum-Website/src/components/node_modules 1 undefined Project: /dev/null/inferredProject1* watcher already invoked: false
[17:29:05.918] Sending response:
    {"projectName":"/dev/null/inferredProject1*","typeAcquisition":{"enable":true,"include":[],"exclude":[]},"compilerOptions":{"module":1,"target":3,"jsx":1,"allowJs":true,"allowSyntheticDefaultImports":true,"allowNonTsExtensions":true,"noEmitForJsFiles":true,"maxNodeModuleJsDepth":2},"typings":["/home/aryan/.cache/typescript/4.6/node_modules/@types/react/index.d.ts"],"unresolvedImports":[],"kind":"action::set"}
[17:29:05.919] Response has been sent.
[17:29:05.919] No new typings were requested as a result of typings discovery
[17:29:23.553] Got install request {"projectName":"/dev/null/inferredProject1*","fileNames":["/usr/lib/node_modules/typescript/lib/lib.es5.d.ts","/usr/lib/node_modules/typescript/lib/lib.es2015.d.ts","/usr/lib/node_modules/typescript/lib/lib.es2016.d.ts","/usr/lib/node_modules/typescript/lib/lib.dom.d.ts","/usr/lib/node_modules/typescript/lib/lib.dom.iterable.d.ts","/usr/lib/node_modules/typescript/lib/lib.webworker.importscripts.d.ts","/usr/lib/node_modules/typescript/lib/lib.scripthost.d.ts","/usr/lib/node_modules/typescript/lib/lib.es2015.core.d.ts","/usr/lib/node_modules/typescript/lib/lib.es2015.collection.d.ts","/usr/lib/node_modules/typescript/lib/lib.es2015.generator.d.ts","/usr/lib/node_modules/typescript/lib/lib.es2015.iterable.d.ts","/usr/lib/node_modules/typescript/lib/lib.es2015.promise.d.ts","/usr/lib/node_modules/typescript/lib/lib.es2015.proxy.d.ts","/usr/lib/node_modules/typescript/lib/lib.es2015.reflect.d.ts","/usr/lib/node_modules/typescript/lib/lib.es2015.symbol.d.ts","/usr/lib/node_modules/typescript/lib/lib.es2015.symbol.wellknown.d.ts","/usr/lib/node_modules/typescript/lib/lib.es2016.array.include.d.ts","/usr/lib/node_modules/typescript/lib/lib.es2016.full.d.ts","/home/aryan/.cache/typescript/4.6/node_modules/@types/react/global.d.ts","/home/aryan/.cache/typescript/4.6/node_modules/@types/react/index.d.ts"],"compilerOptions":{"module":1,"target":3,"jsx":1,"allowJs":true,"allowSyntheticDefaultImports":true,"allowNonTsExtensions":true,"noEmitForJsFiles":true},"typeAcquisition":{"enable":true,"include":[],"exclude":[]},"unresolvedImports":[],"projectRootPath":"/home/aryan/Code/TechOptimum/Tech-Optimum-Website/src/components","kind":"discover"}
[17:29:23.553] Explicitly included types: []
[17:29:23.553] Inferred typings from unresolved imports: []
[17:29:23.553] Result: {"cachedTypingPaths":[],"newTypingNames":[],"filesToWatch":["/home/aryan/Code/TechOptimum/Tech-Optimum-Website/src/components/bower_components","/home/aryan/Code/TechOptimum/Tech-Optimum-Website/src/components/node_modules"]}
[17:29:23.553] Finished typings discovery: {"cachedTypingPaths":[],"newTypingNames":[],"filesToWatch":["/home/aryan/Code/TechOptimum/Tech-Optimum-Website/src/components/bower_components","/home/aryan/Code/TechOptimum/Tech-Optimum-Website/src/components/node_modules"]}
[17:29:23.553] Sending response:
    {"projectName":"/dev/null/inferredProject1*","typeAcquisition":{"enable":true,"include":[],"exclude":[]},"compilerOptions":{"module":1,"target":3,"jsx":1,"allowJs":true,"allowSyntheticDefaultImports":true,"allowNonTsExtensions":true,"noEmitForJsFiles":true},"typings":[],"unresolvedImports":[],"kind":"action::set"}
[17:29:23.553] Response has been sent.
[17:29:23.553] No new typings were requested as a result of typings discovery
[17:29:23.666] Got install request {"projectName":"/dev/null/inferredProject1*","fileNames":["/usr/lib/node_modules/typescript/lib/lib.es5.d.ts","/usr/lib/node_modules/typescript/lib/lib.es2015.d.ts","/usr/lib/node_modules/typescript/lib/lib.es2016.d.ts","/usr/lib/node_modules/typescript/lib/lib.dom.d.ts","/usr/lib/node_modules/typescript/lib/lib.dom.iterable.d.ts","/usr/lib/node_modules/typescript/lib/lib.webworker.importscripts.d.ts","/usr/lib/node_modules/typescript/lib/lib.scripthost.d.ts","/usr/lib/node_modules/typescript/lib/lib.es2015.core.d.ts","/usr/lib/node_modules/typescript/lib/lib.es2015.collection.d.ts","/usr/lib/node_modules/typescript/lib/lib.es2015.generator.d.ts","/usr/lib/node_modules/typescript/lib/lib.es2015.iterable.d.ts","/usr/lib/node_modules/typescript/lib/lib.es2015.promise.d.ts","/usr/lib/node_modules/typescript/lib/lib.es2015.proxy.d.ts","/usr/lib/node_modules/typescript/lib/lib.es2015.reflect.d.ts","/usr/lib/node_modules/typescript/lib/lib.es2015.symbol.d.ts","/usr/lib/node_modules/typescript/lib/lib.es2015.symbol.wellknown.d.ts","/usr/lib/node_modules/typescript/lib/lib.es2016.array.include.d.ts","/usr/lib/node_modules/typescript/lib/lib.es2016.full.d.ts","/home/aryan/.cache/typescript/4.6/node_modules/@types/react/global.d.ts","/home/aryan/.cache/typescript/4.6/node_modules/@types/react/index.d.ts","/home/aryan/Code/TechOptimum/Tech-Optimum-Website/src/components/audio-player.jsx"],"compilerOptions":{"module":1,"target":3,"jsx":1,"allowJs":true,"allowSyntheticDefaultImports":true,"allowNonTsExtensions":true,"noEmitForJsFiles":true,"maxNodeModuleJsDepth":2},"typeAcquisition":{"enable":true,"include":[],"exclude":[]},"unresolvedImports":[],"projectRootPath":"/home/aryan/Code/TechOptimum/Tech-Optimum-Website/src/components","kind":"discover"}
[17:29:23.666] Explicitly included types: []
[17:29:23.666] Inferred 'react' typings due to presence of '.jsx' extension
[17:29:23.666] Inferred typings from unresolved imports: []
[17:29:23.666] Result: {"cachedTypingPaths":["/home/aryan/.cache/typescript/4.6/node_modules/@types/react/index.d.ts"],"newTypingNames":[],"filesToWatch":["/home/aryan/Code/TechOptimum/Tech-Optimum-Website/src/components/bower_components","/home/aryan/Code/TechOptimum/Tech-Optimum-Website/src/components/node_modules"]}
[17:29:23.666] Finished typings discovery: {"cachedTypingPaths":["/home/aryan/.cache/typescript/4.6/node_modules/@types/react/index.d.ts"],"newTypingNames":[],"filesToWatch":["/home/aryan/Code/TechOptimum/Tech-Optimum-Website/src/components/bower_components","/home/aryan/Code/TechOptimum/Tech-Optimum-Website/src/components/node_modules"]}
[17:29:23.666] Sending response:
    {"projectName":"/dev/null/inferredProject1*","typeAcquisition":{"enable":true,"include":[],"exclude":[]},"compilerOptions":{"module":1,"target":3,"jsx":1,"allowJs":true,"allowSyntheticDefaultImports":true,"allowNonTsExtensions":true,"noEmitForJsFiles":true,"maxNodeModuleJsDepth":2},"typings":["/home/aryan/.cache/typescript/4.6/node_modules/@types/react/index.d.ts"],"unresolvedImports":[],"kind":"action::set"}
[17:29:23.666] Response has been sent.
[17:29:23.666] No new typings were requested as a result of typings discovery
[17:29:23.672] Got install request {"projectName":"/dev/null/inferredProject1*","fileNames":["/usr/lib/node_modules/typescript/lib/lib.es5.d.ts","/usr/lib/node_modules/typescript/lib/lib.es2015.d.ts","/usr/lib/node_modules/typescript/lib/lib.es2016.d.ts","/usr/lib/node_modules/typescript/lib/lib.dom.d.ts","/usr/lib/node_modules/typescript/lib/lib.dom.iterable.d.ts","/usr/lib/node_modules/typescript/lib/lib.webworker.importscripts.d.ts","/usr/lib/node_modules/typescript/lib/lib.scripthost.d.ts","/usr/lib/node_modules/typescript/lib/lib.es2015.core.d.ts","/usr/lib/node_modules/typescript/lib/lib.es2015.collection.d.ts","/usr/lib/node_modules/typescript/lib/lib.es2015.generator.d.ts","/usr/lib/node_modules/typescript/lib/lib.es2015.iterable.d.ts","/usr/lib/node_modules/typescript/lib/lib.es2015.promise.d.ts","/usr/lib/node_modules/typescript/lib/lib.es2015.proxy.d.ts","/usr/lib/node_modules/typescript/lib/lib.es2015.reflect.d.ts","/usr/lib/node_modules/typescript/lib/lib.es2015.symbol.d.ts","/usr/lib/node_modules/typescript/lib/lib.es2015.symbol.wellknown.d.ts","/usr/lib/node_modules/typescript/lib/lib.es2016.array.include.d.ts","/usr/lib/node_modules/typescript/lib/lib.es2016.full.d.ts","/home/aryan/Code/TechOptimum/Tech-Optimum-Website/src/components/audio-player.jsx"],"compilerOptions":{"module":1,"target":3,"jsx":1,"allowJs":true,"allowSyntheticDefaultImports":true,"allowNonTsExtensions":true,"noEmitForJsFiles":true,"maxNodeModuleJsDepth":2},"typeAcquisition":{"enable":true,"include":[],"exclude":[]},"unresolvedImports":[],"projectRootPath":"/home/aryan/Code/TechOptimum/Tech-Optimum-Website/src/components","kind":"discover"}
[17:29:23.673] Explicitly included types: []
[17:29:23.673] Inferred 'react' typings due to presence of '.jsx' extension
[17:29:23.673] Inferred typings from unresolved imports: []
[17:29:23.673] Result: {"cachedTypingPaths":["/home/aryan/.cache/typescript/4.6/node_modules/@types/react/index.d.ts"],"newTypingNames":[],"filesToWatch":["/home/aryan/Code/TechOptimum/Tech-Optimum-Website/src/components/bower_components","/home/aryan/Code/TechOptimum/Tech-Optimum-Website/src/components/node_modules"]}
[17:29:23.673] Finished typings discovery: {"cachedTypingPaths":["/home/aryan/.cache/typescript/4.6/node_modules/@types/react/index.d.ts"],"newTypingNames":[],"filesToWatch":["/home/aryan/Code/TechOptimum/Tech-Optimum-Website/src/components/bower_components","/home/aryan/Code/TechOptimum/Tech-Optimum-Website/src/components/node_modules"]}
[17:29:23.673] Sending response:
    {"projectName":"/dev/null/inferredProject1*","typeAcquisition":{"enable":true,"include":[],"exclude":[]},"compilerOptions":{"module":1,"target":3,"jsx":1,"allowJs":true,"allowSyntheticDefaultImports":true,"allowNonTsExtensions":true,"noEmitForJsFiles":true,"maxNodeModuleJsDepth":2},"typings":["/home/aryan/.cache/typescript/4.6/node_modules/@types/react/index.d.ts"],"unresolvedImports":[],"kind":"action::set"}
[17:29:23.673] Response has been sent.
[17:29:23.673] No new typings were requested as a result of typings discovery
[17:44:40.781] Got install request {"projectName":"/dev/null/inferredProject2*","fileNames":["/usr/lib/node_modules/typescript/lib/lib.es5.d.ts","/usr/lib/node_modules/typescript/lib/lib.es2015.d.ts","/usr/lib/node_modules/typescript/lib/lib.es2016.d.ts","/usr/lib/node_modules/typescript/lib/lib.dom.d.ts","/usr/lib/node_modules/typescript/lib/lib.dom.iterable.d.ts","/usr/lib/node_modules/typescript/lib/lib.webworker.importscripts.d.ts","/usr/lib/node_modules/typescript/lib/lib.scripthost.d.ts","/usr/lib/node_modules/typescript/lib/lib.es2015.core.d.ts","/usr/lib/node_modules/typescript/lib/lib.es2015.collection.d.ts","/usr/lib/node_modules/typescript/lib/lib.es2015.generator.d.ts","/usr/lib/node_modules/typescript/lib/lib.es2015.iterable.d.ts","/usr/lib/node_modules/typescript/lib/lib.es2015.promise.d.ts","/usr/lib/node_modules/typescript/lib/lib.es2015.proxy.d.ts","/usr/lib/node_modules/typescript/lib/lib.es2015.reflect.d.ts","/usr/lib/node_modules/typescript/lib/lib.es2015.symbol.d.ts","/usr/lib/node_modules/typescript/lib/lib.es2015.symbol.wellknown.d.ts","/usr/lib/node_modules/typescript/lib/lib.es2016.array.include.d.ts","/usr/lib/node_modules/typescript/lib/lib.es2016.full.d.ts","/home/aryan/Code/TechOptimum/Tech-Optimum-Website/src/components/footer.jsx","/home/aryan/Code/TechOptimum/Tech-Optimum-Website/src/components/header.jsx","/home/aryan/Code/TechOptimum/Tech-Optimum-Website/src/components/socials.jsx","/home/aryan/Code/TechOptimum/Tech-Optimum-Website/src/components/podcast-landing.jsx","/home/aryan/Code/TechOptimum/Tech-Optimum-Website/src/components/audio-player.jsx","/home/aryan/Code/TechOptimum/Tech-Optimum-Website/src/components/podcast-player.jsx","/home/aryan/Code/TechOptimum/Tech-Optimum-Website/src/pages/podcast.jsx"],"compilerOptions":{"module":1,"target":3,"jsx":1,"allowJs":true,"allowSyntheticDefaultImports":true,"allowNonTsExtensions":true,"noEmitForJsFiles":true,"maxNodeModuleJsDepth":2},"typeAcquisition":{"enable":true,"include":[],"exclude":[]},"unresolvedImports":[],"projectRootPath":"/home/aryan/Code/TechOptimum/Tech-Optimum-Website/src/pages","kind":"discover"}
[17:44:40.781] Explicitly included types: []
[17:44:40.781] Inferred 'react' typings due to presence of '.jsx' extension
[17:44:40.781] Inferred typings from unresolved imports: []
[17:44:40.782] Result: {"cachedTypingPaths":["/home/aryan/.cache/typescript/4.6/node_modules/@types/react/index.d.ts"],"newTypingNames":[],"filesToWatch":["/home/aryan/Code/TechOptimum/Tech-Optimum-Website/src/components/bower_components","/home/aryan/Code/TechOptimum/Tech-Optimum-Website/src/components/node_modules","/home/aryan/Code/TechOptimum/Tech-Optimum-Website/src/pages/bower_components","/home/aryan/Code/TechOptimum/Tech-Optimum-Website/src/pages/node_modules"]}
[17:44:40.782] Finished typings discovery: {"cachedTypingPaths":["/home/aryan/.cache/typescript/4.6/node_modules/@types/react/index.d.ts"],"newTypingNames":[],"filesToWatch":["/home/aryan/Code/TechOptimum/Tech-Optimum-Website/src/components/bower_components","/home/aryan/Code/TechOptimum/Tech-Optimum-Website/src/components/node_modules","/home/aryan/Code/TechOptimum/Tech-Optimum-Website/src/pages/bower_components","/home/aryan/Code/TechOptimum/Tech-Optimum-Website/src/pages/node_modules"]}
[17:44:40.782] DirectoryWatcher:: Added:: WatchInfo: /home/aryan/Code/TechOptimum/Tech-Optimum-Website/src/components/bower_components
[17:44:40.782] DirectoryWatcher:: Added:: WatchInfo: /home/aryan/Code/TechOptimum/Tech-Optimum-Website/src/components/bower_components 1 undefined Project: /dev/null/inferredProject2* watcher already invoked: false
[17:44:40.782] Elapsed:: 0.01595199853181839ms DirectoryWatcher:: Added:: WatchInfo: /home/aryan/Code/TechOptimum/Tech-Optimum-Website/src/components/bower_components 1 undefined Project: /dev/null/inferredProject2* watcher already invoked: false
[17:44:40.782] DirectoryWatcher:: Added:: WatchInfo: /home/aryan/Code/TechOptimum/Tech-Optimum-Website/src/components/node_modules
[17:44:40.782] DirectoryWatcher:: Added:: WatchInfo: /home/aryan/Code/TechOptimum/Tech-Optimum-Website/src/components/node_modules 1 undefined Project: /dev/null/inferredProject2* watcher already invoked: false
[17:44:40.782] Elapsed:: 0.006453000009059906ms DirectoryWatcher:: Added:: WatchInfo: /home/aryan/Code/TechOptimum/Tech-Optimum-Website/src/components/node_modules 1 undefined Project: /dev/null/inferredProject2* watcher already invoked: false
[17:44:40.782] DirectoryWatcher:: Added:: WatchInfo: /home/aryan/Code/TechOptimum/Tech-Optimum-Website/src/pages/bower_components
[17:44:40.782] DirectoryWatcher:: Added:: WatchInfo: /home/aryan/Code/TechOptimum/Tech-Optimum-Website/src/pages/bower_components 1 undefined Project: /dev/null/inferredProject2* watcher already invoked: false
[17:44:40.782] Elapsed:: 0.12670600041747093ms DirectoryWatcher:: Added:: WatchInfo: /home/aryan/Code/TechOptimum/Tech-Optimum-Website/src/pages/bower_components 1 undefined Project: /dev/null/inferredProject2* watcher already invoked: false
[17:44:40.782] DirectoryWatcher:: Added:: WatchInfo: /home/aryan/Code/TechOptimum/Tech-Optimum-Website/src/pages/node_modules
[17:44:40.782] DirectoryWatcher:: Added:: WatchInfo: /home/aryan/Code/TechOptimum/Tech-Optimum-Website/src/pages/node_modules 1 undefined Project: /dev/null/inferredProject2* watcher already invoked: false
[17:44:40.782] Elapsed:: 0.054003000259399414ms DirectoryWatcher:: Added:: WatchInfo: /home/aryan/Code/TechOptimum/Tech-Optimum-Website/src/pages/node_modules 1 undefined Project: /dev/null/inferredProject2* watcher already invoked: false
[17:44:40.782] Sending response:
    {"projectName":"/dev/null/inferredProject2*","typeAcquisition":{"enable":true,"include":[],"exclude":[]},"compilerOptions":{"module":1,"target":3,"jsx":1,"allowJs":true,"allowSyntheticDefaultImports":true,"allowNonTsExtensions":true,"noEmitForJsFiles":true,"maxNodeModuleJsDepth":2},"typings":["/home/aryan/.cache/typescript/4.6/node_modules/@types/react/index.d.ts"],"unresolvedImports":[],"kind":"action::set"}
[17:44:40.782] Response has been sent.
[17:44:40.782] No new typings were requested as a result of typings discovery
[17:44:45.712] Got install request {"projectName":"/dev/null/inferredProject3*","fileNames":["/usr/lib/node_modules/typescript/lib/lib.es5.d.ts","/usr/lib/node_modules/typescript/lib/lib.es2015.d.ts","/usr/lib/node_modules/typescript/lib/lib.es2016.d.ts","/usr/lib/node_modules/typescript/lib/lib.dom.d.ts","/usr/lib/node_modules/typescript/lib/lib.dom.iterable.d.ts","/usr/lib/node_modules/typescript/lib/lib.webworker.importscripts.d.ts","/usr/lib/node_modules/typescript/lib/lib.scripthost.d.ts","/usr/lib/node_modules/typescript/lib/lib.es2015.core.d.ts","/usr/lib/node_modules/typescript/lib/lib.es2015.collection.d.ts","/usr/lib/node_modules/typescript/lib/lib.es2015.generator.d.ts","/usr/lib/node_modules/typescript/lib/lib.es2015.iterable.d.ts","/usr/lib/node_modules/typescript/lib/lib.es2015.promise.d.ts","/usr/lib/node_modules/typescript/lib/lib.es2015.proxy.d.ts","/usr/lib/node_modules/typescript/lib/lib.es2015.reflect.d.ts","/usr/lib/node_modules/typescript/lib/lib.es2015.symbol.d.ts","/usr/lib/node_modules/typescript/lib/lib.es2015.symbol.wellknown.d.ts","/usr/lib/node_modules/typescript/lib/lib.es2016.array.include.d.ts","/usr/lib/node_modules/typescript/lib/lib.es2016.full.d.ts","/home/aryan/Code/TechOptimum/Tech-Optimum-Website/src/components/audio-player.jsx"],"compilerOptions":{"module":1,"target":3,"jsx":1,"allowJs":true,"allowSyntheticDefaultImports":true,"allowNonTsExtensions":true,"noEmitForJsFiles":true,"maxNodeModuleJsDepth":2},"typeAcquisition":{"enable":true,"include":[],"exclude":[]},"unresolvedImports":[],"projectRootPath":"/home/aryan/Code/TechOptimum/Tech-Optimum-Website/src/components","kind":"discover"}
[17:44:45.713] Explicitly included types: []
[17:44:45.713] Inferred 'react' typings due to presence of '.jsx' extension
[17:44:45.713] Inferred typings from unresolved imports: []
[17:44:45.713] Result: {"cachedTypingPaths":["/home/aryan/.cache/typescript/4.6/node_modules/@types/react/index.d.ts"],"newTypingNames":[],"filesToWatch":["/home/aryan/Code/TechOptimum/Tech-Optimum-Website/src/components/bower_components","/home/aryan/Code/TechOptimum/Tech-Optimum-Website/src/components/node_modules"]}
[17:44:45.713] Finished typings discovery: {"cachedTypingPaths":["/home/aryan/.cache/typescript/4.6/node_modules/@types/react/index.d.ts"],"newTypingNames":[],"filesToWatch":["/home/aryan/Code/TechOptimum/Tech-Optimum-Website/src/components/bower_components","/home/aryan/Code/TechOptimum/Tech-Optimum-Website/src/components/node_modules"]}
[17:44:45.713] DirectoryWatcher:: Added:: WatchInfo: /home/aryan/Code/TechOptimum/Tech-Optimum-Website/src/components/bower_components
[17:44:45.713] DirectoryWatcher:: Added:: WatchInfo: /home/aryan/Code/TechOptimum/Tech-Optimum-Website/src/components/bower_components 1 undefined Project: /dev/null/inferredProject3* watcher already invoked: false
[17:44:45.713] Elapsed:: 0.03229600004851818ms DirectoryWatcher:: Added:: WatchInfo: /home/aryan/Code/TechOptimum/Tech-Optimum-Website/src/components/bower_components 1 undefined Project: /dev/null/inferredProject3* watcher already invoked: false
[17:44:45.714] DirectoryWatcher:: Added:: WatchInfo: /home/aryan/Code/TechOptimum/Tech-Optimum-Website/src/components/node_modules
[17:44:45.714] DirectoryWatcher:: Added:: WatchInfo: /home/aryan/Code/TechOptimum/Tech-Optimum-Website/src/components/node_modules 1 undefined Project: /dev/null/inferredProject3* watcher already invoked: false
[17:44:45.714] Elapsed:: 0.21795399859547615ms DirectoryWatcher:: Added:: WatchInfo: /home/aryan/Code/TechOptimum/Tech-Optimum-Website/src/components/node_modules 1 undefined Project: /dev/null/inferredProject3* watcher already invoked: false
[17:44:45.714] Sending response:
    {"projectName":"/dev/null/inferredProject3*","typeAcquisition":{"enable":true,"include":[],"exclude":[]},"compilerOptions":{"module":1,"target":3,"jsx":1,"allowJs":true,"allowSyntheticDefaultImports":true,"allowNonTsExtensions":true,"noEmitForJsFiles":true,"maxNodeModuleJsDepth":2},"typings":["/home/aryan/.cache/typescript/4.6/node_modules/@types/react/index.d.ts"],"unresolvedImports":[],"kind":"action::set"}
[17:44:45.714] Response has been sent.
[17:44:45.714] No new typings were requested as a result of typings discovery
[17:44:48.586] Got install request {"projectName":"/dev/null/inferredProject2*","fileNames":["/usr/lib/node_modules/typescript/lib/lib.es5.d.ts","/usr/lib/node_modules/typescript/lib/lib.es2015.d.ts","/usr/lib/node_modules/typescript/lib/lib.es2016.d.ts","/usr/lib/node_modules/typescript/lib/lib.dom.d.ts","/usr/lib/node_modules/typescript/lib/lib.dom.iterable.d.ts","/usr/lib/node_modules/typescript/lib/lib.webworker.importscripts.d.ts","/usr/lib/node_modules/typescript/lib/lib.scripthost.d.ts","/usr/lib/node_modules/typescript/lib/lib.es2015.core.d.ts","/usr/lib/node_modules/typescript/lib/lib.es2015.collection.d.ts","/usr/lib/node_modules/typescript/lib/lib.es2015.generator.d.ts","/usr/lib/node_modules/typescript/lib/lib.es2015.iterable.d.ts","/usr/lib/node_modules/typescript/lib/lib.es2015.promise.d.ts","/usr/lib/node_modules/typescript/lib/lib.es2015.proxy.d.ts","/usr/lib/node_modules/typescript/lib/lib.es2015.reflect.d.ts","/usr/lib/node_modules/typescript/lib/lib.es2015.symbol.d.ts","/usr/lib/node_modules/typescript/lib/lib.es2015.symbol.wellknown.d.ts","/usr/lib/node_modules/typescript/lib/lib.es2016.array.include.d.ts","/usr/lib/node_modules/typescript/lib/lib.es2016.full.d.ts","/home/aryan/.cache/typescript/4.6/node_modules/@types/react/global.d.ts","/home/aryan/.cache/typescript/4.6/node_modules/@types/react/index.d.ts"],"compilerOptions":{"module":1,"target":3,"jsx":1,"allowJs":true,"allowSyntheticDefaultImports":true,"allowNonTsExtensions":true,"noEmitForJsFiles":true},"typeAcquisition":{"enable":true,"include":[],"exclude":[]},"unresolvedImports":[],"projectRootPath":"/home/aryan/Code/TechOptimum/Tech-Optimum-Website/src/pages","kind":"discover"}
[17:44:48.587] Explicitly included types: []
[17:44:48.587] Inferred typings from unresolved imports: []
[17:44:48.587] Result: {"cachedTypingPaths":[],"newTypingNames":[],"filesToWatch":["/home/aryan/Code/TechOptimum/Tech-Optimum-Website/src/pages/bower_components","/home/aryan/Code/TechOptimum/Tech-Optimum-Website/src/pages/node_modules"]}
[17:44:48.587] Finished typings discovery: {"cachedTypingPaths":[],"newTypingNames":[],"filesToWatch":["/home/aryan/Code/TechOptimum/Tech-Optimum-Website/src/pages/bower_components","/home/aryan/Code/TechOptimum/Tech-Optimum-Website/src/pages/node_modules"]}
[17:44:48.587] DirectoryWatcher:: Closed:: WatchInfo: /home/aryan/Code/TechOptimum/Tech-Optimum-Website/src/components/bower_components
[17:44:48.587] DirectoryWatcher:: Close:: WatchInfo: /home/aryan/Code/TechOptimum/Tech-Optimum-Website/src/components/bower_components 1 undefined Project: /dev/null/inferredProject2* watcher already invoked: false
[17:44:48.588] Elapsed:: 0.340896999463439ms DirectoryWatcher:: Close:: WatchInfo: /home/aryan/Code/TechOptimum/Tech-Optimum-Website/src/components/bower_components 1 undefined Project: /dev/null/inferredProject2* watcher already invoked: false
[17:44:48.588] DirectoryWatcher:: Closed:: WatchInfo: /home/aryan/Code/TechOptimum/Tech-Optimum-Website/src/components/node_modules
[17:44:48.588] DirectoryWatcher:: Close:: WatchInfo: /home/aryan/Code/TechOptimum/Tech-Optimum-Website/src/components/node_modules 1 undefined Project: /dev/null/inferredProject2* watcher already invoked: false
[17:44:48.588] Elapsed:: 0.013024000450968742ms DirectoryWatcher:: Close:: WatchInfo: /home/aryan/Code/TechOptimum/Tech-Optimum-Website/src/components/node_modules 1 undefined Project: /dev/null/inferredProject2* watcher already invoked: false
[17:44:48.588] Sending response:
    {"projectName":"/dev/null/inferredProject2*","typeAcquisition":{"enable":true,"include":[],"exclude":[]},"compilerOptions":{"module":1,"target":3,"jsx":1,"allowJs":true,"allowSyntheticDefaultImports":true,"allowNonTsExtensions":true,"noEmitForJsFiles":true},"typings":[],"unresolvedImports":[],"kind":"action::set"}
[17:44:48.588] Response has been sent.
[17:44:48.588] No new typings were requested as a result of typings discovery
[17:44:48.992] Got install request {"projectName":"/dev/null/inferredProject2*","fileNames":[],"compilerOptions":{"module":1,"target":3,"jsx":1,"allowJs":true,"allowSyntheticDefaultImports":true,"allowNonTsExtensions":true,"noEmitForJsFiles":true},"typeAcquisition":{"enable":true,"include":[],"exclude":[]},"unresolvedImports":[],"projectRootPath":"/home/aryan/Code/TechOptimum/Tech-Optimum-Website/src/pages","kind":"discover"}
[17:44:48.992] Explicitly included types: []
[17:44:48.992] Inferred typings from unresolved imports: []
[17:44:48.992] Result: {"cachedTypingPaths":[],"newTypingNames":[],"filesToWatch":["/home/aryan/Code/TechOptimum/Tech-Optimum-Website/src/pages/bower_components","/home/aryan/Code/TechOptimum/Tech-Optimum-Website/src/pages/node_modules"]}
[17:44:48.992] Finished typings discovery: {"cachedTypingPaths":[],"newTypingNames":[],"filesToWatch":["/home/aryan/Code/TechOptimum/Tech-Optimum-Website/src/pages/bower_components","/home/aryan/Code/TechOptimum/Tech-Optimum-Website/src/pages/node_modules"]}
[17:44:48.993] Sending response:
    {"projectName":"/dev/null/inferredProject2*","typeAcquisition":{"enable":true,"include":[],"exclude":[]},"compilerOptions":{"module":1,"target":3,"jsx":1,"allowJs":true,"allowSyntheticDefaultImports":true,"allowNonTsExtensions":true,"noEmitForJsFiles":true},"typings":[],"unresolvedImports":[],"kind":"action::set"}
[17:44:48.993] Response has been sent.
[17:44:48.993] No new typings were requested as a result of typings discovery
[17:44:52.834] Got install request {"projectName":"/dev/null/inferredProject4*","fileNames":["/usr/lib/node_modules/typescript/lib/lib.es5.d.ts","/usr/lib/node_modules/typescript/lib/lib.es2015.d.ts","/usr/lib/node_modules/typescript/lib/lib.es2016.d.ts","/usr/lib/node_modules/typescript/lib/lib.dom.d.ts","/usr/lib/node_modules/typescript/lib/lib.dom.iterable.d.ts","/usr/lib/node_modules/typescript/lib/lib.webworker.importscripts.d.ts","/usr/lib/node_modules/typescript/lib/lib.scripthost.d.ts","/usr/lib/node_modules/typescript/lib/lib.es2015.core.d.ts","/usr/lib/node_modules/typescript/lib/lib.es2015.collection.d.ts","/usr/lib/node_modules/typescript/lib/lib.es2015.generator.d.ts","/usr/lib/node_modules/typescript/lib/lib.es2015.iterable.d.ts","/usr/lib/node_modules/typescript/lib/lib.es2015.promise.d.ts","/usr/lib/node_modules/typescript/lib/lib.es2015.proxy.d.ts","/usr/lib/node_modules/typescript/lib/lib.es2015.reflect.d.ts","/usr/lib/node_modules/typescript/lib/lib.es2015.symbol.d.ts","/usr/lib/node_modules/typescript/lib/lib.es2015.symbol.wellknown.d.ts","/usr/lib/node_modules/typescript/lib/lib.es2016.array.include.d.ts","/usr/lib/node_modules/typescript/lib/lib.es2016.full.d.ts","/home/aryan/Code/TechOptimum/Tech-Optimum-Website/src/components/audio-player.jsx","/home/aryan/Code/TechOptimum/Tech-Optimum-Website/src/components/podcast-player.jsx"],"compilerOptions":{"module":1,"target":3,"jsx":1,"allowJs":true,"allowSyntheticDefaultImports":true,"allowNonTsExtensions":true,"noEmitForJsFiles":true,"maxNodeModuleJsDepth":2},"typeAcquisition":{"enable":true,"include":[],"exclude":[]},"unresolvedImports":[],"projectRootPath":"/home/aryan/Code/TechOptimum/Tech-Optimum-Website/src/components","kind":"discover"}
[17:44:52.834] Explicitly included types: []
[17:44:52.834] Inferred 'react' typings due to presence of '.jsx' extension
[17:44:52.834] Inferred typings from unresolved imports: []
[17:44:52.834] Result: {"cachedTypingPaths":["/home/aryan/.cache/typescript/4.6/node_modules/@types/react/index.d.ts"],"newTypingNames":[],"filesToWatch":["/home/aryan/Code/TechOptimum/Tech-Optimum-Website/src/components/bower_components","/home/aryan/Code/TechOptimum/Tech-Optimum-Website/src/components/node_modules"]}
[17:44:52.834] Finished typings discovery: {"cachedTypingPaths":["/home/aryan/.cache/typescript/4.6/node_modules/@types/react/index.d.ts"],"newTypingNames":[],"filesToWatch":["/home/aryan/Code/TechOptimum/Tech-Optimum-Website/src/components/bower_components","/home/aryan/Code/TechOptimum/Tech-Optimum-Website/src/components/node_modules"]}
[17:44:52.834] DirectoryWatcher:: Added:: WatchInfo: /home/aryan/Code/TechOptimum/Tech-Optimum-Website/src/components/bower_components
[17:44:52.834] DirectoryWatcher:: Added:: WatchInfo: /home/aryan/Code/TechOptimum/Tech-Optimum-Website/src/components/bower_components 1 undefined Project: /dev/null/inferredProject4* watcher already invoked: false
[17:44:52.834] Elapsed:: 0.023099999874830246ms DirectoryWatcher:: Added:: WatchInfo: /home/aryan/Code/TechOptimum/Tech-Optimum-Website/src/components/bower_components 1 undefined Project: /dev/null/inferredProject4* watcher already invoked: false
[17:44:52.834] DirectoryWatcher:: Added:: WatchInfo: /home/aryan/Code/TechOptimum/Tech-Optimum-Website/src/components/node_modules
[17:44:52.834] DirectoryWatcher:: Added:: WatchInfo: /home/aryan/Code/TechOptimum/Tech-Optimum-Website/src/components/node_modules 1 undefined Project: /dev/null/inferredProject4* watcher already invoked: false
[17:44:52.834] Elapsed:: 0.02858700044453144ms DirectoryWatcher:: Added:: WatchInfo: /home/aryan/Code/TechOptimum/Tech-Optimum-Website/src/components/node_modules 1 undefined Project: /dev/null/inferredProject4* watcher already invoked: false
[17:44:52.835] Sending response:
    {"projectName":"/dev/null/inferredProject4*","typeAcquisition":{"enable":true,"include":[],"exclude":[]},"compilerOptions":{"module":1,"target":3,"jsx":1,"allowJs":true,"allowSyntheticDefaultImports":true,"allowNonTsExtensions":true,"noEmitForJsFiles":true,"maxNodeModuleJsDepth":2},"typings":["/home/aryan/.cache/typescript/4.6/node_modules/@types/react/index.d.ts"],"unresolvedImports":[],"kind":"action::set"}
[17:44:52.835] Response has been sent.
[17:44:52.835] No new typings were requested as a result of typings discovery
[17:45:07.793] Got install request {"projectName":"/dev/null/inferredProject4*","fileNames":["/usr/lib/node_modules/typescript/lib/lib.es5.d.ts","/usr/lib/node_modules/typescript/lib/lib.es2015.d.ts","/usr/lib/node_modules/typescript/lib/lib.es2016.d.ts","/usr/lib/node_modules/typescript/lib/lib.dom.d.ts","/usr/lib/node_modules/typescript/lib/lib.dom.iterable.d.ts","/usr/lib/node_modules/typescript/lib/lib.webworker.importscripts.d.ts","/usr/lib/node_modules/typescript/lib/lib.scripthost.d.ts","/usr/lib/node_modules/typescript/lib/lib.es2015.core.d.ts","/usr/lib/node_modules/typescript/lib/lib.es2015.collection.d.ts","/usr/lib/node_modules/typescript/lib/lib.es2015.generator.d.ts","/usr/lib/node_modules/typescript/lib/lib.es2015.iterable.d.ts","/usr/lib/node_modules/typescript/lib/lib.es2015.promise.d.ts","/usr/lib/node_modules/typescript/lib/lib.es2015.proxy.d.ts","/usr/lib/node_modules/typescript/lib/lib.es2015.reflect.d.ts","/usr/lib/node_modules/typescript/lib/lib.es2015.symbol.d.ts","/usr/lib/node_modules/typescript/lib/lib.es2015.symbol.wellknown.d.ts","/usr/lib/node_modules/typescript/lib/lib.es2016.array.include.d.ts","/usr/lib/node_modules/typescript/lib/lib.es2016.full.d.ts","/home/aryan/.cache/typescript/4.6/node_modules/@types/react/index.d.ts","/home/aryan/Code/TechOptimum/Tech-Optimum-Website/src/components/audio-player.jsx","/home/aryan/Code/TechOptimum/Tech-Optimum-Website/src/components/podcast-player.jsx","/home/aryan/.cache/typescript/4.6/node_modules/@types/react/global.d.ts"],"compilerOptions":{"module":1,"target":3,"jsx":1,"allowJs":true,"allowSyntheticDefaultImports":true,"allowNonTsExtensions":true,"noEmitForJsFiles":true,"maxNodeModuleJsDepth":2},"typeAcquisition":{"enable":true,"include":[],"exclude":[]},"unresolvedImports":[],"projectRootPath":"/home/aryan/Code/TechOptimum/Tech-Optimum-Website/src/components","kind":"discover"}
[17:45:07.794] Explicitly included types: []
[17:45:07.794] Inferred 'react' typings due to presence of '.jsx' extension
[17:45:07.794] Inferred typings from unresolved imports: []
[17:45:07.794] Result: {"cachedTypingPaths":["/home/aryan/.cache/typescript/4.6/node_modules/@types/react/index.d.ts"],"newTypingNames":[],"filesToWatch":["/home/aryan/Code/TechOptimum/Tech-Optimum-Website/src/components/bower_components","/home/aryan/Code/TechOptimum/Tech-Optimum-Website/src/components/node_modules"]}
[17:45:07.794] Finished typings discovery: {"cachedTypingPaths":["/home/aryan/.cache/typescript/4.6/node_modules/@types/react/index.d.ts"],"newTypingNames":[],"filesToWatch":["/home/aryan/Code/TechOptimum/Tech-Optimum-Website/src/components/bower_components","/home/aryan/Code/TechOptimum/Tech-Optimum-Website/src/components/node_modules"]}
[17:45:07.794] Sending response:
    {"projectName":"/dev/null/inferredProject4*","typeAcquisition":{"enable":true,"include":[],"exclude":[]},"compilerOptions":{"module":1,"target":3,"jsx":1,"allowJs":true,"allowSyntheticDefaultImports":true,"allowNonTsExtensions":true,"noEmitForJsFiles":true,"maxNodeModuleJsDepth":2},"typings":["/home/aryan/.cache/typescript/4.6/node_modules/@types/react/index.d.ts"],"unresolvedImports":[],"kind":"action::set"}
[17:45:07.794] Response has been sent.
[17:45:07.794] No new typings were requested as a result of typings discovery
[17:45:10.103] Got install request {"projectName":"/dev/null/inferredProject4*","fileNames":["/usr/lib/node_modules/typescript/lib/lib.es5.d.ts","/usr/lib/node_modules/typescript/lib/lib.es2015.d.ts","/usr/lib/node_modules/typescript/lib/lib.es2016.d.ts","/usr/lib/node_modules/typescript/lib/lib.dom.d.ts","/usr/lib/node_modules/typescript/lib/lib.dom.iterable.d.ts","/usr/lib/node_modules/typescript/lib/lib.webworker.importscripts.d.ts","/usr/lib/node_modules/typescript/lib/lib.scripthost.d.ts","/usr/lib/node_modules/typescript/lib/lib.es2015.core.d.ts","/usr/lib/node_modules/typescript/lib/lib.es2015.collection.d.ts","/usr/lib/node_modules/typescript/lib/lib.es2015.generator.d.ts","/usr/lib/node_modules/typescript/lib/lib.es2015.iterable.d.ts","/usr/lib/node_modules/typescript/lib/lib.es2015.promise.d.ts","/usr/lib/node_modules/typescript/lib/lib.es2015.proxy.d.ts","/usr/lib/node_modules/typescript/lib/lib.es2015.reflect.d.ts","/usr/lib/node_modules/typescript/lib/lib.es2015.symbol.d.ts","/usr/lib/node_modules/typescript/lib/lib.es2015.symbol.wellknown.d.ts","/usr/lib/node_modules/typescript/lib/lib.es2016.array.include.d.ts","/usr/lib/node_modules/typescript/lib/lib.es2016.full.d.ts","/home/aryan/.cache/typescript/4.6/node_modules/@types/react/global.d.ts","/home/aryan/.cache/typescript/4.6/node_modules/@types/react/index.d.ts","/home/aryan/Code/TechOptimum/Tech-Optimum-Website/src/components/audio-player.jsx","/home/aryan/Code/TechOptimum/Tech-Optimum-Website/src/components/podcast-player.jsx"],"compilerOptions":{"module":1,"target":3,"jsx":1,"allowJs":true,"allowSyntheticDefaultImports":true,"allowNonTsExtensions":true,"noEmitForJsFiles":true,"maxNodeModuleJsDepth":2},"typeAcquisition":{"enable":true,"include":[],"exclude":[]},"unresolvedImports":[],"projectRootPath":"/home/aryan/Code/TechOptimum/Tech-Optimum-Website/src/components","kind":"discover"}
[17:45:10.103] Explicitly included types: []
[17:45:10.103] Inferred 'react' typings due to presence of '.jsx' extension
[17:45:10.103] Inferred typings from unresolved imports: []
[17:45:10.103] Result: {"cachedTypingPaths":["/home/aryan/.cache/typescript/4.6/node_modules/@types/react/index.d.ts"],"newTypingNames":[],"filesToWatch":["/home/aryan/Code/TechOptimum/Tech-Optimum-Website/src/components/bower_components","/home/aryan/Code/TechOptimum/Tech-Optimum-Website/src/components/node_modules"]}
[17:45:10.103] Finished typings discovery: {"cachedTypingPaths":["/home/aryan/.cache/typescript/4.6/node_modules/@types/react/index.d.ts"],"newTypingNames":[],"filesToWatch":["/home/aryan/Code/TechOptimum/Tech-Optimum-Website/src/components/bower_components","/home/aryan/Code/TechOptimum/Tech-Optimum-Website/src/components/node_modules"]}
[17:45:10.103] Sending response:
    {"projectName":"/dev/null/inferredProject4*","typeAcquisition":{"enable":true,"include":[],"exclude":[]},"compilerOptions":{"module":1,"target":3,"jsx":1,"allowJs":true,"allowSyntheticDefaultImports":true,"allowNonTsExtensions":true,"noEmitForJsFiles":true,"maxNodeModuleJsDepth":2},"typings":["/home/aryan/.cache/typescript/4.6/node_modules/@types/react/index.d.ts"],"unresolvedImports":[],"kind":"action::set"}
[17:45:10.103] Response has been sent.
[17:45:10.103] No new typings were requested as a result of typings discovery
[17:45:12.808] Got install request {"projectName":"/dev/null/inferredProject4*","fileNames":["/usr/lib/node_modules/typescript/lib/lib.es5.d.ts","/usr/lib/node_modules/typescript/lib/lib.es2015.d.ts","/usr/lib/node_modules/typescript/lib/lib.es2016.d.ts","/usr/lib/node_modules/typescript/lib/lib.dom.d.ts","/usr/lib/node_modules/typescript/lib/lib.dom.iterable.d.ts","/usr/lib/node_modules/typescript/lib/lib.webworker.importscripts.d.ts","/usr/lib/node_modules/typescript/lib/lib.scripthost.d.ts","/usr/lib/node_modules/typescript/lib/lib.es2015.core.d.ts","/usr/lib/node_modules/typescript/lib/lib.es2015.collection.d.ts","/usr/lib/node_modules/typescript/lib/lib.es2015.generator.d.ts","/usr/lib/node_modules/typescript/lib/lib.es2015.iterable.d.ts","/usr/lib/node_modules/typescript/lib/lib.es2015.promise.d.ts","/usr/lib/node_modules/typescript/lib/lib.es2015.proxy.d.ts","/usr/lib/node_modules/typescript/lib/lib.es2015.reflect.d.ts","/usr/lib/node_modules/typescript/lib/lib.es2015.symbol.d.ts","/usr/lib/node_modules/typescript/lib/lib.es2015.symbol.wellknown.d.ts","/usr/lib/node_modules/typescript/lib/lib.es2016.array.include.d.ts","/usr/lib/node_modules/typescript/lib/lib.es2016.full.d.ts","/home/aryan/.cache/typescript/4.6/node_modules/@types/react/global.d.ts","/home/aryan/.cache/typescript/4.6/node_modules/@types/react/index.d.ts","/home/aryan/Code/TechOptimum/Tech-Optimum-Website/src/components/audio-player.jsx","/home/aryan/Code/TechOptimum/Tech-Optimum-Website/src/components/podcast-player.jsx"],"compilerOptions":{"module":1,"target":3,"jsx":1,"allowJs":true,"allowSyntheticDefaultImports":true,"allowNonTsExtensions":true,"noEmitForJsFiles":true,"maxNodeModuleJsDepth":2},"typeAcquisition":{"enable":true,"include":[],"exclude":[]},"unresolvedImports":["#"],"projectRootPath":"/home/aryan/Code/TechOptimum/Tech-Optimum-Website/src/components","kind":"discover"}
[17:45:12.809] Explicitly included types: []
[17:45:12.809] Inferred 'react' typings due to presence of '.jsx' extension
[17:45:12.809] Inferred typings from unresolved imports: ["#"]
[17:45:12.809] Result: {"cachedTypingPaths":["/home/aryan/.cache/typescript/4.6/node_modules/@types/react/index.d.ts"],"newTypingNames":["#"],"filesToWatch":["/home/aryan/Code/TechOptimum/Tech-Optimum-Website/src/components/bower_components","/home/aryan/Code/TechOptimum/Tech-Optimum-Website/src/components/node_modules"]}
[17:45:12.809] Finished typings discovery: {"cachedTypingPaths":["/home/aryan/.cache/typescript/4.6/node_modules/@types/react/index.d.ts"],"newTypingNames":["#"],"filesToWatch":["/home/aryan/Code/TechOptimum/Tech-Optimum-Website/src/components/bower_components","/home/aryan/Code/TechOptimum/Tech-Optimum-Website/src/components/node_modules"]}
[17:45:12.810] Installing typings ["#"]
[17:45:12.811] '#':: Package name '#' contains non URI safe characters
[17:45:12.811] All typings are known to be missing or invalid - no need to install more typings
[17:45:12.811] Sending response:
    {"projectName":"/dev/null/inferredProject4*","typeAcquisition":{"enable":true,"include":[],"exclude":[]},"compilerOptions":{"module":1,"target":3,"jsx":1,"allowJs":true,"allowSyntheticDefaultImports":true,"allowNonTsExtensions":true,"noEmitForJsFiles":true,"maxNodeModuleJsDepth":2},"typings":["/home/aryan/.cache/typescript/4.6/node_modules/@types/react/index.d.ts"],"unresolvedImports":["#"],"kind":"action::set"}
[17:45:12.811] Response has been sent.
[17:45:13.853] Got install request {"projectName":"/dev/null/inferredProject4*","fileNames":["/usr/lib/node_modules/typescript/lib/lib.es5.d.ts","/usr/lib/node_modules/typescript/lib/lib.es2015.d.ts","/usr/lib/node_modules/typescript/lib/lib.es2016.d.ts","/usr/lib/node_modules/typescript/lib/lib.dom.d.ts","/usr/lib/node_modules/typescript/lib/lib.dom.iterable.d.ts","/usr/lib/node_modules/typescript/lib/lib.webworker.importscripts.d.ts","/usr/lib/node_modules/typescript/lib/lib.scripthost.d.ts","/usr/lib/node_modules/typescript/lib/lib.es2015.core.d.ts","/usr/lib/node_modules/typescript/lib/lib.es2015.collection.d.ts","/usr/lib/node_modules/typescript/lib/lib.es2015.generator.d.ts","/usr/lib/node_modules/typescript/lib/lib.es2015.iterable.d.ts","/usr/lib/node_modules/typescript/lib/lib.es2015.promise.d.ts","/usr/lib/node_modules/typescript/lib/lib.es2015.proxy.d.ts","/usr/lib/node_modules/typescript/lib/lib.es2015.reflect.d.ts","/usr/lib/node_modules/typescript/lib/lib.es2015.symbol.d.ts","/usr/lib/node_modules/typescript/lib/lib.es2015.symbol.wellknown.d.ts","/usr/lib/node_modules/typescript/lib/lib.es2016.array.include.d.ts","/usr/lib/node_modules/typescript/lib/lib.es2016.full.d.ts","/home/aryan/.cache/typescript/4.6/node_modules/@types/react/global.d.ts","/home/aryan/.cache/typescript/4.6/node_modules/@types/react/index.d.ts","/home/aryan/Code/TechOptimum/Tech-Optimum-Website/src/components/audio-player.jsx","/home/aryan/Code/TechOptimum/Tech-Optimum-Website/src/components/podcast-player.jsx"],"compilerOptions":{"module":1,"target":3,"jsx":1,"allowJs":true,"allowSyntheticDefaultImports":true,"allowNonTsExtensions":true,"noEmitForJsFiles":true,"maxNodeModuleJsDepth":2},"typeAcquisition":{"enable":true,"include":[],"exclude":[]},"unresolvedImports":["@"],"projectRootPath":"/home/aryan/Code/TechOptimum/Tech-Optimum-Website/src/components","kind":"discover"}
[17:45:13.853] Explicitly included types: []
[17:45:13.854] Inferred 'react' typings due to presence of '.jsx' extension
[17:45:13.854] Inferred typings from unresolved imports: ["@"]
[17:45:13.854] Result: {"cachedTypingPaths":["/home/aryan/.cache/typescript/4.6/node_modules/@types/react/index.d.ts"],"newTypingNames":["@"],"filesToWatch":["/home/aryan/Code/TechOptimum/Tech-Optimum-Website/src/components/bower_components","/home/aryan/Code/TechOptimum/Tech-Optimum-Website/src/components/node_modules"]}
[17:45:13.854] Finished typings discovery: {"cachedTypingPaths":["/home/aryan/.cache/typescript/4.6/node_modules/@types/react/index.d.ts"],"newTypingNames":["@"],"filesToWatch":["/home/aryan/Code/TechOptimum/Tech-Optimum-Website/src/components/bower_components","/home/aryan/Code/TechOptimum/Tech-Optimum-Website/src/components/node_modules"]}
[17:45:13.854] Installing typings ["@"]
[17:45:13.854] '@':: Package name '@' contains non URI safe characters
[17:45:13.854] All typings are known to be missing or invalid - no need to install more typings
[17:45:13.854] Sending response:
    {"projectName":"/dev/null/inferredProject4*","typeAcquisition":{"enable":true,"include":[],"exclude":[]},"compilerOptions":{"module":1,"target":3,"jsx":1,"allowJs":true,"allowSyntheticDefaultImports":true,"allowNonTsExtensions":true,"noEmitForJsFiles":true,"maxNodeModuleJsDepth":2},"typings":["/home/aryan/.cache/typescript/4.6/node_modules/@types/react/index.d.ts"],"unresolvedImports":["@"],"kind":"action::set"}
[17:45:13.855] Response has been sent.
[17:45:14.710] Got install request {"projectName":"/dev/null/inferredProject4*","fileNames":["/usr/lib/node_modules/typescript/lib/lib.es5.d.ts","/usr/lib/node_modules/typescript/lib/lib.es2015.d.ts","/usr/lib/node_modules/typescript/lib/lib.es2016.d.ts","/usr/lib/node_modules/typescript/lib/lib.dom.d.ts","/usr/lib/node_modules/typescript/lib/lib.dom.iterable.d.ts","/usr/lib/node_modules/typescript/lib/lib.webworker.importscripts.d.ts","/usr/lib/node_modules/typescript/lib/lib.scripthost.d.ts","/usr/lib/node_modules/typescript/lib/lib.es2015.core.d.ts","/usr/lib/node_modules/typescript/lib/lib.es2015.collection.d.ts","/usr/lib/node_modules/typescript/lib/lib.es2015.generator.d.ts","/usr/lib/node_modules/typescript/lib/lib.es2015.iterable.d.ts","/usr/lib/node_modules/typescript/lib/lib.es2015.promise.d.ts","/usr/lib/node_modules/typescript/lib/lib.es2015.proxy.d.ts","/usr/lib/node_modules/typescript/lib/lib.es2015.reflect.d.ts","/usr/lib/node_modules/typescript/lib/lib.es2015.symbol.d.ts","/usr/lib/node_modules/typescript/lib/lib.es2015.symbol.wellknown.d.ts","/usr/lib/node_modules/typescript/lib/lib.es2016.array.include.d.ts","/usr/lib/node_modules/typescript/lib/lib.es2016.full.d.ts","/home/aryan/.cache/typescript/4.6/node_modules/@types/react/global.d.ts","/home/aryan/.cache/typescript/4.6/node_modules/@types/react/index.d.ts","/home/aryan/Code/TechOptimum/Tech-Optimum-Website/src/components/audio-player.jsx","/home/aryan/Code/TechOptimum/Tech-Optimum-Website/src/components/podcast-player.jsx"],"compilerOptions":{"module":1,"target":3,"jsx":1,"allowJs":true,"allowSyntheticDefaultImports":true,"allowNonTsExtensions":true,"noEmitForJsFiles":true,"maxNodeModuleJsDepth":2},"typeAcquisition":{"enable":true,"include":[],"exclude":[]},"unresolvedImports":["@chr"],"projectRootPath":"/home/aryan/Code/TechOptimum/Tech-Optimum-Website/src/components","kind":"discover"}
[17:45:14.711] Explicitly included types: []
[17:45:14.711] Inferred 'react' typings due to presence of '.jsx' extension
[17:45:14.711] Inferred typings from unresolved imports: ["@chr"]
[17:45:14.711] Result: {"cachedTypingPaths":["/home/aryan/.cache/typescript/4.6/node_modules/@types/react/index.d.ts"],"newTypingNames":["@chr"],"filesToWatch":["/home/aryan/Code/TechOptimum/Tech-Optimum-Website/src/components/bower_components","/home/aryan/Code/TechOptimum/Tech-Optimum-Website/src/components/node_modules"]}
[17:45:14.711] Finished typings discovery: {"cachedTypingPaths":["/home/aryan/.cache/typescript/4.6/node_modules/@types/react/index.d.ts"],"newTypingNames":["@chr"],"filesToWatch":["/home/aryan/Code/TechOptimum/Tech-Optimum-Website/src/components/bower_components","/home/aryan/Code/TechOptimum/Tech-Optimum-Website/src/components/node_modules"]}
[17:45:14.711] Installing typings ["@chr"]
[17:45:14.711] '@chr':: Package name '@chr' contains non URI safe characters
[17:45:14.711] All typings are known to be missing or invalid - no need to install more typings
[17:45:14.711] Sending response:
    {"projectName":"/dev/null/inferredProject4*","typeAcquisition":{"enable":true,"include":[],"exclude":[]},"compilerOptions":{"module":1,"target":3,"jsx":1,"allowJs":true,"allowSyntheticDefaultImports":true,"allowNonTsExtensions":true,"noEmitForJsFiles":true,"maxNodeModuleJsDepth":2},"typings":["/home/aryan/.cache/typescript/4.6/node_modules/@types/react/index.d.ts"],"unresolvedImports":["@chr"],"kind":"action::set"}
[17:45:14.711] Response has been sent.
[17:45:15.017] Got install request {"projectName":"/dev/null/inferredProject4*","fileNames":["/usr/lib/node_modules/typescript/lib/lib.es5.d.ts","/usr/lib/node_modules/typescript/lib/lib.es2015.d.ts","/usr/lib/node_modules/typescript/lib/lib.es2016.d.ts","/usr/lib/node_modules/typescript/lib/lib.dom.d.ts","/usr/lib/node_modules/typescript/lib/lib.dom.iterable.d.ts","/usr/lib/node_modules/typescript/lib/lib.webworker.importscripts.d.ts","/usr/lib/node_modules/typescript/lib/lib.scripthost.d.ts","/usr/lib/node_modules/typescript/lib/lib.es2015.core.d.ts","/usr/lib/node_modules/typescript/lib/lib.es2015.collection.d.ts","/usr/lib/node_modules/typescript/lib/lib.es2015.generator.d.ts","/usr/lib/node_modules/typescript/lib/lib.es2015.iterable.d.ts","/usr/lib/node_modules/typescript/lib/lib.es2015.promise.d.ts","/usr/lib/node_modules/typescript/lib/lib.es2015.proxy.d.ts","/usr/lib/node_modules/typescript/lib/lib.es2015.reflect.d.ts","/usr/lib/node_modules/typescript/lib/lib.es2015.symbol.d.ts","/usr/lib/node_modules/typescript/lib/lib.es2015.symbol.wellknown.d.ts","/usr/lib/node_modules/typescript/lib/lib.es2016.array.include.d.ts","/usr/lib/node_modules/typescript/lib/lib.es2016.full.d.ts","/home/aryan/.cache/typescript/4.6/node_modules/@types/react/global.d.ts","/home/aryan/.cache/typescript/4.6/node_modules/@types/react/index.d.ts","/home/aryan/Code/TechOptimum/Tech-Optimum-Website/src/components/audio-player.jsx","/home/aryan/Code/TechOptimum/Tech-Optimum-Website/src/components/podcast-player.jsx"],"compilerOptions":{"module":1,"target":3,"jsx":1,"allowJs":true,"allowSyntheticDefaultImports":true,"allowNonTsExtensions":true,"noEmitForJsFiles":true,"maxNodeModuleJsDepth":2},"typeAcquisition":{"enable":true,"include":[],"exclude":[]},"unresolvedImports":["@ch"],"projectRootPath":"/home/aryan/Code/TechOptimum/Tech-Optimum-Website/src/components","kind":"discover"}
[17:45:15.017] Explicitly included types: []
[17:45:15.018] Inferred 'react' typings due to presence of '.jsx' extension
[17:45:15.018] Inferred typings from unresolved imports: ["@ch"]
[17:45:15.018] Result: {"cachedTypingPaths":["/home/aryan/.cache/typescript/4.6/node_modules/@types/react/index.d.ts"],"newTypingNames":["@ch"],"filesToWatch":["/home/aryan/Code/TechOptimum/Tech-Optimum-Website/src/components/bower_components","/home/aryan/Code/TechOptimum/Tech-Optimum-Website/src/components/node_modules"]}
[17:45:15.018] Finished typings discovery: {"cachedTypingPaths":["/home/aryan/.cache/typescript/4.6/node_modules/@types/react/index.d.ts"],"newTypingNames":["@ch"],"filesToWatch":["/home/aryan/Code/TechOptimum/Tech-Optimum-Website/src/components/bower_components","/home/aryan/Code/TechOptimum/Tech-Optimum-Website/src/components/node_modules"]}
[17:45:15.018] Installing typings ["@ch"]
[17:45:15.018] '@ch':: Package name '@ch' contains non URI safe characters
[17:45:15.018] All typings are known to be missing or invalid - no need to install more typings
[17:45:15.018] Sending response:
    {"projectName":"/dev/null/inferredProject4*","typeAcquisition":{"enable":true,"include":[],"exclude":[]},"compilerOptions":{"module":1,"target":3,"jsx":1,"allowJs":true,"allowSyntheticDefaultImports":true,"allowNonTsExtensions":true,"noEmitForJsFiles":true,"maxNodeModuleJsDepth":2},"typings":["/home/aryan/.cache/typescript/4.6/node_modules/@types/react/index.d.ts"],"unresolvedImports":["@ch"],"kind":"action::set"}
[17:45:15.018] Response has been sent.
[17:45:16.603] Got install request {"projectName":"/dev/null/inferredProject4*","fileNames":["/usr/lib/node_modules/typescript/lib/lib.es5.d.ts","/usr/lib/node_modules/typescript/lib/lib.es2015.d.ts","/usr/lib/node_modules/typescript/lib/lib.es2016.d.ts","/usr/lib/node_modules/typescript/lib/lib.dom.d.ts","/usr/lib/node_modules/typescript/lib/lib.dom.iterable.d.ts","/usr/lib/node_modules/typescript/lib/lib.webworker.importscripts.d.ts","/usr/lib/node_modules/typescript/lib/lib.scripthost.d.ts","/usr/lib/node_modules/typescript/lib/lib.es2015.core.d.ts","/usr/lib/node_modules/typescript/lib/lib.es2015.collection.d.ts","/usr/lib/node_modules/typescript/lib/lib.es2015.generator.d.ts","/usr/lib/node_modules/typescript/lib/lib.es2015.iterable.d.ts","/usr/lib/node_modules/typescript/lib/lib.es2015.promise.d.ts","/usr/lib/node_modules/typescript/lib/lib.es2015.proxy.d.ts","/usr/lib/node_modules/typescript/lib/lib.es2015.reflect.d.ts","/usr/lib/node_modules/typescript/lib/lib.es2015.symbol.d.ts","/usr/lib/node_modules/typescript/lib/lib.es2015.symbol.wellknown.d.ts","/usr/lib/node_modules/typescript/lib/lib.es2016.array.include.d.ts","/usr/lib/node_modules/typescript/lib/lib.es2016.full.d.ts","/home/aryan/.cache/typescript/4.6/node_modules/@types/react/index.d.ts","/home/aryan/Code/TechOptimum/Tech-Optimum-Website/src/components/audio-player.jsx","/home/aryan/Code/TechOptimum/Tech-Optimum-Website/src/components/podcast-player.jsx","/home/aryan/.cache/typescript/4.6/node_modules/@types/react/global.d.ts"],"compilerOptions":{"module":1,"target":3,"jsx":1,"allowJs":true,"allowSyntheticDefaultImports":true,"allowNonTsExtensions":true,"noEmitForJsFiles":true,"maxNodeModuleJsDepth":2},"typeAcquisition":{"enable":true,"include":[],"exclude":[]},"unresolvedImports":[],"projectRootPath":"/home/aryan/Code/TechOptimum/Tech-Optimum-Website/src/components","kind":"discover"}
[17:45:16.603] Explicitly included types: []
[17:45:16.603] Inferred 'react' typings due to presence of '.jsx' extension
[17:45:16.603] Inferred typings from unresolved imports: []
[17:45:16.603] Result: {"cachedTypingPaths":["/home/aryan/.cache/typescript/4.6/node_modules/@types/react/index.d.ts"],"newTypingNames":[],"filesToWatch":["/home/aryan/Code/TechOptimum/Tech-Optimum-Website/src/components/bower_components","/home/aryan/Code/TechOptimum/Tech-Optimum-Website/src/components/node_modules"]}
[17:45:16.603] Finished typings discovery: {"cachedTypingPaths":["/home/aryan/.cache/typescript/4.6/node_modules/@types/react/index.d.ts"],"newTypingNames":[],"filesToWatch":["/home/aryan/Code/TechOptimum/Tech-Optimum-Website/src/components/bower_components","/home/aryan/Code/TechOptimum/Tech-Optimum-Website/src/components/node_modules"]}
[17:45:16.603] Sending response:
    {"projectName":"/dev/null/inferredProject4*","typeAcquisition":{"enable":true,"include":[],"exclude":[]},"compilerOptions":{"module":1,"target":3,"jsx":1,"allowJs":true,"allowSyntheticDefaultImports":true,"allowNonTsExtensions":true,"noEmitForJsFiles":true,"maxNodeModuleJsDepth":2},"typings":["/home/aryan/.cache/typescript/4.6/node_modules/@types/react/index.d.ts"],"unresolvedImports":[],"kind":"action::set"}
[17:45:16.603] Response has been sent.
[17:45:16.603] No new typings were requested as a result of typings discovery
[18:46:50.758] Got install request {"projectName":"/dev/null/inferredProject5*","fileNames":["/usr/lib/node_modules/typescript/lib/lib.es5.d.ts","/usr/lib/node_modules/typescript/lib/lib.es2015.d.ts","/usr/lib/node_modules/typescript/lib/lib.es2016.d.ts","/usr/lib/node_modules/typescript/lib/lib.dom.d.ts","/usr/lib/node_modules/typescript/lib/lib.dom.iterable.d.ts","/usr/lib/node_modules/typescript/lib/lib.webworker.importscripts.d.ts","/usr/lib/node_modules/typescript/lib/lib.scripthost.d.ts","/usr/lib/node_modules/typescript/lib/lib.es2015.core.d.ts","/usr/lib/node_modules/typescript/lib/lib.es2015.collection.d.ts","/usr/lib/node_modules/typescript/lib/lib.es2015.generator.d.ts","/usr/lib/node_modules/typescript/lib/lib.es2015.iterable.d.ts","/usr/lib/node_modules/typescript/lib/lib.es2015.promise.d.ts","/usr/lib/node_modules/typescript/lib/lib.es2015.proxy.d.ts","/usr/lib/node_modules/typescript/lib/lib.es2015.reflect.d.ts","/usr/lib/node_modules/typescript/lib/lib.es2015.symbol.d.ts","/usr/lib/node_modules/typescript/lib/lib.es2015.symbol.wellknown.d.ts","/usr/lib/node_modules/typescript/lib/lib.es2016.array.include.d.ts","/usr/lib/node_modules/typescript/lib/lib.es2016.full.d.ts","/home/aryan/Code/TechOptimum/Tech-Optimum-Website/src/components/hackathon-recap.jsx"],"compilerOptions":{"module":1,"target":3,"jsx":1,"allowJs":true,"allowSyntheticDefaultImports":true,"allowNonTsExtensions":true,"noEmitForJsFiles":true,"maxNodeModuleJsDepth":2},"typeAcquisition":{"enable":true,"include":[],"exclude":[]},"unresolvedImports":[],"projectRootPath":"/home/aryan/Code/TechOptimum/Tech-Optimum-Website/src/components","kind":"discover"}
[18:46:50.758] Explicitly included types: []
[18:46:50.759] Inferred 'react' typings due to presence of '.jsx' extension
[18:46:50.759] Inferred typings from unresolved imports: []
[18:46:50.759] Result: {"cachedTypingPaths":["/home/aryan/.cache/typescript/4.6/node_modules/@types/react/index.d.ts"],"newTypingNames":[],"filesToWatch":["/home/aryan/Code/TechOptimum/Tech-Optimum-Website/src/components/bower_components","/home/aryan/Code/TechOptimum/Tech-Optimum-Website/src/components/node_modules"]}
[18:46:50.759] Finished typings discovery: {"cachedTypingPaths":["/home/aryan/.cache/typescript/4.6/node_modules/@types/react/index.d.ts"],"newTypingNames":[],"filesToWatch":["/home/aryan/Code/TechOptimum/Tech-Optimum-Website/src/components/bower_components","/home/aryan/Code/TechOptimum/Tech-Optimum-Website/src/components/node_modules"]}
[18:46:50.759] DirectoryWatcher:: Added:: WatchInfo: /home/aryan/Code/TechOptimum/Tech-Optimum-Website/src/components/bower_components
[18:46:50.759] DirectoryWatcher:: Added:: WatchInfo: /home/aryan/Code/TechOptimum/Tech-Optimum-Website/src/components/bower_components 1 undefined Project: /dev/null/inferredProject5* watcher already invoked: false
[18:46:50.759] Elapsed:: 0.09205199964344501ms DirectoryWatcher:: Added:: WatchInfo: /home/aryan/Code/TechOptimum/Tech-Optimum-Website/src/components/bower_components 1 undefined Project: /dev/null/inferredProject5* watcher already invoked: false
[18:46:50.759] DirectoryWatcher:: Added:: WatchInfo: /home/aryan/Code/TechOptimum/Tech-Optimum-Website/src/components/node_modules
[18:46:50.759] DirectoryWatcher:: Added:: WatchInfo: /home/aryan/Code/TechOptimum/Tech-Optimum-Website/src/components/node_modules 1 undefined Project: /dev/null/inferredProject5* watcher already invoked: false
[18:46:50.759] Elapsed:: 0.00941300019621849ms DirectoryWatcher:: Added:: WatchInfo: /home/aryan/Code/TechOptimum/Tech-Optimum-Website/src/components/node_modules 1 undefined Project: /dev/null/inferredProject5* watcher already invoked: false
[18:46:50.759] Sending response:
    {"projectName":"/dev/null/inferredProject5*","typeAcquisition":{"enable":true,"include":[],"exclude":[]},"compilerOptions":{"module":1,"target":3,"jsx":1,"allowJs":true,"allowSyntheticDefaultImports":true,"allowNonTsExtensions":true,"noEmitForJsFiles":true,"maxNodeModuleJsDepth":2},"typings":["/home/aryan/.cache/typescript/4.6/node_modules/@types/react/index.d.ts"],"unresolvedImports":[],"kind":"action::set"}
[18:46:50.759] Response has been sent.
[18:46:50.759] No new typings were requested as a result of typings discovery
[18:46:51.332] Got install request {"projectName":"/dev/null/inferredProject5*","fileNames":["/usr/lib/node_modules/typescript/lib/lib.es5.d.ts","/usr/lib/node_modules/typescript/lib/lib.es2015.d.ts","/usr/lib/node_modules/typescript/lib/lib.es2016.d.ts","/usr/lib/node_modules/typescript/lib/lib.dom.d.ts","/usr/lib/node_modules/typescript/lib/lib.dom.iterable.d.ts","/usr/lib/node_modules/typescript/lib/lib.webworker.importscripts.d.ts","/usr/lib/node_modules/typescript/lib/lib.scripthost.d.ts","/usr/lib/node_modules/typescript/lib/lib.es2015.core.d.ts","/usr/lib/node_modules/typescript/lib/lib.es2015.collection.d.ts","/usr/lib/node_modules/typescript/lib/lib.es2015.generator.d.ts","/usr/lib/node_modules/typescript/lib/lib.es2015.iterable.d.ts","/usr/lib/node_modules/typescript/lib/lib.es2015.promise.d.ts","/usr/lib/node_modules/typescript/lib/lib.es2015.proxy.d.ts","/usr/lib/node_modules/typescript/lib/lib.es2015.reflect.d.ts","/usr/lib/node_modules/typescript/lib/lib.es2015.symbol.d.ts","/usr/lib/node_modules/typescript/lib/lib.es2015.symbol.wellknown.d.ts","/usr/lib/node_modules/typescript/lib/lib.es2016.array.include.d.ts","/usr/lib/node_modules/typescript/lib/lib.es2016.full.d.ts","/home/aryan/Code/TechOptimum/Tech-Optimum-Website/src/components/hackathon-recap.jsx","/home/aryan/.cache/typescript/4.6/node_modules/@types/react/global.d.ts","/home/aryan/.cache/typescript/4.6/node_modules/@types/react/index.d.ts"],"compilerOptions":{"module":1,"target":3,"jsx":1,"allowJs":true,"allowSyntheticDefaultImports":true,"allowNonTsExtensions":true,"noEmitForJsFiles":true,"maxNodeModuleJsDepth":2},"typeAcquisition":{"enable":true,"include":[],"exclude":[]},"unresolvedImports":[],"projectRootPath":"/home/aryan/Code/TechOptimum/Tech-Optimum-Website/src/components","kind":"discover"}
[18:46:51.332] Explicitly included types: []
[18:46:51.332] Inferred 'react' typings due to presence of '.jsx' extension
[18:46:51.332] Inferred typings from unresolved imports: []
[18:46:51.332] Result: {"cachedTypingPaths":["/home/aryan/.cache/typescript/4.6/node_modules/@types/react/index.d.ts"],"newTypingNames":[],"filesToWatch":["/home/aryan/Code/TechOptimum/Tech-Optimum-Website/src/components/bower_components","/home/aryan/Code/TechOptimum/Tech-Optimum-Website/src/components/node_modules"]}
[18:46:51.332] Finished typings discovery: {"cachedTypingPaths":["/home/aryan/.cache/typescript/4.6/node_modules/@types/react/index.d.ts"],"newTypingNames":[],"filesToWatch":["/home/aryan/Code/TechOptimum/Tech-Optimum-Website/src/components/bower_components","/home/aryan/Code/TechOptimum/Tech-Optimum-Website/src/components/node_modules"]}
[18:46:51.332] Sending response:
    {"projectName":"/dev/null/inferredProject5*","typeAcquisition":{"enable":true,"include":[],"exclude":[]},"compilerOptions":{"module":1,"target":3,"jsx":1,"allowJs":true,"allowSyntheticDefaultImports":true,"allowNonTsExtensions":true,"noEmitForJsFiles":true,"maxNodeModuleJsDepth":2},"typings":["/home/aryan/.cache/typescript/4.6/node_modules/@types/react/index.d.ts"],"unresolvedImports":[],"kind":"action::set"}
[18:46:51.332] Response has been sent.
[18:46:51.332] No new typings were requested as a result of typings discovery
[18:46:59.747] Got install request {"projectName":"/dev/null/inferredProject6*","fileNames":["/usr/lib/node_modules/typescript/lib/lib.es5.d.ts","/usr/lib/node_modules/typescript/lib/lib.es2015.d.ts","/usr/lib/node_modules/typescript/lib/lib.es2016.d.ts","/usr/lib/node_modules/typescript/lib/lib.dom.d.ts","/usr/lib/node_modules/typescript/lib/lib.dom.iterable.d.ts","/usr/lib/node_modules/typescript/lib/lib.webworker.importscripts.d.ts","/usr/lib/node_modules/typescript/lib/lib.scripthost.d.ts","/usr/lib/node_modules/typescript/lib/lib.es2015.core.d.ts","/usr/lib/node_modules/typescript/lib/lib.es2015.collection.d.ts","/usr/lib/node_modules/typescript/lib/lib.es2015.generator.d.ts","/usr/lib/node_modules/typescript/lib/lib.es2015.iterable.d.ts","/usr/lib/node_modules/typescript/lib/lib.es2015.promise.d.ts","/usr/lib/node_modules/typescript/lib/lib.es2015.proxy.d.ts","/usr/lib/node_modules/typescript/lib/lib.es2015.reflect.d.ts","/usr/lib/node_modules/typescript/lib/lib.es2015.symbol.d.ts","/usr/lib/node_modules/typescript/lib/lib.es2015.symbol.wellknown.d.ts","/usr/lib/node_modules/typescript/lib/lib.es2016.array.include.d.ts","/usr/lib/node_modules/typescript/lib/lib.es2016.full.d.ts","/home/aryan/Code/TechOptimum/Tech-Optimum-Website/src/components/footer.jsx","/home/aryan/Code/TechOptimum/Tech-Optimum-Website/src/components/header.jsx","/home/aryan/Code/TechOptimum/Tech-Optimum-Website/src/components/socials.jsx","/home/aryan/Code/TechOptimum/Tech-Optimum-Website/src/components/hackathon-recap.jsx","/home/aryan/Code/TechOptimum/Tech-Optimum-Website/src/pages/hackathon.jsx"],"compilerOptions":{"module":1,"target":3,"jsx":1,"allowJs":true,"allowSyntheticDefaultImports":true,"allowNonTsExtensions":true,"noEmitForJsFiles":true,"maxNodeModuleJsDepth":2},"typeAcquisition":{"enable":true,"include":[],"exclude":[]},"unresolvedImports":[],"projectRootPath":"/home/aryan/Code/TechOptimum/Tech-Optimum-Website/src/pages","kind":"discover"}
[18:46:59.747] Explicitly included types: []
[18:46:59.747] Inferred 'react' typings due to presence of '.jsx' extension
[18:46:59.747] Inferred typings from unresolved imports: []
[18:46:59.747] Result: {"cachedTypingPaths":["/home/aryan/.cache/typescript/4.6/node_modules/@types/react/index.d.ts"],"newTypingNames":[],"filesToWatch":["/home/aryan/Code/TechOptimum/Tech-Optimum-Website/src/components/bower_components","/home/aryan/Code/TechOptimum/Tech-Optimum-Website/src/components/node_modules","/home/aryan/Code/TechOptimum/Tech-Optimum-Website/src/pages/bower_components","/home/aryan/Code/TechOptimum/Tech-Optimum-Website/src/pages/node_modules"]}
[18:46:59.747] Finished typings discovery: {"cachedTypingPaths":["/home/aryan/.cache/typescript/4.6/node_modules/@types/react/index.d.ts"],"newTypingNames":[],"filesToWatch":["/home/aryan/Code/TechOptimum/Tech-Optimum-Website/src/components/bower_components","/home/aryan/Code/TechOptimum/Tech-Optimum-Website/src/components/node_modules","/home/aryan/Code/TechOptimum/Tech-Optimum-Website/src/pages/bower_components","/home/aryan/Code/TechOptimum/Tech-Optimum-Website/src/pages/node_modules"]}
[18:46:59.747] DirectoryWatcher:: Added:: WatchInfo: /home/aryan/Code/TechOptimum/Tech-Optimum-Website/src/components/bower_components
[18:46:59.747] DirectoryWatcher:: Added:: WatchInfo: /home/aryan/Code/TechOptimum/Tech-Optimum-Website/src/components/bower_components 1 undefined Project: /dev/null/inferredProject6* watcher already invoked: false
[18:46:59.747] Elapsed:: 0.022293999791145325ms DirectoryWatcher:: Added:: WatchInfo: /home/aryan/Code/TechOptimum/Tech-Optimum-Website/src/components/bower_components 1 undefined Project: /dev/null/inferredProject6* watcher already invoked: false
[18:46:59.747] DirectoryWatcher:: Added:: WatchInfo: /home/aryan/Code/TechOptimum/Tech-Optimum-Website/src/components/node_modules
[18:46:59.747] DirectoryWatcher:: Added:: WatchInfo: /home/aryan/Code/TechOptimum/Tech-Optimum-Website/src/components/node_modules 1 undefined Project: /dev/null/inferredProject6* watcher already invoked: false
[18:46:59.747] Elapsed:: 0.0022349990904331207ms DirectoryWatcher:: Added:: WatchInfo: /home/aryan/Code/TechOptimum/Tech-Optimum-Website/src/components/node_modules 1 undefined Project: /dev/null/inferredProject6* watcher already invoked: false
[18:46:59.747] DirectoryWatcher:: Added:: WatchInfo: /home/aryan/Code/TechOptimum/Tech-Optimum-Website/src/pages/bower_components
[18:46:59.747] DirectoryWatcher:: Added:: WatchInfo: /home/aryan/Code/TechOptimum/Tech-Optimum-Website/src/pages/bower_components 1 undefined Project: /dev/null/inferredProject6* watcher already invoked: false
[18:46:59.747] Elapsed:: 0.003758000209927559ms DirectoryWatcher:: Added:: WatchInfo: /home/aryan/Code/TechOptimum/Tech-Optimum-Website/src/pages/bower_components 1 undefined Project: /dev/null/inferredProject6* watcher already invoked: false
[18:46:59.747] DirectoryWatcher:: Added:: WatchInfo: /home/aryan/Code/TechOptimum/Tech-Optimum-Website/src/pages/node_modules
[18:46:59.747] DirectoryWatcher:: Added:: WatchInfo: /home/aryan/Code/TechOptimum/Tech-Optimum-Website/src/pages/node_modules 1 undefined Project: /dev/null/inferredProject6* watcher already invoked: false
[18:46:59.747] Elapsed:: 0.002067999914288521ms DirectoryWatcher:: Added:: WatchInfo: /home/aryan/Code/TechOptimum/Tech-Optimum-Website/src/pages/node_modules 1 undefined Project: /dev/null/inferredProject6* watcher already invoked: false
[18:46:59.748] Sending response:
    {"projectName":"/dev/null/inferredProject6*","typeAcquisition":{"enable":true,"include":[],"exclude":[]},"compilerOptions":{"module":1,"target":3,"jsx":1,"allowJs":true,"allowSyntheticDefaultImports":true,"allowNonTsExtensions":true,"noEmitForJsFiles":true,"maxNodeModuleJsDepth":2},"typings":["/home/aryan/.cache/typescript/4.6/node_modules/@types/react/index.d.ts"],"unresolvedImports":[],"kind":"action::set"}
[18:46:59.748] Response has been sent.
[18:46:59.748] No new typings were requested as a result of typings discovery
