[17:37:05.261] Global cache location '/home/aryan/.cache/typescript/4.6', safe file path '/usr/lib/node_modules/typescript/lib/typingSafeList.json', types map path /usr/lib/node_modules/typescript/lib/typesMap.json
[17:37:05.264] Processing cache location '/home/aryan/.cache/typescript/4.6'
[17:37:05.264] Trying to find '/home/aryan/.cache/typescript/4.6/package.json'...
[17:37:05.264] Loaded content of '/home/aryan/.cache/typescript/4.6/package.json': {"private":true,"dependencies":{"types-registry":"^0.1.603"},"devDependencies":{"@types/aos":"^3.0.4","@types/co":"^4.6.3","@types/eslint":"^8.4.5","@types/lodash.debounce":"^4.0.7","@types/lodash.throttle":"^4.1.7","@types/react":"^18.0.15","@types/react-dom":"^18.0.6","@types/styled-components":"^5.1.25"}}
[17:37:05.264] Loaded content of '/home/aryan/.cache/typescript/4.6/package-lock.json'
[17:37:05.274] Adding entry into typings cache: 'aos' => '/home/aryan/.cache/typescript/4.6/node_modules/@types/aos/index.d.ts'
[17:37:05.276] Adding entry into typings cache: 'co' => '/home/aryan/.cache/typescript/4.6/node_modules/@types/co/index.d.ts'
[17:37:05.277] Adding entry into typings cache: 'eslint' => '/home/aryan/.cache/typescript/4.6/node_modules/@types/eslint/index.d.ts'
[17:37:05.278] Adding entry into typings cache: 'lodash.debounce' => '/home/aryan/.cache/typescript/4.6/node_modules/@types/lodash.debounce/index.d.ts'
[17:37:05.279] Adding entry into typings cache: 'lodash.throttle' => '/home/aryan/.cache/typescript/4.6/node_modules/@types/lodash.throttle/index.d.ts'
[17:37:05.282] Adding entry into typings cache: 'react' => '/home/aryan/.cache/typescript/4.6/node_modules/@types/react/index.d.ts'
[17:37:05.284] Adding entry into typings cache: 'react-dom' => '/home/aryan/.cache/typescript/4.6/node_modules/@types/react-dom/index.d.ts'
[17:37:05.285] Adding entry into typings cache: 'styled-components' => '/home/aryan/.cache/typescript/4.6/node_modules/@types/styled-components/index.d.ts'
[17:37:05.285] Finished processing cache location '/home/aryan/.cache/typescript/4.6'
[17:37:05.285] Process id: 27831
[17:37:05.285] NPM location: /usr/bin/npm (explicit '--npmLocation' not  provided)
[17:37:05.285] validateDefaultNpmLocation: false
[17:37:05.286] Npm config file: /home/aryan/.cache/typescript/4.6/package.json
[17:37:05.286] Updating types-registry npm package...
[17:37:05.286] Exec: /usr/bin/npm install --ignore-scripts types-registry@latest
[17:37:05.978]     Succeeded. stdout:
    
    up to date, audited 19 packages in 462ms

found 0 vulnerabilities

[17:37:05.978] Updated types-registry npm package
[17:37:07.248] Got install request {"projectName":"/dev/null/inferredProject1*","fileNames":["/usr/lib/node_modules/typescript/lib/lib.es5.d.ts","/usr/lib/node_modules/typescript/lib/lib.es2015.d.ts","/usr/lib/node_modules/typescript/lib/lib.es2016.d.ts","/usr/lib/node_modules/typescript/lib/lib.dom.d.ts","/usr/lib/node_modules/typescript/lib/lib.dom.iterable.d.ts","/usr/lib/node_modules/typescript/lib/lib.webworker.importscripts.d.ts","/usr/lib/node_modules/typescript/lib/lib.scripthost.d.ts","/usr/lib/node_modules/typescript/lib/lib.es2015.core.d.ts","/usr/lib/node_modules/typescript/lib/lib.es2015.collection.d.ts","/usr/lib/node_modules/typescript/lib/lib.es2015.generator.d.ts","/usr/lib/node_modules/typescript/lib/lib.es2015.iterable.d.ts","/usr/lib/node_modules/typescript/lib/lib.es2015.promise.d.ts","/usr/lib/node_modules/typescript/lib/lib.es2015.proxy.d.ts","/usr/lib/node_modules/typescript/lib/lib.es2015.reflect.d.ts","/usr/lib/node_modules/typescript/lib/lib.es2015.symbol.d.ts","/usr/lib/node_modules/typescript/lib/lib.es2015.symbol.wellknown.d.ts","/usr/lib/node_modules/typescript/lib/lib.es2016.array.include.d.ts","/usr/lib/node_modules/typescript/lib/lib.es2016.full.d.ts","/home/aryan/Code/TechOptimum/Tech-Optimum-Website/src/components/footer.jsx","/home/aryan/Code/TechOptimum/Tech-Optimum-Website/src/components/header.jsx","/home/aryan/Code/TechOptimum/Tech-Optimum-Website/src/components/homepage-landing.jsx","/home/aryan/Code/TechOptimum/Tech-Optimum-Website/src/components/courses.jsx","/home/aryan/Code/TechOptimum/Tech-Optimum-Website/src/components/jobs.jsx","/home/aryan/Code/TechOptimum/Tech-Optimum-Website/src/components/events.jsx","/home/aryan/Code/TechOptimum/Tech-Optimum-Website/src/components/internship-finder.jsx","/home/aryan/Code/TechOptimum/Tech-Optimum-Website/src/components/socials.jsx","/home/aryan/Code/TechOptimum/Tech-Optimum-Website/src/pages/index.jsx"],"compilerOptions":{"module":1,"target":3,"jsx":1,"allowJs":true,"allowSyntheticDefaultImports":true,"allowNonTsExtensions":true,"noEmitForJsFiles":true,"maxNodeModuleJsDepth":2},"typeAcquisition":{"enable":true,"include":[],"exclude":[]},"unresolvedImports":[],"projectRootPath":"/home/aryan/Code/TechOptimum/Tech-Optimum-Website/src/pages","kind":"discover"}
[17:37:07.254] Loaded safelist from types map file '/usr/lib/node_modules/typescript/lib/typesMap.json'
[17:37:07.255] Explicitly included types: []
[17:37:07.255] Inferred 'react' typings due to presence of '.jsx' extension
[17:37:07.255] Inferred typings from unresolved imports: []
[17:37:07.256] Result: {"cachedTypingPaths":["/home/aryan/.cache/typescript/4.6/node_modules/@types/react/index.d.ts"],"newTypingNames":[],"filesToWatch":["/home/aryan/Code/TechOptimum/Tech-Optimum-Website/src/components/bower_components","/home/aryan/Code/TechOptimum/Tech-Optimum-Website/src/components/node_modules","/home/aryan/Code/TechOptimum/Tech-Optimum-Website/src/pages/bower_components","/home/aryan/Code/TechOptimum/Tech-Optimum-Website/src/pages/node_modules"]}
[17:37:07.256] Finished typings discovery: {"cachedTypingPaths":["/home/aryan/.cache/typescript/4.6/node_modules/@types/react/index.d.ts"],"newTypingNames":[],"filesToWatch":["/home/aryan/Code/TechOptimum/Tech-Optimum-Website/src/components/bower_components","/home/aryan/Code/TechOptimum/Tech-Optimum-Website/src/components/node_modules","/home/aryan/Code/TechOptimum/Tech-Optimum-Website/src/pages/bower_components","/home/aryan/Code/TechOptimum/Tech-Optimum-Website/src/pages/node_modules"]}
[17:37:07.256] DirectoryWatcher:: Added:: WatchInfo: /home/aryan/Code/TechOptimum/Tech-Optimum-Website/src/components/bower_components
[17:37:07.256] DirectoryWatcher:: Added:: WatchInfo: /home/aryan/Code/TechOptimum/Tech-Optimum-Website/src/components/bower_components 1 undefined Project: /dev/null/inferredProject1* watcher already invoked: false
[17:37:07.258] Elapsed:: 1.333567999303341ms DirectoryWatcher:: Added:: WatchInfo: /home/aryan/Code/TechOptimum/Tech-Optimum-Website/src/components/bower_components 1 undefined Project: /dev/null/inferredProject1* watcher already invoked: false
[17:37:07.258] DirectoryWatcher:: Added:: WatchInfo: /home/aryan/Code/TechOptimum/Tech-Optimum-Website/src/components/node_modules
[17:37:07.258] DirectoryWatcher:: Added:: WatchInfo: /home/aryan/Code/TechOptimum/Tech-Optimum-Website/src/components/node_modules 1 undefined Project: /dev/null/inferredProject1* watcher already invoked: false
[17:37:07.258] Elapsed:: 0.07156900130212307ms DirectoryWatcher:: Added:: WatchInfo: /home/aryan/Code/TechOptimum/Tech-Optimum-Website/src/components/node_modules 1 undefined Project: /dev/null/inferredProject1* watcher already invoked: false
[17:37:07.258] DirectoryWatcher:: Added:: WatchInfo: /home/aryan/Code/TechOptimum/Tech-Optimum-Website/src/pages/bower_components
[17:37:07.258] DirectoryWatcher:: Added:: WatchInfo: /home/aryan/Code/TechOptimum/Tech-Optimum-Website/src/pages/bower_components 1 undefined Project: /dev/null/inferredProject1* watcher already invoked: false
[17:37:07.258] Elapsed:: 0.0528549998998642ms DirectoryWatcher:: Added:: WatchInfo: /home/aryan/Code/TechOptimum/Tech-Optimum-Website/src/pages/bower_components 1 undefined Project: /dev/null/inferredProject1* watcher already invoked: false
[17:37:07.258] DirectoryWatcher:: Added:: WatchInfo: /home/aryan/Code/TechOptimum/Tech-Optimum-Website/src/pages/node_modules
[17:37:07.258] DirectoryWatcher:: Added:: WatchInfo: /home/aryan/Code/TechOptimum/Tech-Optimum-Website/src/pages/node_modules 1 undefined Project: /dev/null/inferredProject1* watcher already invoked: false
[17:37:07.258] Elapsed:: 0.05370499938726425ms DirectoryWatcher:: Added:: WatchInfo: /home/aryan/Code/TechOptimum/Tech-Optimum-Website/src/pages/node_modules 1 undefined Project: /dev/null/inferredProject1* watcher already invoked: false
[17:37:07.258] Sending response:
    {"projectName":"/dev/null/inferredProject1*","typeAcquisition":{"enable":true,"include":[],"exclude":[]},"compilerOptions":{"module":1,"target":3,"jsx":1,"allowJs":true,"allowSyntheticDefaultImports":true,"allowNonTsExtensions":true,"noEmitForJsFiles":true,"maxNodeModuleJsDepth":2},"typings":["/home/aryan/.cache/typescript/4.6/node_modules/@types/react/index.d.ts"],"unresolvedImports":[],"kind":"action::set"}
[17:37:07.259] Response has been sent.
[17:37:07.259] No new typings were requested as a result of typings discovery
