[17:19:23.849] Global cache location '/home/aryan/.cache/typescript/4.6', safe file path '/usr/lib/node_modules/typescript/lib/typingSafeList.json', types map path /usr/lib/node_modules/typescript/lib/typesMap.json
[17:19:23.851] Processing cache location '/home/aryan/.cache/typescript/4.6'
[17:19:23.851] Trying to find '/home/aryan/.cache/typescript/4.6/package.json'...
[17:19:23.851] Loaded content of '/home/aryan/.cache/typescript/4.6/package.json': {"private":true,"dependencies":{"types-registry":"^0.1.602"},"devDependencies":{"@types/co":"^4.6.3","@types/eslint":"^8.4.5","@types/react":"^18.0.15","@types/react-dom":"^18.0.6","@types/styled-components":"^5.1.25"}}
[17:19:23.851] Loaded content of '/home/aryan/.cache/typescript/4.6/package-lock.json'
[17:19:23.859] Adding entry into typings cache: 'co' => '/home/aryan/.cache/typescript/4.6/node_modules/@types/co/index.d.ts'
[17:19:23.862] Adding entry into typings cache: 'eslint' => '/home/aryan/.cache/typescript/4.6/node_modules/@types/eslint/index.d.ts'
[17:19:23.863] Adding entry into typings cache: 'react' => '/home/aryan/.cache/typescript/4.6/node_modules/@types/react/index.d.ts'
[17:19:23.865] Adding entry into typings cache: 'react-dom' => '/home/aryan/.cache/typescript/4.6/node_modules/@types/react-dom/index.d.ts'
[17:19:23.866] Adding entry into typings cache: 'styled-components' => '/home/aryan/.cache/typescript/4.6/node_modules/@types/styled-components/index.d.ts'
[17:19:23.866] Finished processing cache location '/home/aryan/.cache/typescript/4.6'
[17:19:23.866] Process id: 25692
[17:19:23.866] NPM location: /usr/bin/npm (explicit '--npmLocation' not  provided)
[17:19:23.866] validateDefaultNpmLocation: false
[17:19:23.867] Npm config file: /home/aryan/.cache/typescript/4.6/package.json
[17:19:23.867] Updating types-registry npm package...
[17:19:23.867] Exec: /usr/bin/npm install --ignore-scripts types-registry@latest
[17:19:24.831]     Succeeded. stdout:
    
    changed 1 package, and audited 15 packages in 759ms

found 0 vulnerabilities

[17:19:24.831] Updated types-registry npm package
[17:19:25.747] Got install request {"projectName":"/dev/null/inferredProject1*","fileNames":["/usr/lib/node_modules/typescript/lib/lib.es5.d.ts","/usr/lib/node_modules/typescript/lib/lib.es2015.d.ts","/usr/lib/node_modules/typescript/lib/lib.es2016.d.ts","/usr/lib/node_modules/typescript/lib/lib.dom.d.ts","/usr/lib/node_modules/typescript/lib/lib.dom.iterable.d.ts","/usr/lib/node_modules/typescript/lib/lib.webworker.importscripts.d.ts","/usr/lib/node_modules/typescript/lib/lib.scripthost.d.ts","/usr/lib/node_modules/typescript/lib/lib.es2015.core.d.ts","/usr/lib/node_modules/typescript/lib/lib.es2015.collection.d.ts","/usr/lib/node_modules/typescript/lib/lib.es2015.generator.d.ts","/usr/lib/node_modules/typescript/lib/lib.es2015.iterable.d.ts","/usr/lib/node_modules/typescript/lib/lib.es2015.promise.d.ts","/usr/lib/node_modules/typescript/lib/lib.es2015.proxy.d.ts","/usr/lib/node_modules/typescript/lib/lib.es2015.reflect.d.ts","/usr/lib/node_modules/typescript/lib/lib.es2015.symbol.d.ts","/usr/lib/node_modules/typescript/lib/lib.es2015.symbol.wellknown.d.ts","/usr/lib/node_modules/typescript/lib/lib.es2016.array.include.d.ts","/usr/lib/node_modules/typescript/lib/lib.es2016.full.d.ts","/home/aryan/Code/TechOptimum/Tech-Optimum-Website/src/components/footer.jsx","/home/aryan/Code/TechOptimum/Tech-Optimum-Website/src/components/header.jsx","/home/aryan/Code/TechOptimum/Tech-Optimum-Website/src/components/homepage-landing.jsx","/home/aryan/Code/TechOptimum/Tech-Optimum-Website/src/components/courses.jsx","/home/aryan/Code/TechOptimum/Tech-Optimum-Website/src/components/jobs.jsx","/home/aryan/Code/TechOptimum/Tech-Optimum-Website/src/components/events.jsx","/home/aryan/Code/TechOptimum/Tech-Optimum-Website/src/components/internship-finder.jsx","/home/aryan/Code/TechOptimum/Tech-Optimum-Website/src/components/socials.jsx","/home/aryan/Code/TechOptimum/Tech-Optimum-Website/src/pages/index.jsx"],"compilerOptions":{"module":1,"target":3,"jsx":1,"allowJs":true,"allowSyntheticDefaultImports":true,"allowNonTsExtensions":true,"noEmitForJsFiles":true,"maxNodeModuleJsDepth":2},"typeAcquisition":{"enable":true,"include":[],"exclude":[]},"unresolvedImports":["aos","lodash.debounce","lodash.throttle"],"projectRootPath":"/home/aryan/Code/TechOptimum/Tech-Optimum-Website/src/pages","kind":"discover"}
[17:19:25.755] Loaded safelist from types map file '/usr/lib/node_modules/typescript/lib/typesMap.json'
[17:19:25.755] Explicitly included types: []
[17:19:25.756] Inferred 'react' typings due to presence of '.jsx' extension
[17:19:25.756] Inferred typings from unresolved imports: ["aos","lodash.debounce","lodash.throttle"]
[17:19:25.756] Result: {"cachedTypingPaths":["/home/aryan/.cache/typescript/4.6/node_modules/@types/react/index.d.ts"],"newTypingNames":["aos","lodash.debounce","lodash.throttle"],"filesToWatch":["/home/aryan/Code/TechOptimum/Tech-Optimum-Website/src/components/bower_components","/home/aryan/Code/TechOptimum/Tech-Optimum-Website/src/components/node_modules","/home/aryan/Code/TechOptimum/Tech-Optimum-Website/src/pages/bower_components","/home/aryan/Code/TechOptimum/Tech-Optimum-Website/src/pages/node_modules"]}
[17:19:25.756] Finished typings discovery: {"cachedTypingPaths":["/home/aryan/.cache/typescript/4.6/node_modules/@types/react/index.d.ts"],"newTypingNames":["aos","lodash.debounce","lodash.throttle"],"filesToWatch":["/home/aryan/Code/TechOptimum/Tech-Optimum-Website/src/components/bower_components","/home/aryan/Code/TechOptimum/Tech-Optimum-Website/src/components/node_modules","/home/aryan/Code/TechOptimum/Tech-Optimum-Website/src/pages/bower_components","/home/aryan/Code/TechOptimum/Tech-Optimum-Website/src/pages/node_modules"]}
[17:19:25.756] DirectoryWatcher:: Added:: WatchInfo: /home/aryan/Code/TechOptimum/Tech-Optimum-Website/src/components/bower_components
[17:19:25.757] DirectoryWatcher:: Added:: WatchInfo: /home/aryan/Code/TechOptimum/Tech-Optimum-Website/src/components/bower_components 1 undefined Project: /dev/null/inferredProject1* watcher already invoked: false
[17:19:25.758] Elapsed:: 1.1069010011851788ms DirectoryWatcher:: Added:: WatchInfo: /home/aryan/Code/TechOptimum/Tech-Optimum-Website/src/components/bower_components 1 undefined Project: /dev/null/inferredProject1* watcher already invoked: false
[17:19:25.758] DirectoryWatcher:: Added:: WatchInfo: /home/aryan/Code/TechOptimum/Tech-Optimum-Website/src/components/node_modules
[17:19:25.758] DirectoryWatcher:: Added:: WatchInfo: /home/aryan/Code/TechOptimum/Tech-Optimum-Website/src/components/node_modules 1 undefined Project: /dev/null/inferredProject1* watcher already invoked: false
[17:19:25.758] Elapsed:: 0.06863700039684772ms DirectoryWatcher:: Added:: WatchInfo: /home/aryan/Code/TechOptimum/Tech-Optimum-Website/src/components/node_modules 1 undefined Project: /dev/null/inferredProject1* watcher already invoked: false
[17:19:25.758] DirectoryWatcher:: Added:: WatchInfo: /home/aryan/Code/TechOptimum/Tech-Optimum-Website/src/pages/bower_components
[17:19:25.758] DirectoryWatcher:: Added:: WatchInfo: /home/aryan/Code/TechOptimum/Tech-Optimum-Website/src/pages/bower_components 1 undefined Project: /dev/null/inferredProject1* watcher already invoked: false
[17:19:25.758] Elapsed:: 0.05717900022864342ms DirectoryWatcher:: Added:: WatchInfo: /home/aryan/Code/TechOptimum/Tech-Optimum-Website/src/pages/bower_components 1 undefined Project: /dev/null/inferredProject1* watcher already invoked: false
[17:19:25.758] DirectoryWatcher:: Added:: WatchInfo: /home/aryan/Code/TechOptimum/Tech-Optimum-Website/src/pages/node_modules
[17:19:25.758] DirectoryWatcher:: Added:: WatchInfo: /home/aryan/Code/TechOptimum/Tech-Optimum-Website/src/pages/node_modules 1 undefined Project: /dev/null/inferredProject1* watcher already invoked: false
[17:19:25.759] Elapsed:: 0.07770100049674511ms DirectoryWatcher:: Added:: WatchInfo: /home/aryan/Code/TechOptimum/Tech-Optimum-Website/src/pages/node_modules 1 undefined Project: /dev/null/inferredProject1* watcher already invoked: false
[17:19:25.759] Installing typings ["aos","lodash.debounce","lodash.throttle"]
[17:19:25.759] Npm config file: /home/aryan/.cache/typescript/4.6/package.json
[17:19:25.759] Sending response:
    {"kind":"event::beginInstallTypes","eventId":1,"typingsInstallerVersion":"4.6.2","projectName":"/dev/null/inferredProject1*"}
[17:19:25.759] Response has been sent.
[17:19:25.759] #1 with arguments'["@types/aos@ts4.6","@types/lodash.debounce@ts4.6","@types/lodash.throttle@ts4.6"]'.
[17:19:25.760] Exec: /usr/bin/npm install --ignore-scripts @types/aos@ts4.6 @types/lodash.debounce@ts4.6 @types/lodash.throttle@ts4.6 --save-dev --user-agent="typesInstaller/4.6.2"
[17:19:28.065]     Succeeded. stdout:
    
    added 4 packages, and audited 19 packages in 2s

found 0 vulnerabilities

[17:19:28.065] npm install #1 took: 2306 ms
[17:19:28.065] Installed typings ["@types/aos@ts4.6","@types/lodash.debounce@ts4.6","@types/lodash.throttle@ts4.6"]
[17:19:28.067] Installed typing files ["/home/aryan/.cache/typescript/4.6/node_modules/@types/aos/index.d.ts","/home/aryan/.cache/typescript/4.6/node_modules/@types/lodash.debounce/index.d.ts","/home/aryan/.cache/typescript/4.6/node_modules/@types/lodash.throttle/index.d.ts"]
[17:19:28.067] Sending response:
    {"projectName":"/dev/null/inferredProject1*","typeAcquisition":{"enable":true,"include":[],"exclude":[]},"compilerOptions":{"module":1,"target":3,"jsx":1,"allowJs":true,"allowSyntheticDefaultImports":true,"allowNonTsExtensions":true,"noEmitForJsFiles":true,"maxNodeModuleJsDepth":2},"typings":["/home/aryan/.cache/typescript/4.6/node_modules/@types/react/index.d.ts","/home/aryan/.cache/typescript/4.6/node_modules/@types/aos/index.d.ts","/home/aryan/.cache/typescript/4.6/node_modules/@types/lodash.debounce/index.d.ts","/home/aryan/.cache/typescript/4.6/node_modules/@types/lodash.throttle/index.d.ts"],"unresolvedImports":["aos","lodash.debounce","lodash.throttle"],"kind":"action::set"}
[17:19:28.067] Response has been sent.
[17:19:28.067] Sending response:
    {"kind":"event::endInstallTypes","eventId":1,"projectName":"/dev/null/inferredProject1*","packagesToInstall":["@types/aos@ts4.6","@types/lodash.debounce@ts4.6","@types/lodash.throttle@ts4.6"],"installSuccess":true,"typingsInstallerVersion":"4.6.2"}
[17:19:28.067] Response has been sent.
[17:19:28.475] Got install request {"projectName":"/dev/null/inferredProject1*","fileNames":["/usr/lib/node_modules/typescript/lib/lib.es5.d.ts","/usr/lib/node_modules/typescript/lib/lib.es2015.d.ts","/usr/lib/node_modules/typescript/lib/lib.es2016.d.ts","/usr/lib/node_modules/typescript/lib/lib.dom.d.ts","/usr/lib/node_modules/typescript/lib/lib.dom.iterable.d.ts","/usr/lib/node_modules/typescript/lib/lib.webworker.importscripts.d.ts","/usr/lib/node_modules/typescript/lib/lib.scripthost.d.ts","/usr/lib/node_modules/typescript/lib/lib.es2015.core.d.ts","/usr/lib/node_modules/typescript/lib/lib.es2015.collection.d.ts","/usr/lib/node_modules/typescript/lib/lib.es2015.generator.d.ts","/usr/lib/node_modules/typescript/lib/lib.es2015.iterable.d.ts","/usr/lib/node_modules/typescript/lib/lib.es2015.promise.d.ts","/usr/lib/node_modules/typescript/lib/lib.es2015.proxy.d.ts","/usr/lib/node_modules/typescript/lib/lib.es2015.reflect.d.ts","/usr/lib/node_modules/typescript/lib/lib.es2015.symbol.d.ts","/usr/lib/node_modules/typescript/lib/lib.es2015.symbol.wellknown.d.ts","/usr/lib/node_modules/typescript/lib/lib.es2016.array.include.d.ts","/usr/lib/node_modules/typescript/lib/lib.es2016.full.d.ts","/home/aryan/.cache/typescript/4.6/node_modules/@types/react/global.d.ts","/home/aryan/.cache/typescript/4.6/node_modules/@types/react/index.d.ts","/home/aryan/Code/TechOptimum/Tech-Optimum-Website/src/components/footer.jsx","/home/aryan/Code/TechOptimum/Tech-Optimum-Website/src/components/header.jsx","/home/aryan/Code/TechOptimum/Tech-Optimum-Website/src/components/homepage-landing.jsx","/home/aryan/.cache/typescript/4.6/node_modules/@types/aos/index.d.ts","/home/aryan/Code/TechOptimum/Tech-Optimum-Website/src/components/courses.jsx","/home/aryan/Code/TechOptimum/Tech-Optimum-Website/src/components/jobs.jsx","/home/aryan/Code/TechOptimum/Tech-Optimum-Website/src/components/events.jsx","/home/aryan/Code/TechOptimum/Tech-Optimum-Website/src/components/internship-finder.jsx","/home/aryan/Code/TechOptimum/Tech-Optimum-Website/src/components/socials.jsx","/home/aryan/Code/TechOptimum/Tech-Optimum-Website/src/pages/index.jsx","/home/aryan/.cache/typescript/4.6/node_modules/@types/lodash.debounce/index.d.ts","/home/aryan/.cache/typescript/4.6/node_modules/@types/lodash.throttle/index.d.ts"],"compilerOptions":{"module":1,"target":3,"jsx":1,"allowJs":true,"allowSyntheticDefaultImports":true,"allowNonTsExtensions":true,"noEmitForJsFiles":true,"maxNodeModuleJsDepth":2},"typeAcquisition":{"enable":true,"include":[],"exclude":[]},"unresolvedImports":[],"projectRootPath":"/home/aryan/Code/TechOptimum/Tech-Optimum-Website/src/pages","kind":"discover"}
[17:19:28.475] Explicitly included types: []
[17:19:28.475] Inferred 'react' typings due to presence of '.jsx' extension
[17:19:28.476] Inferred typings from unresolved imports: []
[17:19:28.476] Result: {"cachedTypingPaths":["/home/aryan/.cache/typescript/4.6/node_modules/@types/react/index.d.ts"],"newTypingNames":[],"filesToWatch":["/home/aryan/Code/TechOptimum/Tech-Optimum-Website/src/components/bower_components","/home/aryan/Code/TechOptimum/Tech-Optimum-Website/src/components/node_modules","/home/aryan/Code/TechOptimum/Tech-Optimum-Website/src/pages/bower_components","/home/aryan/Code/TechOptimum/Tech-Optimum-Website/src/pages/node_modules"]}
[17:19:28.476] Finished typings discovery: {"cachedTypingPaths":["/home/aryan/.cache/typescript/4.6/node_modules/@types/react/index.d.ts"],"newTypingNames":[],"filesToWatch":["/home/aryan/Code/TechOptimum/Tech-Optimum-Website/src/components/bower_components","/home/aryan/Code/TechOptimum/Tech-Optimum-Website/src/components/node_modules","/home/aryan/Code/TechOptimum/Tech-Optimum-Website/src/pages/bower_components","/home/aryan/Code/TechOptimum/Tech-Optimum-Website/src/pages/node_modules"]}
[17:19:28.476] Sending response:
    {"projectName":"/dev/null/inferredProject1*","typeAcquisition":{"enable":true,"include":[],"exclude":[]},"compilerOptions":{"module":1,"target":3,"jsx":1,"allowJs":true,"allowSyntheticDefaultImports":true,"allowNonTsExtensions":true,"noEmitForJsFiles":true,"maxNodeModuleJsDepth":2},"typings":["/home/aryan/.cache/typescript/4.6/node_modules/@types/react/index.d.ts"],"unresolvedImports":[],"kind":"action::set"}
[17:19:28.476] Response has been sent.
[17:19:28.476] No new typings were requested as a result of typings discovery
[17:19:28.868] Got install request {"projectName":"/dev/null/inferredProject1*","fileNames":["/usr/lib/node_modules/typescript/lib/lib.es5.d.ts","/usr/lib/node_modules/typescript/lib/lib.es2015.d.ts","/usr/lib/node_modules/typescript/lib/lib.es2016.d.ts","/usr/lib/node_modules/typescript/lib/lib.dom.d.ts","/usr/lib/node_modules/typescript/lib/lib.dom.iterable.d.ts","/usr/lib/node_modules/typescript/lib/lib.webworker.importscripts.d.ts","/usr/lib/node_modules/typescript/lib/lib.scripthost.d.ts","/usr/lib/node_modules/typescript/lib/lib.es2015.core.d.ts","/usr/lib/node_modules/typescript/lib/lib.es2015.collection.d.ts","/usr/lib/node_modules/typescript/lib/lib.es2015.generator.d.ts","/usr/lib/node_modules/typescript/lib/lib.es2015.iterable.d.ts","/usr/lib/node_modules/typescript/lib/lib.es2015.promise.d.ts","/usr/lib/node_modules/typescript/lib/lib.es2015.proxy.d.ts","/usr/lib/node_modules/typescript/lib/lib.es2015.reflect.d.ts","/usr/lib/node_modules/typescript/lib/lib.es2015.symbol.d.ts","/usr/lib/node_modules/typescript/lib/lib.es2015.symbol.wellknown.d.ts","/usr/lib/node_modules/typescript/lib/lib.es2016.array.include.d.ts","/usr/lib/node_modules/typescript/lib/lib.es2016.full.d.ts","/home/aryan/.cache/typescript/4.6/node_modules/@types/react/global.d.ts","/home/aryan/.cache/typescript/4.6/node_modules/@types/react/index.d.ts","/home/aryan/Code/TechOptimum/Tech-Optimum-Website/src/components/footer.jsx","/home/aryan/Code/TechOptimum/Tech-Optimum-Website/src/components/header.jsx","/home/aryan/Code/TechOptimum/Tech-Optimum-Website/src/components/homepage-landing.jsx","/home/aryan/Code/TechOptimum/Tech-Optimum-Website/src/components/courses.jsx","/home/aryan/Code/TechOptimum/Tech-Optimum-Website/src/components/jobs.jsx","/home/aryan/Code/TechOptimum/Tech-Optimum-Website/src/components/events.jsx","/home/aryan/Code/TechOptimum/Tech-Optimum-Website/src/components/internship-finder.jsx","/home/aryan/Code/TechOptimum/Tech-Optimum-Website/src/components/socials.jsx","/home/aryan/Code/TechOptimum/Tech-Optimum-Website/src/pages/index.jsx"],"compilerOptions":{"module":1,"target":3,"jsx":1,"allowJs":true,"allowSyntheticDefaultImports":true,"allowNonTsExtensions":true,"noEmitForJsFiles":true,"maxNodeModuleJsDepth":2},"typeAcquisition":{"enable":true,"include":[],"exclude":[]},"unresolvedImports":[],"projectRootPath":"/home/aryan/Code/TechOptimum/Tech-Optimum-Website/src/pages","kind":"discover"}
[17:19:28.868] Explicitly included types: []
[17:19:28.868] Inferred 'react' typings due to presence of '.jsx' extension
[17:19:28.869] Inferred typings from unresolved imports: []
[17:19:28.869] Result: {"cachedTypingPaths":["/home/aryan/.cache/typescript/4.6/node_modules/@types/react/index.d.ts"],"newTypingNames":[],"filesToWatch":["/home/aryan/Code/TechOptimum/Tech-Optimum-Website/src/components/bower_components","/home/aryan/Code/TechOptimum/Tech-Optimum-Website/src/components/node_modules","/home/aryan/Code/TechOptimum/Tech-Optimum-Website/src/pages/bower_components","/home/aryan/Code/TechOptimum/Tech-Optimum-Website/src/pages/node_modules"]}
[17:19:28.869] Finished typings discovery: {"cachedTypingPaths":["/home/aryan/.cache/typescript/4.6/node_modules/@types/react/index.d.ts"],"newTypingNames":[],"filesToWatch":["/home/aryan/Code/TechOptimum/Tech-Optimum-Website/src/components/bower_components","/home/aryan/Code/TechOptimum/Tech-Optimum-Website/src/components/node_modules","/home/aryan/Code/TechOptimum/Tech-Optimum-Website/src/pages/bower_components","/home/aryan/Code/TechOptimum/Tech-Optimum-Website/src/pages/node_modules"]}
[17:19:28.869] Sending response:
    {"projectName":"/dev/null/inferredProject1*","typeAcquisition":{"enable":true,"include":[],"exclude":[]},"compilerOptions":{"module":1,"target":3,"jsx":1,"allowJs":true,"allowSyntheticDefaultImports":true,"allowNonTsExtensions":true,"noEmitForJsFiles":true,"maxNodeModuleJsDepth":2},"typings":["/home/aryan/.cache/typescript/4.6/node_modules/@types/react/index.d.ts"],"unresolvedImports":[],"kind":"action::set"}
[17:19:28.869] Response has been sent.
[17:19:28.869] No new typings were requested as a result of typings discovery
