[15:07:08.804] Global cache location '/home/aryan/.cache/typescript/4.6', safe file path '/usr/lib/node_modules/typescript/lib/typingSafeList.json', types map path /usr/lib/node_modules/typescript/lib/typesMap.json
[15:07:08.806] Processing cache location '/home/aryan/.cache/typescript/4.6'
[15:07:08.806] Trying to find '/home/aryan/.cache/typescript/4.6/package.json'...
[15:07:09.034] Loaded content of '/home/aryan/.cache/typescript/4.6/package.json': {"private":true,"dependencies":{"types-registry":"^0.1.604"},"devDependencies":{"@types/aos":"^3.0.4","@types/co":"^4.6.3","@types/eslint":"^8.4.5","@types/lodash.debounce":"^4.0.7","@types/lodash.throttle":"^4.1.7","@types/node":"^18.6.3","@types/react":"^18.0.15","@types/react-dom":"^18.0.6","@types/styled-components":"^5.1.25","@types/webpack":"^5.28.0"}}
[15:07:09.034] Loaded content of '/home/aryan/.cache/typescript/4.6/package-lock.json'
[15:07:09.222] Adding entry into typings cache: 'aos' => '/home/aryan/.cache/typescript/4.6/node_modules/@types/aos/index.d.ts'
[15:07:09.295] Adding entry into typings cache: 'co' => '/home/aryan/.cache/typescript/4.6/node_modules/@types/co/index.d.ts'
[15:07:09.366] Adding entry into typings cache: 'eslint' => '/home/aryan/.cache/typescript/4.6/node_modules/@types/eslint/index.d.ts'
[15:07:09.427] Adding entry into typings cache: 'lodash.debounce' => '/home/aryan/.cache/typescript/4.6/node_modules/@types/lodash.debounce/index.d.ts'
[15:07:09.428] Adding entry into typings cache: 'lodash.throttle' => '/home/aryan/.cache/typescript/4.6/node_modules/@types/lodash.throttle/index.d.ts'
[15:07:09.466] Adding entry into typings cache: 'node' => '/home/aryan/.cache/typescript/4.6/node_modules/@types/node/index.d.ts'
[15:07:09.604] Adding entry into typings cache: 'react' => '/home/aryan/.cache/typescript/4.6/node_modules/@types/react/index.d.ts'
[15:07:10.233] Adding entry into typings cache: 'react-dom' => '/home/aryan/.cache/typescript/4.6/node_modules/@types/react-dom/index.d.ts'
[15:07:10.487] Adding entry into typings cache: 'styled-components' => '/home/aryan/.cache/typescript/4.6/node_modules/@types/styled-components/index.d.ts'
[15:07:10.594] Adding entry into typings cache: 'webpack' => '/home/aryan/.cache/typescript/4.6/node_modules/webpack/types.d.ts'
[15:07:10.595] Finished processing cache location '/home/aryan/.cache/typescript/4.6'
[15:07:10.595] Process id: 22010
[15:07:10.595] NPM location: /usr/bin/npm (explicit '--npmLocation' not  provided)
[15:07:10.595] validateDefaultNpmLocation: false
[15:07:10.595] Npm config file: /home/aryan/.cache/typescript/4.6/package.json
[15:07:10.595] Updating types-registry npm package...
[15:07:10.595] Exec: /usr/bin/npm install --ignore-scripts types-registry@latest
[15:07:27.640]     Succeeded. stdout:
    
    up to date, audited 95 packages in 11s

9 packages are looking for funding
  run `npm fund` for details

found 0 vulnerabilities

[15:07:27.640] Updated types-registry npm package
[15:08:03.808] Got install request {"projectName":"/dev/null/inferredProject1*","fileNames":["/usr/lib/node_modules/typescript/lib/lib.es5.d.ts","/usr/lib/node_modules/typescript/lib/lib.es2015.d.ts","/usr/lib/node_modules/typescript/lib/lib.es2016.d.ts","/usr/lib/node_modules/typescript/lib/lib.dom.d.ts","/usr/lib/node_modules/typescript/lib/lib.dom.iterable.d.ts","/usr/lib/node_modules/typescript/lib/lib.webworker.importscripts.d.ts","/usr/lib/node_modules/typescript/lib/lib.scripthost.d.ts","/usr/lib/node_modules/typescript/lib/lib.es2015.core.d.ts","/usr/lib/node_modules/typescript/lib/lib.es2015.collection.d.ts","/usr/lib/node_modules/typescript/lib/lib.es2015.generator.d.ts","/usr/lib/node_modules/typescript/lib/lib.es2015.iterable.d.ts","/usr/lib/node_modules/typescript/lib/lib.es2015.promise.d.ts","/usr/lib/node_modules/typescript/lib/lib.es2015.proxy.d.ts","/usr/lib/node_modules/typescript/lib/lib.es2015.reflect.d.ts","/usr/lib/node_modules/typescript/lib/lib.es2015.symbol.d.ts","/usr/lib/node_modules/typescript/lib/lib.es2015.symbol.wellknown.d.ts","/usr/lib/node_modules/typescript/lib/lib.es2016.array.include.d.ts","/usr/lib/node_modules/typescript/lib/lib.es2016.full.d.ts","/home/aryan/Code/TechOptimum/Tech-Optimum-Website/src/components/audio-player.jsx","/home/aryan/Code/TechOptimum/Tech-Optimum-Website/src/components/podcast-player.jsx"],"compilerOptions":{"module":1,"target":3,"jsx":1,"allowJs":true,"allowSyntheticDefaultImports":true,"allowNonTsExtensions":true,"noEmitForJsFiles":true,"maxNodeModuleJsDepth":2},"typeAcquisition":{"enable":true,"include":[],"exclude":[]},"unresolvedImports":[],"projectRootPath":"/home/aryan/Code/TechOptimum/Tech-Optimum-Website/src/components","kind":"discover"}
[15:08:03.820] Loaded safelist from types map file '/usr/lib/node_modules/typescript/lib/typesMap.json'
[15:08:03.821] Explicitly included types: []
[15:08:03.822] Inferred 'react' typings due to presence of '.jsx' extension
[15:08:03.822] Inferred typings from unresolved imports: []
[15:08:03.822] Result: {"cachedTypingPaths":["/home/aryan/.cache/typescript/4.6/node_modules/@types/react/index.d.ts"],"newTypingNames":[],"filesToWatch":["/home/aryan/Code/TechOptimum/Tech-Optimum-Website/src/components/bower_components","/home/aryan/Code/TechOptimum/Tech-Optimum-Website/src/components/node_modules"]}
[15:08:03.822] Finished typings discovery: {"cachedTypingPaths":["/home/aryan/.cache/typescript/4.6/node_modules/@types/react/index.d.ts"],"newTypingNames":[],"filesToWatch":["/home/aryan/Code/TechOptimum/Tech-Optimum-Website/src/components/bower_components","/home/aryan/Code/TechOptimum/Tech-Optimum-Website/src/components/node_modules"]}
[15:08:03.823] DirectoryWatcher:: Added:: WatchInfo: /home/aryan/Code/TechOptimum/Tech-Optimum-Website/src/components/bower_components
[15:08:03.824] DirectoryWatcher:: Added:: WatchInfo: /home/aryan/Code/TechOptimum/Tech-Optimum-Website/src/components/bower_components 1 undefined Project: /dev/null/inferredProject1* watcher already invoked: false
[15:08:03.825] Elapsed:: 1.708147999830544ms DirectoryWatcher:: Added:: WatchInfo: /home/aryan/Code/TechOptimum/Tech-Optimum-Website/src/components/bower_components 1 undefined Project: /dev/null/inferredProject1* watcher already invoked: false
[15:08:03.826] DirectoryWatcher:: Added:: WatchInfo: /home/aryan/Code/TechOptimum/Tech-Optimum-Website/src/components/node_modules
[15:08:03.826] DirectoryWatcher:: Added:: WatchInfo: /home/aryan/Code/TechOptimum/Tech-Optimum-Website/src/components/node_modules 1 undefined Project: /dev/null/inferredProject1* watcher already invoked: false
[15:08:03.826] Elapsed:: 0.1441290001384914ms DirectoryWatcher:: Added:: WatchInfo: /home/aryan/Code/TechOptimum/Tech-Optimum-Website/src/components/node_modules 1 undefined Project: /dev/null/inferredProject1* watcher already invoked: false
[15:08:03.826] Sending response:
    {"projectName":"/dev/null/inferredProject1*","typeAcquisition":{"enable":true,"include":[],"exclude":[]},"compilerOptions":{"module":1,"target":3,"jsx":1,"allowJs":true,"allowSyntheticDefaultImports":true,"allowNonTsExtensions":true,"noEmitForJsFiles":true,"maxNodeModuleJsDepth":2},"typings":["/home/aryan/.cache/typescript/4.6/node_modules/@types/react/index.d.ts"],"unresolvedImports":[],"kind":"action::set"}
[15:08:03.827] Response has been sent.
[15:08:03.827] No new typings were requested as a result of typings discovery
[15:08:04.997] Got install request {"projectName":"/dev/null/inferredProject1*","fileNames":["/usr/lib/node_modules/typescript/lib/lib.es5.d.ts","/usr/lib/node_modules/typescript/lib/lib.es2015.d.ts","/usr/lib/node_modules/typescript/lib/lib.es2016.d.ts","/usr/lib/node_modules/typescript/lib/lib.dom.d.ts","/usr/lib/node_modules/typescript/lib/lib.dom.iterable.d.ts","/usr/lib/node_modules/typescript/lib/lib.webworker.importscripts.d.ts","/usr/lib/node_modules/typescript/lib/lib.scripthost.d.ts","/usr/lib/node_modules/typescript/lib/lib.es2015.core.d.ts","/usr/lib/node_modules/typescript/lib/lib.es2015.collection.d.ts","/usr/lib/node_modules/typescript/lib/lib.es2015.generator.d.ts","/usr/lib/node_modules/typescript/lib/lib.es2015.iterable.d.ts","/usr/lib/node_modules/typescript/lib/lib.es2015.promise.d.ts","/usr/lib/node_modules/typescript/lib/lib.es2015.proxy.d.ts","/usr/lib/node_modules/typescript/lib/lib.es2015.reflect.d.ts","/usr/lib/node_modules/typescript/lib/lib.es2015.symbol.d.ts","/usr/lib/node_modules/typescript/lib/lib.es2015.symbol.wellknown.d.ts","/usr/lib/node_modules/typescript/lib/lib.es2016.array.include.d.ts","/usr/lib/node_modules/typescript/lib/lib.es2016.full.d.ts","/home/aryan/.cache/typescript/4.6/node_modules/@types/react/index.d.ts","/home/aryan/Code/TechOptimum/Tech-Optimum-Website/src/components/audio-player.jsx","/home/aryan/Code/TechOptimum/Tech-Optimum-Website/src/components/podcast-player.jsx","/home/aryan/.cache/typescript/4.6/node_modules/@types/react/global.d.ts"],"compilerOptions":{"module":1,"target":3,"jsx":1,"allowJs":true,"allowSyntheticDefaultImports":true,"allowNonTsExtensions":true,"noEmitForJsFiles":true,"maxNodeModuleJsDepth":2},"typeAcquisition":{"enable":true,"include":[],"exclude":[]},"unresolvedImports":[],"projectRootPath":"/home/aryan/Code/TechOptimum/Tech-Optimum-Website/src/components","kind":"discover"}
[15:08:04.997] Explicitly included types: []
[15:08:04.997] Inferred 'react' typings due to presence of '.jsx' extension
[15:08:04.997] Inferred typings from unresolved imports: []
[15:08:04.997] Result: {"cachedTypingPaths":["/home/aryan/.cache/typescript/4.6/node_modules/@types/react/index.d.ts"],"newTypingNames":[],"filesToWatch":["/home/aryan/Code/TechOptimum/Tech-Optimum-Website/src/components/bower_components","/home/aryan/Code/TechOptimum/Tech-Optimum-Website/src/components/node_modules"]}
[15:08:04.997] Finished typings discovery: {"cachedTypingPaths":["/home/aryan/.cache/typescript/4.6/node_modules/@types/react/index.d.ts"],"newTypingNames":[],"filesToWatch":["/home/aryan/Code/TechOptimum/Tech-Optimum-Website/src/components/bower_components","/home/aryan/Code/TechOptimum/Tech-Optimum-Website/src/components/node_modules"]}
[15:08:04.998] Sending response:
    {"projectName":"/dev/null/inferredProject1*","typeAcquisition":{"enable":true,"include":[],"exclude":[]},"compilerOptions":{"module":1,"target":3,"jsx":1,"allowJs":true,"allowSyntheticDefaultImports":true,"allowNonTsExtensions":true,"noEmitForJsFiles":true,"maxNodeModuleJsDepth":2},"typings":["/home/aryan/.cache/typescript/4.6/node_modules/@types/react/index.d.ts"],"unresolvedImports":[],"kind":"action::set"}
[15:08:04.998] Response has been sent.
[15:08:04.998] No new typings were requested as a result of typings discovery
[15:15:28.501] Got install request {"projectName":"/dev/null/inferredProject1*","fileNames":["/usr/lib/node_modules/typescript/lib/lib.es5.d.ts","/usr/lib/node_modules/typescript/lib/lib.es2015.d.ts","/usr/lib/node_modules/typescript/lib/lib.es2016.d.ts","/usr/lib/node_modules/typescript/lib/lib.dom.d.ts","/usr/lib/node_modules/typescript/lib/lib.dom.iterable.d.ts","/usr/lib/node_modules/typescript/lib/lib.webworker.importscripts.d.ts","/usr/lib/node_modules/typescript/lib/lib.scripthost.d.ts","/usr/lib/node_modules/typescript/lib/lib.es2015.core.d.ts","/usr/lib/node_modules/typescript/lib/lib.es2015.collection.d.ts","/usr/lib/node_modules/typescript/lib/lib.es2015.generator.d.ts","/usr/lib/node_modules/typescript/lib/lib.es2015.iterable.d.ts","/usr/lib/node_modules/typescript/lib/lib.es2015.promise.d.ts","/usr/lib/node_modules/typescript/lib/lib.es2015.proxy.d.ts","/usr/lib/node_modules/typescript/lib/lib.es2015.reflect.d.ts","/usr/lib/node_modules/typescript/lib/lib.es2015.symbol.d.ts","/usr/lib/node_modules/typescript/lib/lib.es2015.symbol.wellknown.d.ts","/usr/lib/node_modules/typescript/lib/lib.es2016.array.include.d.ts","/usr/lib/node_modules/typescript/lib/lib.es2016.full.d.ts","/home/aryan/.cache/typescript/4.6/node_modules/@types/react/global.d.ts","/home/aryan/.cache/typescript/4.6/node_modules/@types/react/index.d.ts","/home/aryan/Code/TechOptimum/Tech-Optimum-Website/src/components/audio-player.jsx","/home/aryan/Code/TechOptimum/Tech-Optimum-Website/src/components/podcast-player.jsx"],"compilerOptions":{"module":1,"target":3,"jsx":1,"allowJs":true,"allowSyntheticDefaultImports":true,"allowNonTsExtensions":true,"noEmitForJsFiles":true,"maxNodeModuleJsDepth":2},"typeAcquisition":{"enable":true,"include":[],"exclude":[]},"unresolvedImports":[],"projectRootPath":"/home/aryan/Code/TechOptimum/Tech-Optimum-Website/src/components","kind":"discover"}
[15:15:28.502] Explicitly included types: []
[15:15:28.502] Inferred 'react' typings due to presence of '.jsx' extension
[15:15:28.502] Inferred typings from unresolved imports: []
[15:15:28.502] Result: {"cachedTypingPaths":["/home/aryan/.cache/typescript/4.6/node_modules/@types/react/index.d.ts"],"newTypingNames":[],"filesToWatch":["/home/aryan/Code/TechOptimum/Tech-Optimum-Website/src/components/bower_components","/home/aryan/Code/TechOptimum/Tech-Optimum-Website/src/components/node_modules"]}
[15:15:28.502] Finished typings discovery: {"cachedTypingPaths":["/home/aryan/.cache/typescript/4.6/node_modules/@types/react/index.d.ts"],"newTypingNames":[],"filesToWatch":["/home/aryan/Code/TechOptimum/Tech-Optimum-Website/src/components/bower_components","/home/aryan/Code/TechOptimum/Tech-Optimum-Website/src/components/node_modules"]}
[15:15:28.502] Sending response:
    {"projectName":"/dev/null/inferredProject1*","typeAcquisition":{"enable":true,"include":[],"exclude":[]},"compilerOptions":{"module":1,"target":3,"jsx":1,"allowJs":true,"allowSyntheticDefaultImports":true,"allowNonTsExtensions":true,"noEmitForJsFiles":true,"maxNodeModuleJsDepth":2},"typings":["/home/aryan/.cache/typescript/4.6/node_modules/@types/react/index.d.ts"],"unresolvedImports":[],"kind":"action::set"}
[15:15:28.502] Response has been sent.
[15:15:28.502] No new typings were requested as a result of typings discovery
[16:08:27.821] Got install request {"projectName":"/dev/null/inferredProject1*","fileNames":["/usr/lib/node_modules/typescript/lib/lib.es5.d.ts","/usr/lib/node_modules/typescript/lib/lib.es2015.d.ts","/usr/lib/node_modules/typescript/lib/lib.es2016.d.ts","/usr/lib/node_modules/typescript/lib/lib.dom.d.ts","/usr/lib/node_modules/typescript/lib/lib.dom.iterable.d.ts","/usr/lib/node_modules/typescript/lib/lib.webworker.importscripts.d.ts","/usr/lib/node_modules/typescript/lib/lib.scripthost.d.ts","/usr/lib/node_modules/typescript/lib/lib.es2015.core.d.ts","/usr/lib/node_modules/typescript/lib/lib.es2015.collection.d.ts","/usr/lib/node_modules/typescript/lib/lib.es2015.generator.d.ts","/usr/lib/node_modules/typescript/lib/lib.es2015.iterable.d.ts","/usr/lib/node_modules/typescript/lib/lib.es2015.promise.d.ts","/usr/lib/node_modules/typescript/lib/lib.es2015.proxy.d.ts","/usr/lib/node_modules/typescript/lib/lib.es2015.reflect.d.ts","/usr/lib/node_modules/typescript/lib/lib.es2015.symbol.d.ts","/usr/lib/node_modules/typescript/lib/lib.es2015.symbol.wellknown.d.ts","/usr/lib/node_modules/typescript/lib/lib.es2016.array.include.d.ts","/usr/lib/node_modules/typescript/lib/lib.es2016.full.d.ts","/home/aryan/.cache/typescript/4.6/node_modules/@types/react/index.d.ts","/home/aryan/Code/TechOptimum/Tech-Optimum-Website/src/components/audio-player.jsx","/home/aryan/Code/TechOptimum/Tech-Optimum-Website/src/components/podcast-player.jsx","/home/aryan/.cache/typescript/4.6/node_modules/@types/react/global.d.ts"],"compilerOptions":{"module":1,"target":3,"jsx":1,"allowJs":true,"allowSyntheticDefaultImports":true,"allowNonTsExtensions":true,"noEmitForJsFiles":true,"maxNodeModuleJsDepth":2},"typeAcquisition":{"enable":true,"include":[],"exclude":[]},"unresolvedImports":[],"projectRootPath":"/home/aryan/Code/TechOptimum/Tech-Optimum-Website/src/components","kind":"discover"}
[16:08:27.821] Explicitly included types: []
[16:08:27.821] Inferred 'react' typings due to presence of '.jsx' extension
[16:08:27.821] Inferred typings from unresolved imports: []
[16:08:27.821] Result: {"cachedTypingPaths":["/home/aryan/.cache/typescript/4.6/node_modules/@types/react/index.d.ts"],"newTypingNames":[],"filesToWatch":["/home/aryan/Code/TechOptimum/Tech-Optimum-Website/src/components/bower_components","/home/aryan/Code/TechOptimum/Tech-Optimum-Website/src/components/node_modules"]}
[16:08:27.821] Finished typings discovery: {"cachedTypingPaths":["/home/aryan/.cache/typescript/4.6/node_modules/@types/react/index.d.ts"],"newTypingNames":[],"filesToWatch":["/home/aryan/Code/TechOptimum/Tech-Optimum-Website/src/components/bower_components","/home/aryan/Code/TechOptimum/Tech-Optimum-Website/src/components/node_modules"]}
[16:08:27.821] Sending response:
    {"projectName":"/dev/null/inferredProject1*","typeAcquisition":{"enable":true,"include":[],"exclude":[]},"compilerOptions":{"module":1,"target":3,"jsx":1,"allowJs":true,"allowSyntheticDefaultImports":true,"allowNonTsExtensions":true,"noEmitForJsFiles":true,"maxNodeModuleJsDepth":2},"typings":["/home/aryan/.cache/typescript/4.6/node_modules/@types/react/index.d.ts"],"unresolvedImports":[],"kind":"action::set"}
[16:08:27.821] Response has been sent.
[16:08:27.821] No new typings were requested as a result of typings discovery
[16:08:43.088] Got install request {"projectName":"/dev/null/inferredProject1*","fileNames":["/usr/lib/node_modules/typescript/lib/lib.es5.d.ts","/usr/lib/node_modules/typescript/lib/lib.es2015.d.ts","/usr/lib/node_modules/typescript/lib/lib.es2016.d.ts","/usr/lib/node_modules/typescript/lib/lib.dom.d.ts","/usr/lib/node_modules/typescript/lib/lib.dom.iterable.d.ts","/usr/lib/node_modules/typescript/lib/lib.webworker.importscripts.d.ts","/usr/lib/node_modules/typescript/lib/lib.scripthost.d.ts","/usr/lib/node_modules/typescript/lib/lib.es2015.core.d.ts","/usr/lib/node_modules/typescript/lib/lib.es2015.collection.d.ts","/usr/lib/node_modules/typescript/lib/lib.es2015.generator.d.ts","/usr/lib/node_modules/typescript/lib/lib.es2015.iterable.d.ts","/usr/lib/node_modules/typescript/lib/lib.es2015.promise.d.ts","/usr/lib/node_modules/typescript/lib/lib.es2015.proxy.d.ts","/usr/lib/node_modules/typescript/lib/lib.es2015.reflect.d.ts","/usr/lib/node_modules/typescript/lib/lib.es2015.symbol.d.ts","/usr/lib/node_modules/typescript/lib/lib.es2015.symbol.wellknown.d.ts","/usr/lib/node_modules/typescript/lib/lib.es2016.array.include.d.ts","/usr/lib/node_modules/typescript/lib/lib.es2016.full.d.ts","/home/aryan/.cache/typescript/4.6/node_modules/@types/react/global.d.ts","/home/aryan/.cache/typescript/4.6/node_modules/@types/react/index.d.ts","/home/aryan/Code/TechOptimum/Tech-Optimum-Website/src/components/audio-player.jsx","/home/aryan/Code/TechOptimum/Tech-Optimum-Website/src/components/podcast-player.jsx"],"compilerOptions":{"module":1,"target":3,"jsx":1,"allowJs":true,"allowSyntheticDefaultImports":true,"allowNonTsExtensions":true,"noEmitForJsFiles":true,"maxNodeModuleJsDepth":2},"typeAcquisition":{"enable":true,"include":[],"exclude":[]},"unresolvedImports":[],"projectRootPath":"/home/aryan/Code/TechOptimum/Tech-Optimum-Website/src/components","kind":"discover"}
[16:08:43.089] Explicitly included types: []
[16:08:43.089] Inferred 'react' typings due to presence of '.jsx' extension
[16:08:43.089] Inferred typings from unresolved imports: []
[16:08:43.089] Result: {"cachedTypingPaths":["/home/aryan/.cache/typescript/4.6/node_modules/@types/react/index.d.ts"],"newTypingNames":[],"filesToWatch":["/home/aryan/Code/TechOptimum/Tech-Optimum-Website/src/components/bower_components","/home/aryan/Code/TechOptimum/Tech-Optimum-Website/src/components/node_modules"]}
[16:08:43.089] Finished typings discovery: {"cachedTypingPaths":["/home/aryan/.cache/typescript/4.6/node_modules/@types/react/index.d.ts"],"newTypingNames":[],"filesToWatch":["/home/aryan/Code/TechOptimum/Tech-Optimum-Website/src/components/bower_components","/home/aryan/Code/TechOptimum/Tech-Optimum-Website/src/components/node_modules"]}
[16:08:43.089] Sending response:
    {"projectName":"/dev/null/inferredProject1*","typeAcquisition":{"enable":true,"include":[],"exclude":[]},"compilerOptions":{"module":1,"target":3,"jsx":1,"allowJs":true,"allowSyntheticDefaultImports":true,"allowNonTsExtensions":true,"noEmitForJsFiles":true,"maxNodeModuleJsDepth":2},"typings":["/home/aryan/.cache/typescript/4.6/node_modules/@types/react/index.d.ts"],"unresolvedImports":[],"kind":"action::set"}
[16:08:43.089] Response has been sent.
[16:08:43.089] No new typings were requested as a result of typings discovery
