[13:52:36.743] Global cache location '/home/aryan/.cache/typescript/4.6', safe file path '/usr/lib/node_modules/typescript/lib/typingSafeList.json', types map path /usr/lib/node_modules/typescript/lib/typesMap.json
[13:52:36.844] Processing cache location '/home/aryan/.cache/typescript/4.6'
[13:52:36.845] Trying to find '/home/aryan/.cache/typescript/4.6/package.json'...
[13:52:37.276] Loaded content of '/home/aryan/.cache/typescript/4.6/package.json': {"private":true,"dependencies":{"types-registry":"^0.1.607"},"devDependencies":{"@types/aos":"^3.0.4","@types/co":"^4.6.3","@types/eslint":"^8.4.5","@types/lodash.debounce":"^4.0.7","@types/lodash.throttle":"^4.1.7","@types/node":"^18.7.2","@types/react":"^18.0.17","@types/react-dom":"^18.0.6","@types/styled-components":"^5.1.26","@types/webpack":"^5.28.0"}}
[13:52:37.276] Loaded content of '/home/aryan/.cache/typescript/4.6/package-lock.json'
[13:52:37.494] Adding entry into typings cache: 'aos' => '/home/aryan/.cache/typescript/4.6/node_modules/@types/aos/index.d.ts'
[13:52:37.614] Adding entry into typings cache: 'co' => '/home/aryan/.cache/typescript/4.6/node_modules/@types/co/index.d.ts'
[13:52:37.938] Adding entry into typings cache: 'eslint' => '/home/aryan/.cache/typescript/4.6/node_modules/@types/eslint/index.d.ts'
[13:52:37.998] Adding entry into typings cache: 'lodash.debounce' => '/home/aryan/.cache/typescript/4.6/node_modules/@types/lodash.debounce/index.d.ts'
[13:52:38.017] Adding entry into typings cache: 'lodash.throttle' => '/home/aryan/.cache/typescript/4.6/node_modules/@types/lodash.throttle/index.d.ts'
[13:52:38.039] Adding entry into typings cache: 'node' => '/home/aryan/.cache/typescript/4.6/node_modules/@types/node/index.d.ts'
[13:52:38.168] Adding entry into typings cache: 'react' => '/home/aryan/.cache/typescript/4.6/node_modules/@types/react/index.d.ts'
[13:52:38.194] Adding entry into typings cache: 'react-dom' => '/home/aryan/.cache/typescript/4.6/node_modules/@types/react-dom/index.d.ts'
[13:52:38.246] Adding entry into typings cache: 'styled-components' => '/home/aryan/.cache/typescript/4.6/node_modules/@types/styled-components/index.d.ts'
[13:52:38.276] Adding entry into typings cache: 'webpack' => '/home/aryan/.cache/typescript/4.6/node_modules/webpack/types.d.ts'
[13:52:38.276] Finished processing cache location '/home/aryan/.cache/typescript/4.6'
[13:52:38.276] Process id: 6284
[13:52:38.276] NPM location: /usr/bin/npm (explicit '--npmLocation' not  provided)
[13:52:38.276] validateDefaultNpmLocation: false
[13:52:38.276] Npm config file: /home/aryan/.cache/typescript/4.6/package.json
[13:52:38.276] Updating types-registry npm package...
[13:52:38.277] Exec: /usr/bin/npm install --ignore-scripts types-registry@latest
[13:52:57.612]     Succeeded. stdout:
    
    changed 1 package, and audited 95 packages in 9s

9 packages are looking for funding
  run `npm fund` for details

found 0 vulnerabilities

[13:52:57.612] Updated types-registry npm package
[13:53:29.362] Got install request {"projectName":"/dev/null/inferredProject1*","fileNames":["/usr/lib/node_modules/typescript/lib/lib.es5.d.ts","/usr/lib/node_modules/typescript/lib/lib.es2015.d.ts","/usr/lib/node_modules/typescript/lib/lib.es2016.d.ts","/usr/lib/node_modules/typescript/lib/lib.dom.d.ts","/usr/lib/node_modules/typescript/lib/lib.dom.iterable.d.ts","/usr/lib/node_modules/typescript/lib/lib.webworker.importscripts.d.ts","/usr/lib/node_modules/typescript/lib/lib.scripthost.d.ts","/usr/lib/node_modules/typescript/lib/lib.es2015.core.d.ts","/usr/lib/node_modules/typescript/lib/lib.es2015.collection.d.ts","/usr/lib/node_modules/typescript/lib/lib.es2015.generator.d.ts","/usr/lib/node_modules/typescript/lib/lib.es2015.iterable.d.ts","/usr/lib/node_modules/typescript/lib/lib.es2015.promise.d.ts","/usr/lib/node_modules/typescript/lib/lib.es2015.proxy.d.ts","/usr/lib/node_modules/typescript/lib/lib.es2015.reflect.d.ts","/usr/lib/node_modules/typescript/lib/lib.es2015.symbol.d.ts","/usr/lib/node_modules/typescript/lib/lib.es2015.symbol.wellknown.d.ts","/usr/lib/node_modules/typescript/lib/lib.es2016.array.include.d.ts","/usr/lib/node_modules/typescript/lib/lib.es2016.full.d.ts","/home/aryan/Code/TechOptimum/Tech-Optimum-Website/src/components/hackathon-recap.jsx"],"compilerOptions":{"module":1,"target":3,"jsx":1,"allowJs":true,"allowSyntheticDefaultImports":true,"allowNonTsExtensions":true,"noEmitForJsFiles":true,"maxNodeModuleJsDepth":2},"typeAcquisition":{"enable":true,"include":[],"exclude":[]},"unresolvedImports":[],"projectRootPath":"/home/aryan/Code/TechOptimum/Tech-Optimum-Website/src/components","kind":"discover"}
[13:53:29.371] Loaded safelist from types map file '/usr/lib/node_modules/typescript/lib/typesMap.json'
[13:53:29.372] Explicitly included types: []
[13:53:29.373] Inferred 'react' typings due to presence of '.jsx' extension
[13:53:29.373] Inferred typings from unresolved imports: []
[13:53:29.374] Result: {"cachedTypingPaths":[],"newTypingNames":["react"],"filesToWatch":["/home/aryan/Code/TechOptimum/Tech-Optimum-Website/src/components/bower_components","/home/aryan/Code/TechOptimum/Tech-Optimum-Website/src/components/node_modules"]}
[13:53:29.374] Finished typings discovery: {"cachedTypingPaths":[],"newTypingNames":["react"],"filesToWatch":["/home/aryan/Code/TechOptimum/Tech-Optimum-Website/src/components/bower_components","/home/aryan/Code/TechOptimum/Tech-Optimum-Website/src/components/node_modules"]}
[13:53:29.374] DirectoryWatcher:: Added:: WatchInfo: /home/aryan/Code/TechOptimum/Tech-Optimum-Website/src/components/bower_components
[13:53:29.375] DirectoryWatcher:: Added:: WatchInfo: /home/aryan/Code/TechOptimum/Tech-Optimum-Website/src/components/bower_components 1 undefined Project: /dev/null/inferredProject1* watcher already invoked: false
[13:53:29.376] Elapsed:: 1.2195669999346137ms DirectoryWatcher:: Added:: WatchInfo: /home/aryan/Code/TechOptimum/Tech-Optimum-Website/src/components/bower_components 1 undefined Project: /dev/null/inferredProject1* watcher already invoked: false
[13:53:29.376] DirectoryWatcher:: Added:: WatchInfo: /home/aryan/Code/TechOptimum/Tech-Optimum-Website/src/components/node_modules
[13:53:29.376] DirectoryWatcher:: Added:: WatchInfo: /home/aryan/Code/TechOptimum/Tech-Optimum-Website/src/components/node_modules 1 undefined Project: /dev/null/inferredProject1* watcher already invoked: false
[13:53:29.377] Elapsed:: 0.0979309999383986ms DirectoryWatcher:: Added:: WatchInfo: /home/aryan/Code/TechOptimum/Tech-Optimum-Website/src/components/node_modules 1 undefined Project: /dev/null/inferredProject1* watcher already invoked: false
[13:53:29.377] Installing typings ["react"]
[13:53:29.377] Npm config file: /home/aryan/.cache/typescript/4.6/package.json
[13:53:29.377] Sending response:
    {"kind":"event::beginInstallTypes","eventId":1,"typingsInstallerVersion":"4.6.2","projectName":"/dev/null/inferredProject1*"}
[13:53:29.377] Response has been sent.
[13:53:29.378] #1 with arguments'["@types/react@ts4.6"]'.
[13:53:29.378] Exec: /usr/bin/npm install --ignore-scripts @types/react@ts4.6 --save-dev --user-agent="typesInstaller/4.6.2"
[13:53:30.595]     Succeeded. stdout:
    
    changed 1 package, and audited 95 packages in 876ms

9 packages are looking for funding
  run `npm fund` for details

found 0 vulnerabilities

[13:53:30.595] npm install #1 took: 1217 ms
[13:53:30.595] Installed typings ["@types/react@ts4.6"]
[13:53:30.597] Installed typing files ["/home/aryan/.cache/typescript/4.6/node_modules/@types/react/index.d.ts"]
[13:53:30.598] Sending response:
    {"projectName":"/dev/null/inferredProject1*","typeAcquisition":{"enable":true,"include":[],"exclude":[]},"compilerOptions":{"module":1,"target":3,"jsx":1,"allowJs":true,"allowSyntheticDefaultImports":true,"allowNonTsExtensions":true,"noEmitForJsFiles":true,"maxNodeModuleJsDepth":2},"typings":["/home/aryan/.cache/typescript/4.6/node_modules/@types/react/index.d.ts"],"unresolvedImports":[],"kind":"action::set"}
[13:53:30.598] Response has been sent.
[13:53:30.598] Sending response:
    {"kind":"event::endInstallTypes","eventId":1,"projectName":"/dev/null/inferredProject1*","packagesToInstall":["@types/react@ts4.6"],"installSuccess":true,"typingsInstallerVersion":"4.6.2"}
[13:53:30.598] Response has been sent.
[13:53:32.493] Got install request {"projectName":"/dev/null/inferredProject1*","fileNames":["/usr/lib/node_modules/typescript/lib/lib.es5.d.ts","/usr/lib/node_modules/typescript/lib/lib.es2015.d.ts","/usr/lib/node_modules/typescript/lib/lib.es2016.d.ts","/usr/lib/node_modules/typescript/lib/lib.dom.d.ts","/usr/lib/node_modules/typescript/lib/lib.dom.iterable.d.ts","/usr/lib/node_modules/typescript/lib/lib.webworker.importscripts.d.ts","/usr/lib/node_modules/typescript/lib/lib.scripthost.d.ts","/usr/lib/node_modules/typescript/lib/lib.es2015.core.d.ts","/usr/lib/node_modules/typescript/lib/lib.es2015.collection.d.ts","/usr/lib/node_modules/typescript/lib/lib.es2015.generator.d.ts","/usr/lib/node_modules/typescript/lib/lib.es2015.iterable.d.ts","/usr/lib/node_modules/typescript/lib/lib.es2015.promise.d.ts","/usr/lib/node_modules/typescript/lib/lib.es2015.proxy.d.ts","/usr/lib/node_modules/typescript/lib/lib.es2015.reflect.d.ts","/usr/lib/node_modules/typescript/lib/lib.es2015.symbol.d.ts","/usr/lib/node_modules/typescript/lib/lib.es2015.symbol.wellknown.d.ts","/usr/lib/node_modules/typescript/lib/lib.es2016.array.include.d.ts","/usr/lib/node_modules/typescript/lib/lib.es2016.full.d.ts","/home/aryan/Code/TechOptimum/Tech-Optimum-Website/src/components/hackathon-recap.jsx","/home/aryan/.cache/typescript/4.6/node_modules/@types/react/global.d.ts","/home/aryan/.cache/typescript/4.6/node_modules/@types/react/index.d.ts"],"compilerOptions":{"module":1,"target":3,"jsx":1,"allowJs":true,"allowSyntheticDefaultImports":true,"allowNonTsExtensions":true,"noEmitForJsFiles":true,"maxNodeModuleJsDepth":2},"typeAcquisition":{"enable":true,"include":[],"exclude":[]},"unresolvedImports":[],"projectRootPath":"/home/aryan/Code/TechOptimum/Tech-Optimum-Website/src/components","kind":"discover"}
[13:53:32.493] Explicitly included types: []
[13:53:32.494] Inferred 'react' typings due to presence of '.jsx' extension
[13:53:32.494] Inferred typings from unresolved imports: []
[13:53:32.495] Result: {"cachedTypingPaths":["/home/aryan/.cache/typescript/4.6/node_modules/@types/react/index.d.ts"],"newTypingNames":[],"filesToWatch":["/home/aryan/Code/TechOptimum/Tech-Optimum-Website/src/components/bower_components","/home/aryan/Code/TechOptimum/Tech-Optimum-Website/src/components/node_modules"]}
[13:53:32.495] Finished typings discovery: {"cachedTypingPaths":["/home/aryan/.cache/typescript/4.6/node_modules/@types/react/index.d.ts"],"newTypingNames":[],"filesToWatch":["/home/aryan/Code/TechOptimum/Tech-Optimum-Website/src/components/bower_components","/home/aryan/Code/TechOptimum/Tech-Optimum-Website/src/components/node_modules"]}
[13:53:32.495] Sending response:
    {"projectName":"/dev/null/inferredProject1*","typeAcquisition":{"enable":true,"include":[],"exclude":[]},"compilerOptions":{"module":1,"target":3,"jsx":1,"allowJs":true,"allowSyntheticDefaultImports":true,"allowNonTsExtensions":true,"noEmitForJsFiles":true,"maxNodeModuleJsDepth":2},"typings":["/home/aryan/.cache/typescript/4.6/node_modules/@types/react/index.d.ts"],"unresolvedImports":[],"kind":"action::set"}
[13:53:32.495] Response has been sent.
[13:53:32.495] No new typings were requested as a result of typings discovery
