[15:12:47.186] Global cache location '/home/aryan/.cache/typescript/4.6', safe file path '/usr/lib/node_modules/typescript/lib/typingSafeList.json', types map path /usr/lib/node_modules/typescript/lib/typesMap.json
[15:12:47.188] Processing cache location '/home/aryan/.cache/typescript/4.6'
[15:12:47.188] Trying to find '/home/aryan/.cache/typescript/4.6/package.json'...
[15:12:47.325] Loaded content of '/home/aryan/.cache/typescript/4.6/package.json': {"private":true,"dependencies":{"types-registry":"^0.1.604"},"devDependencies":{"@types/aos":"^3.0.4","@types/co":"^4.6.3","@types/eslint":"^8.4.5","@types/lodash.debounce":"^4.0.7","@types/lodash.throttle":"^4.1.7","@types/node":"^18.7.2","@types/react":"^18.0.15","@types/react-dom":"^18.0.6","@types/styled-components":"^5.1.25","@types/webpack":"^5.28.0"}}
[15:12:47.326] Loaded content of '/home/aryan/.cache/typescript/4.6/package-lock.json'
[15:12:47.458] Adding entry into typings cache: 'aos' => '/home/aryan/.cache/typescript/4.6/node_modules/@types/aos/index.d.ts'
[15:12:47.564] Adding entry into typings cache: 'co' => '/home/aryan/.cache/typescript/4.6/node_modules/@types/co/index.d.ts'
[15:12:47.581] Adding entry into typings cache: 'eslint' => '/home/aryan/.cache/typescript/4.6/node_modules/@types/eslint/index.d.ts'
[15:12:47.622] Adding entry into typings cache: 'lodash.debounce' => '/home/aryan/.cache/typescript/4.6/node_modules/@types/lodash.debounce/index.d.ts'
[15:12:47.645] Adding entry into typings cache: 'lodash.throttle' => '/home/aryan/.cache/typescript/4.6/node_modules/@types/lodash.throttle/index.d.ts'
[15:12:47.765] Adding entry into typings cache: 'node' => '/home/aryan/.cache/typescript/4.6/node_modules/@types/node/index.d.ts'
[15:12:47.843] Adding entry into typings cache: 'react' => '/home/aryan/.cache/typescript/4.6/node_modules/@types/react/index.d.ts'
[15:12:47.867] Adding entry into typings cache: 'react-dom' => '/home/aryan/.cache/typescript/4.6/node_modules/@types/react-dom/index.d.ts'
[15:12:47.899] Adding entry into typings cache: 'styled-components' => '/home/aryan/.cache/typescript/4.6/node_modules/@types/styled-components/index.d.ts'
[15:12:48.008] Adding entry into typings cache: 'webpack' => '/home/aryan/.cache/typescript/4.6/node_modules/webpack/types.d.ts'
[15:12:48.008] Finished processing cache location '/home/aryan/.cache/typescript/4.6'
[15:12:48.009] Process id: 9106
[15:12:48.009] NPM location: /usr/bin/npm (explicit '--npmLocation' not  provided)
[15:12:48.009] validateDefaultNpmLocation: false
[15:12:48.009] Npm config file: /home/aryan/.cache/typescript/4.6/package.json
[15:12:48.009] Updating types-registry npm package...
[15:12:48.009] Exec: /usr/bin/npm install --ignore-scripts types-registry@latest
[15:12:58.989]     Succeeded. stdout:
    
    changed 1 package, and audited 95 packages in 4s

9 packages are looking for funding
  run `npm fund` for details

found 0 vulnerabilities

[15:12:58.989] Updated types-registry npm package
[15:13:08.714] Got install request {"projectName":"/dev/null/inferredProject1*","fileNames":["/usr/lib/node_modules/typescript/lib/lib.es5.d.ts","/usr/lib/node_modules/typescript/lib/lib.es2015.d.ts","/usr/lib/node_modules/typescript/lib/lib.es2016.d.ts","/usr/lib/node_modules/typescript/lib/lib.dom.d.ts","/usr/lib/node_modules/typescript/lib/lib.dom.iterable.d.ts","/usr/lib/node_modules/typescript/lib/lib.webworker.importscripts.d.ts","/usr/lib/node_modules/typescript/lib/lib.scripthost.d.ts","/usr/lib/node_modules/typescript/lib/lib.es2015.core.d.ts","/usr/lib/node_modules/typescript/lib/lib.es2015.collection.d.ts","/usr/lib/node_modules/typescript/lib/lib.es2015.generator.d.ts","/usr/lib/node_modules/typescript/lib/lib.es2015.iterable.d.ts","/usr/lib/node_modules/typescript/lib/lib.es2015.promise.d.ts","/usr/lib/node_modules/typescript/lib/lib.es2015.proxy.d.ts","/usr/lib/node_modules/typescript/lib/lib.es2015.reflect.d.ts","/usr/lib/node_modules/typescript/lib/lib.es2015.symbol.d.ts","/usr/lib/node_modules/typescript/lib/lib.es2015.symbol.wellknown.d.ts","/usr/lib/node_modules/typescript/lib/lib.es2016.array.include.d.ts","/usr/lib/node_modules/typescript/lib/lib.es2016.full.d.ts","/home/aryan/Code/TechOptimum/Tech-Optimum-Website/next.config.js"],"compilerOptions":{"module":1,"target":3,"jsx":1,"allowJs":true,"allowSyntheticDefaultImports":true,"allowNonTsExtensions":true,"noEmitForJsFiles":true,"maxNodeModuleJsDepth":2},"typeAcquisition":{"enable":true,"include":[],"exclude":[]},"unresolvedImports":[],"projectRootPath":"/home/aryan/Code/TechOptimum/Tech-Optimum-Website","kind":"discover"}
[15:13:08.728] Loaded safelist from types map file '/usr/lib/node_modules/typescript/lib/typesMap.json'
[15:13:08.729] Explicitly included types: []
[15:13:08.730] Typing names in '/home/aryan/Code/TechOptimum/Tech-Optimum-Website/package.json' dependencies: ["@chakra-ui/icons","@chakra-ui/react","@emotion/react","@emotion/styled","all","aos","framer-motion","next","react","react-countup","react-dom","react-icons","styled-components","@svgr/webpack","eslint","eslint-config-next"]
[15:13:08.730] Searching for typing names in /home/aryan/Code/TechOptimum/Tech-Optimum-Website/node_modules; all files: ["/home/aryan/Code/TechOptimum/Tech-Optimum-Website/node_modules/@chakra-ui/icons/package.json","/home/aryan/Code/TechOptimum/Tech-Optimum-Website/node_modules/@chakra-ui/react/package.json","/home/aryan/Code/TechOptimum/Tech-Optimum-Website/node_modules/@emotion/react/package.json","/home/aryan/Code/TechOptimum/Tech-Optimum-Website/node_modules/@emotion/styled/package.json","/home/aryan/Code/TechOptimum/Tech-Optimum-Website/node_modules/all/package.json","/home/aryan/Code/TechOptimum/Tech-Optimum-Website/node_modules/aos/package.json","/home/aryan/Code/TechOptimum/Tech-Optimum-Website/node_modules/framer-motion/package.json","/home/aryan/Code/TechOptimum/Tech-Optimum-Website/node_modules/next/package.json","/home/aryan/Code/TechOptimum/Tech-Optimum-Website/node_modules/react/package.json","/home/aryan/Code/TechOptimum/Tech-Optimum-Website/node_modules/react-countup/package.json","/home/aryan/Code/TechOptimum/Tech-Optimum-Website/node_modules/react-dom/package.json","/home/aryan/Code/TechOptimum/Tech-Optimum-Website/node_modules/react-icons/package.json","/home/aryan/Code/TechOptimum/Tech-Optimum-Website/node_modules/styled-components/package.json","/home/aryan/Code/TechOptimum/Tech-Optimum-Website/node_modules/@svgr/webpack/package.json","/home/aryan/Code/TechOptimum/Tech-Optimum-Website/node_modules/eslint/package.json","/home/aryan/Code/TechOptimum/Tech-Optimum-Website/node_modules/eslint-config-next/package.json"]
[15:13:08.731]     Package '@chakra-ui/icons' provides its own types.
[15:13:08.732]     Package '@chakra-ui/react' provides its own types.
[15:13:08.732]     Package '@emotion/react' provides its own types.
[15:13:08.733]     Package '@emotion/styled' provides its own types.
[15:13:08.735]     Package 'framer-motion' provides its own types.
[15:13:08.738]     Package 'next' provides its own types.
[15:13:08.739]     Package 'react-countup' provides its own types.
[15:13:08.740]     Package 'react-icons' provides its own types.
[15:13:08.802]     Package '@svgr/webpack' provides its own types.
[15:13:08.804]     Found package names: ["all","aos","react","react-dom","styled-components","eslint","eslint-config-next"]
[15:13:08.804] Inferred typings from unresolved imports: []
[15:13:08.805] Result: {"cachedTypingPaths":["/home/aryan/Code/TechOptimum/Tech-Optimum-Website/node_modules/@chakra-ui/icons/dist/chakra-ui-icons.cjs.d.ts","/home/aryan/Code/TechOptimum/Tech-Optimum-Website/node_modules/@chakra-ui/react/dist/chakra-ui-react.cjs.d.ts","/home/aryan/Code/TechOptimum/Tech-Optimum-Website/node_modules/@emotion/react/types/index.d.ts","/home/aryan/Code/TechOptimum/Tech-Optimum-Website/node_modules/@emotion/styled/types/index.d.ts","/home/aryan/.cache/typescript/4.6/node_modules/@types/aos/index.d.ts","/home/aryan/Code/TechOptimum/Tech-Optimum-Website/node_modules/framer-motion/dist/index.d.ts","/home/aryan/Code/TechOptimum/Tech-Optimum-Website/node_modules/next/index.d.ts","/home/aryan/Code/TechOptimum/Tech-Optimum-Website/node_modules/react-countup/build/index.d.ts","/home/aryan/.cache/typescript/4.6/node_modules/@types/react-dom/index.d.ts","/home/aryan/Code/TechOptimum/Tech-Optimum-Website/node_modules/react-icons/lib/esm/index.d.ts","/home/aryan/Code/TechOptimum/Tech-Optimum-Website/node_modules/@svgr/webpack/dist/index.d.ts","/home/aryan/.cache/typescript/4.6/node_modules/@types/eslint/index.d.ts"],"newTypingNames":["all","react","styled-components","eslint-config-next"],"filesToWatch":["/home/aryan/Code/TechOptimum/Tech-Optimum-Website/bower_components","/home/aryan/Code/TechOptimum/Tech-Optimum-Website/package.json","/home/aryan/Code/TechOptimum/Tech-Optimum-Website/node_modules"]}
[15:13:08.805] Finished typings discovery: {"cachedTypingPaths":["/home/aryan/Code/TechOptimum/Tech-Optimum-Website/node_modules/@chakra-ui/icons/dist/chakra-ui-icons.cjs.d.ts","/home/aryan/Code/TechOptimum/Tech-Optimum-Website/node_modules/@chakra-ui/react/dist/chakra-ui-react.cjs.d.ts","/home/aryan/Code/TechOptimum/Tech-Optimum-Website/node_modules/@emotion/react/types/index.d.ts","/home/aryan/Code/TechOptimum/Tech-Optimum-Website/node_modules/@emotion/styled/types/index.d.ts","/home/aryan/.cache/typescript/4.6/node_modules/@types/aos/index.d.ts","/home/aryan/Code/TechOptimum/Tech-Optimum-Website/node_modules/framer-motion/dist/index.d.ts","/home/aryan/Code/TechOptimum/Tech-Optimum-Website/node_modules/next/index.d.ts","/home/aryan/Code/TechOptimum/Tech-Optimum-Website/node_modules/react-countup/build/index.d.ts","/home/aryan/.cache/typescript/4.6/node_modules/@types/react-dom/index.d.ts","/home/aryan/Code/TechOptimum/Tech-Optimum-Website/node_modules/react-icons/lib/esm/index.d.ts","/home/aryan/Code/TechOptimum/Tech-Optimum-Website/node_modules/@svgr/webpack/dist/index.d.ts","/home/aryan/.cache/typescript/4.6/node_modules/@types/eslint/index.d.ts"],"newTypingNames":["all","react","styled-components","eslint-config-next"],"filesToWatch":["/home/aryan/Code/TechOptimum/Tech-Optimum-Website/bower_components","/home/aryan/Code/TechOptimum/Tech-Optimum-Website/package.json","/home/aryan/Code/TechOptimum/Tech-Optimum-Website/node_modules"]}
[15:13:08.805] DirectoryWatcher:: Added:: WatchInfo: /home/aryan/Code/TechOptimum/Tech-Optimum-Website/bower_components
[15:13:08.806] DirectoryWatcher:: Added:: WatchInfo: /home/aryan/Code/TechOptimum/Tech-Optimum-Website/bower_components 1 undefined Project: /dev/null/inferredProject1* watcher already invoked: false
[15:13:08.806] Elapsed:: 0.8815709999762475ms DirectoryWatcher:: Added:: WatchInfo: /home/aryan/Code/TechOptimum/Tech-Optimum-Website/bower_components 1 undefined Project: /dev/null/inferredProject1* watcher already invoked: false
[15:13:08.806] FileWatcher:: Added:: WatchInfo: /home/aryan/Code/TechOptimum/Tech-Optimum-Website/package.json
[15:13:08.807] FileWatcher:: Added:: WatchInfo: /home/aryan/Code/TechOptimum/Tech-Optimum-Website/package.json 2000 undefined Project: /dev/null/inferredProject1* watcher already invoked: false
[15:13:08.807] DirectoryWatcher:: Added:: WatchInfo: /home/aryan/Code/TechOptimum/Tech-Optimum-Website/node_modules
[15:13:08.807] DirectoryWatcher:: Added:: WatchInfo: /home/aryan/Code/TechOptimum/Tech-Optimum-Website/node_modules 1 undefined Project: /dev/null/inferredProject1* watcher already invoked: false
[15:13:08.809] Elapsed:: 2.2954879999160767ms DirectoryWatcher:: Added:: WatchInfo: /home/aryan/Code/TechOptimum/Tech-Optimum-Website/node_modules 1 undefined Project: /dev/null/inferredProject1* watcher already invoked: false
[15:13:08.809] Installing typings ["all","react","styled-components","eslint-config-next"]
[15:13:08.809] 'all':: Entry for package 'all' does not exist in local types registry - skipping...
[15:13:08.809] 'eslint-config-next':: Entry for package 'eslint-config-next' does not exist in local types registry - skipping...
[15:13:08.810] Npm config file: /home/aryan/.cache/typescript/4.6/package.json
[15:13:08.810] Sending response:
    {"kind":"event::beginInstallTypes","eventId":1,"typingsInstallerVersion":"4.6.2","projectName":"/dev/null/inferredProject1*"}
[15:13:08.810] Response has been sent.
[15:13:08.810] #1 with arguments'["@types/react@ts4.6","@types/styled-components@ts4.6"]'.
[15:13:08.810] Exec: /usr/bin/npm install --ignore-scripts @types/react@ts4.6 @types/styled-components@ts4.6 --save-dev --user-agent="typesInstaller/4.6.2"
[15:13:09.980]     Succeeded. stdout:
    
    changed 2 packages, and audited 95 packages in 988ms

9 packages are looking for funding
  run `npm fund` for details

found 0 vulnerabilities

[15:13:09.980] npm install #1 took: 1170 ms
[15:13:09.980] Installed typings ["@types/react@ts4.6","@types/styled-components@ts4.6"]
[15:13:09.983] Installed typing files ["/home/aryan/.cache/typescript/4.6/node_modules/@types/react/index.d.ts","/home/aryan/.cache/typescript/4.6/node_modules/@types/styled-components/index.d.ts"]
[15:13:09.983] Sending response:
    {"projectName":"/dev/null/inferredProject1*","typeAcquisition":{"enable":true,"include":[],"exclude":[]},"compilerOptions":{"module":1,"target":3,"jsx":1,"allowJs":true,"allowSyntheticDefaultImports":true,"allowNonTsExtensions":true,"noEmitForJsFiles":true,"maxNodeModuleJsDepth":2},"typings":["/home/aryan/Code/TechOptimum/Tech-Optimum-Website/node_modules/@chakra-ui/icons/dist/chakra-ui-icons.cjs.d.ts","/home/aryan/Code/TechOptimum/Tech-Optimum-Website/node_modules/@chakra-ui/react/dist/chakra-ui-react.cjs.d.ts","/home/aryan/Code/TechOptimum/Tech-Optimum-Website/node_modules/@emotion/react/types/index.d.ts","/home/aryan/Code/TechOptimum/Tech-Optimum-Website/node_modules/@emotion/styled/types/index.d.ts","/home/aryan/.cache/typescript/4.6/node_modules/@types/aos/index.d.ts","/home/aryan/Code/TechOptimum/Tech-Optimum-Website/node_modules/framer-motion/dist/index.d.ts","/home/aryan/Code/TechOptimum/Tech-Optimum-Website/node_modules/next/index.d.ts","/home/aryan/Code/TechOptimum/Tech-Optimum-Website/node_modules/react-countup/build/index.d.ts","/home/aryan/.cache/typescript/4.6/node_modules/@types/react-dom/index.d.ts","/home/aryan/Code/TechOptimum/Tech-Optimum-Website/node_modules/react-icons/lib/esm/index.d.ts","/home/aryan/Code/TechOptimum/Tech-Optimum-Website/node_modules/@svgr/webpack/dist/index.d.ts","/home/aryan/.cache/typescript/4.6/node_modules/@types/eslint/index.d.ts","/home/aryan/.cache/typescript/4.6/node_modules/@types/react/index.d.ts","/home/aryan/.cache/typescript/4.6/node_modules/@types/styled-components/index.d.ts"],"unresolvedImports":[],"kind":"action::set"}
[15:13:09.983] Response has been sent.
[15:13:09.983] Sending response:
    {"kind":"event::endInstallTypes","eventId":1,"projectName":"/dev/null/inferredProject1*","packagesToInstall":["@types/react@ts4.6","@types/styled-components@ts4.6"],"installSuccess":true,"typingsInstallerVersion":"4.6.2"}
[15:13:09.983] Response has been sent.
[15:13:12.531] Got install request {"projectName":"/dev/null/inferredProject1*","fileNames":["/usr/lib/node_modules/typescript/lib/lib.es5.d.ts","/usr/lib/node_modules/typescript/lib/lib.es2015.d.ts","/usr/lib/node_modules/typescript/lib/lib.es2016.d.ts","/usr/lib/node_modules/typescript/lib/lib.dom.d.ts","/usr/lib/node_modules/typescript/lib/lib.dom.iterable.d.ts","/usr/lib/node_modules/typescript/lib/lib.webworker.importscripts.d.ts","/usr/lib/node_modules/typescript/lib/lib.scripthost.d.ts","/usr/lib/node_modules/typescript/lib/lib.es2015.core.d.ts","/usr/lib/node_modules/typescript/lib/lib.es2015.collection.d.ts","/usr/lib/node_modules/typescript/lib/lib.es2015.generator.d.ts","/usr/lib/node_modules/typescript/lib/lib.es2015.iterable.d.ts","/usr/lib/node_modules/typescript/lib/lib.es2015.promise.d.ts","/usr/lib/node_modules/typescript/lib/lib.es2015.proxy.d.ts","/usr/lib/node_modules/typescript/lib/lib.es2015.reflect.d.ts","/usr/lib/node_modules/typescript/lib/lib.es2015.symbol.d.ts","/usr/lib/node_modules/typescript/lib/lib.es2015.symbol.wellknown.d.ts","/usr/lib/node_modules/typescript/lib/lib.es2016.array.include.d.ts","/usr/lib/node_modules/typescript/lib/lib.es2016.full.d.ts","/home/aryan/Code/TechOptimum/Tech-Optimum-Website/next.config.js","/home/aryan/.cache/typescript/4.6/node_modules/@types/aos/index.d.ts","/home/aryan/.cache/typescript/4.6/node_modules/@types/eslint/helpers.d.ts","/home/aryan/.cache/typescript/4.6/node_modules/@types/eslint/index.d.ts","/home/aryan/.cache/typescript/4.6/node_modules/@types/react/global.d.ts","/home/aryan/.cache/typescript/4.6/node_modules/@types/react/index.d.ts","/home/aryan/.cache/typescript/4.6/node_modules/@types/react-dom/index.d.ts","/home/aryan/.cache/typescript/4.6/node_modules/@types/styled-components/index.d.ts","/home/aryan/Code/TechOptimum/Tech-Optimum-Website/node_modules/@chakra-ui/icons/dist/chakra-ui-icons.cjs.d.ts","/home/aryan/Code/TechOptimum/Tech-Optimum-Website/node_modules/@chakra-ui/react/dist/chakra-ui-react.cjs.d.ts","/home/aryan/Code/TechOptimum/Tech-Optimum-Website/node_modules/@emotion/react/types/index.d.ts","/home/aryan/Code/TechOptimum/Tech-Optimum-Website/node_modules/@emotion/styled/types/index.d.ts","/home/aryan/Code/TechOptimum/Tech-Optimum-Website/node_modules/@svgr/webpack/dist/index.d.ts","/home/aryan/Code/TechOptimum/Tech-Optimum-Website/node_modules/framer-motion/dist/index.d.ts","/home/aryan/Code/TechOptimum/Tech-Optimum-Website/node_modules/next/amp.d.ts","/home/aryan/Code/TechOptimum/Tech-Optimum-Website/node_modules/next/app.d.ts","/home/aryan/Code/TechOptimum/Tech-Optimum-Website/node_modules/next/config.d.ts","/home/aryan/Code/TechOptimum/Tech-Optimum-Website/node_modules/next/document.d.ts","/home/aryan/Code/TechOptimum/Tech-Optimum-Website/node_modules/next/dynamic.d.ts","/home/aryan/Code/TechOptimum/Tech-Optimum-Website/node_modules/next/error.d.ts","/home/aryan/Code/TechOptimum/Tech-Optimum-Website/node_modules/next/head.d.ts","/home/aryan/Code/TechOptimum/Tech-Optimum-Website/node_modules/next/image.d.ts","/home/aryan/Code/TechOptimum/Tech-Optimum-Website/node_modules/next/link.d.ts","/home/aryan/Code/TechOptimum/Tech-Optimum-Website/node_modules/next/router.d.ts","/home/aryan/Code/TechOptimum/Tech-Optimum-Website/node_modules/next/script.d.ts","/home/aryan/Code/TechOptimum/Tech-Optimum-Website/node_modules/next/server.d.ts","/home/aryan/Code/TechOptimum/Tech-Optimum-Website/node_modules/next/index.d.ts","/home/aryan/Code/TechOptimum/Tech-Optimum-Website/node_modules/react-countup/build/index.d.ts","/home/aryan/Code/TechOptimum/Tech-Optimum-Website/node_modules/react-icons/lib/esm/index.d.ts"],"compilerOptions":{"module":1,"target":3,"jsx":1,"allowJs":true,"allowSyntheticDefaultImports":true,"allowNonTsExtensions":true,"noEmitForJsFiles":true,"maxNodeModuleJsDepth":2},"typeAcquisition":{"enable":true,"include":[],"exclude":[]},"unresolvedImports":["@chakra-ui/accordion","@chakra-ui/alert","@chakra-ui/avatar","@chakra-ui/breadcrumb","@chakra-ui/button","@chakra-ui/checkbox","@chakra-ui/close-button","@chakra-ui/control-box","@chakra-ui/counter","@chakra-ui/css-reset","@chakra-ui/editable","@chakra-ui/form-control","@chakra-ui/hooks","@chakra-ui/icon","@chakra-ui/image","@chakra-ui/input","@chakra-ui/layout","@chakra-ui/media-query","@chakra-ui/menu","@chakra-ui/modal","@chakra-ui/number-input","@chakra-ui/pin-input","@chakra-ui/popover","@chakra-ui/popper","@chakra-ui/portal","@chakra-ui/progress","@chakra-ui/provider","@chakra-ui/radio","@chakra-ui/select","@chakra-ui/skeleton","@chakra-ui/slider","@chakra-ui/spinner","@chakra-ui/stat","@chakra-ui/styled-system","@chakra-ui/switch","@chakra-ui/system","@chakra-ui/table","@chakra-ui/tabs","@chakra-ui/tag","@chakra-ui/textarea","@chakra-ui/theme","@chakra-ui/theme-tools","@chakra-ui/toast","@chakra-ui/tooltip","@chakra-ui/transition","@chakra-ui/utils","@chakra-ui/visually-hidden","@emotion/cache","@emotion/serialize","@motionone/dom","@svgr/core","countup.js","popmotion"],"projectRootPath":"/home/aryan/Code/TechOptimum/Tech-Optimum-Website","kind":"discover"}
[15:13:12.531] Explicitly included types: []
[15:13:12.532] Typing names in '/home/aryan/Code/TechOptimum/Tech-Optimum-Website/package.json' dependencies: ["@chakra-ui/icons","@chakra-ui/react","@emotion/react","@emotion/styled","all","aos","framer-motion","next","react","react-countup","react-dom","react-icons","styled-components","@svgr/webpack","eslint","eslint-config-next"]
[15:13:12.532] Searching for typing names in /home/aryan/Code/TechOptimum/Tech-Optimum-Website/node_modules; all files: ["/home/aryan/Code/TechOptimum/Tech-Optimum-Website/node_modules/@chakra-ui/icons/package.json","/home/aryan/Code/TechOptimum/Tech-Optimum-Website/node_modules/@chakra-ui/react/package.json","/home/aryan/Code/TechOptimum/Tech-Optimum-Website/node_modules/@emotion/react/package.json","/home/aryan/Code/TechOptimum/Tech-Optimum-Website/node_modules/@emotion/styled/package.json","/home/aryan/Code/TechOptimum/Tech-Optimum-Website/node_modules/all/package.json","/home/aryan/Code/TechOptimum/Tech-Optimum-Website/node_modules/aos/package.json","/home/aryan/Code/TechOptimum/Tech-Optimum-Website/node_modules/framer-motion/package.json","/home/aryan/Code/TechOptimum/Tech-Optimum-Website/node_modules/next/package.json","/home/aryan/Code/TechOptimum/Tech-Optimum-Website/node_modules/react/package.json","/home/aryan/Code/TechOptimum/Tech-Optimum-Website/node_modules/react-countup/package.json","/home/aryan/Code/TechOptimum/Tech-Optimum-Website/node_modules/react-dom/package.json","/home/aryan/Code/TechOptimum/Tech-Optimum-Website/node_modules/react-icons/package.json","/home/aryan/Code/TechOptimum/Tech-Optimum-Website/node_modules/styled-components/package.json","/home/aryan/Code/TechOptimum/Tech-Optimum-Website/node_modules/@svgr/webpack/package.json","/home/aryan/Code/TechOptimum/Tech-Optimum-Website/node_modules/eslint/package.json","/home/aryan/Code/TechOptimum/Tech-Optimum-Website/node_modules/eslint-config-next/package.json"]
[15:13:12.533]     Package '@chakra-ui/icons' provides its own types.
[15:13:12.534]     Package '@chakra-ui/react' provides its own types.
[15:13:12.535]     Package '@emotion/react' provides its own types.
[15:13:12.536]     Package '@emotion/styled' provides its own types.
[15:13:12.539]     Package 'framer-motion' provides its own types.
[15:13:12.542]     Package 'next' provides its own types.
[15:13:12.543]     Package 'react-countup' provides its own types.
[15:13:12.545]     Package 'react-icons' provides its own types.
[15:13:12.547]     Package '@svgr/webpack' provides its own types.
[15:13:12.549]     Found package names: ["all","aos","react","react-dom","styled-components","eslint","eslint-config-next"]
[15:13:12.550] Inferred typings from unresolved imports: ["@chakra-ui/accordion","@chakra-ui/alert","@chakra-ui/editable","@chakra-ui/form-control","@chakra-ui/hooks","@chakra-ui/icon","@chakra-ui/image","@chakra-ui/input","@chakra-ui/layout","@chakra-ui/media-query","@chakra-ui/menu","@chakra-ui/modal","@chakra-ui/avatar","@chakra-ui/number-input","@chakra-ui/pin-input","@chakra-ui/popover","@chakra-ui/popper","@chakra-ui/portal","@chakra-ui/progress","@chakra-ui/provider","@chakra-ui/radio","@chakra-ui/select","@chakra-ui/skeleton","@chakra-ui/breadcrumb","@chakra-ui/slider","@chakra-ui/spinner","@chakra-ui/stat","@chakra-ui/styled-system","@chakra-ui/switch","@chakra-ui/system","@chakra-ui/table","@chakra-ui/tabs","@chakra-ui/tag","@chakra-ui/textarea","@chakra-ui/button","@chakra-ui/theme","@chakra-ui/theme-tools","@chakra-ui/toast","@chakra-ui/tooltip","@chakra-ui/transition","@chakra-ui/utils","@chakra-ui/visually-hidden","@emotion/cache","@emotion/serialize","@motionone/dom","@chakra-ui/checkbox","@svgr/core","countup.js","popmotion","@chakra-ui/close-button","@chakra-ui/control-box","@chakra-ui/counter","@chakra-ui/css-reset"]
[15:13:12.551] Result: {"cachedTypingPaths":["/home/aryan/Code/TechOptimum/Tech-Optimum-Website/node_modules/@chakra-ui/icons/dist/chakra-ui-icons.cjs.d.ts","/home/aryan/Code/TechOptimum/Tech-Optimum-Website/node_modules/@chakra-ui/react/dist/chakra-ui-react.cjs.d.ts","/home/aryan/Code/TechOptimum/Tech-Optimum-Website/node_modules/@emotion/react/types/index.d.ts","/home/aryan/Code/TechOptimum/Tech-Optimum-Website/node_modules/@emotion/styled/types/index.d.ts","/home/aryan/.cache/typescript/4.6/node_modules/@types/aos/index.d.ts","/home/aryan/Code/TechOptimum/Tech-Optimum-Website/node_modules/framer-motion/dist/index.d.ts","/home/aryan/Code/TechOptimum/Tech-Optimum-Website/node_modules/next/index.d.ts","/home/aryan/.cache/typescript/4.6/node_modules/@types/react/index.d.ts","/home/aryan/Code/TechOptimum/Tech-Optimum-Website/node_modules/react-countup/build/index.d.ts","/home/aryan/.cache/typescript/4.6/node_modules/@types/react-dom/index.d.ts","/home/aryan/Code/TechOptimum/Tech-Optimum-Website/node_modules/react-icons/lib/esm/index.d.ts","/home/aryan/.cache/typescript/4.6/node_modules/@types/styled-components/index.d.ts","/home/aryan/Code/TechOptimum/Tech-Optimum-Website/node_modules/@svgr/webpack/dist/index.d.ts","/home/aryan/.cache/typescript/4.6/node_modules/@types/eslint/index.d.ts"],"newTypingNames":["all","eslint-config-next","@chakra-ui/accordion","@chakra-ui/alert","@chakra-ui/editable","@chakra-ui/form-control","@chakra-ui/hooks","@chakra-ui/icon","@chakra-ui/image","@chakra-ui/input","@chakra-ui/layout","@chakra-ui/media-query","@chakra-ui/menu","@chakra-ui/modal","@chakra-ui/avatar","@chakra-ui/number-input","@chakra-ui/pin-input","@chakra-ui/popover","@chakra-ui/popper","@chakra-ui/portal","@chakra-ui/progress","@chakra-ui/provider","@chakra-ui/radio","@chakra-ui/select","@chakra-ui/skeleton","@chakra-ui/breadcrumb","@chakra-ui/slider","@chakra-ui/spinner","@chakra-ui/stat","@chakra-ui/styled-system","@chakra-ui/switch","@chakra-ui/system","@chakra-ui/table","@chakra-ui/tabs","@chakra-ui/tag","@chakra-ui/textarea","@chakra-ui/button","@chakra-ui/theme","@chakra-ui/theme-tools","@chakra-ui/toast","@chakra-ui/tooltip","@chakra-ui/transition","@chakra-ui/utils","@chakra-ui/visually-hidden","@emotion/cache","@emotion/serialize","@motionone/dom","@chakra-ui/checkbox","@svgr/core","countup.js","popmotion","@chakra-ui/close-button","@chakra-ui/control-box","@chakra-ui/counter","@chakra-ui/css-reset"],"filesToWatch":["/home/aryan/Code/TechOptimum/Tech-Optimum-Website/bower_components","/home/aryan/Code/TechOptimum/Tech-Optimum-Website/package.json","/home/aryan/Code/TechOptimum/Tech-Optimum-Website/node_modules"]}
[15:13:12.551] Finished typings discovery: {"cachedTypingPaths":["/home/aryan/Code/TechOptimum/Tech-Optimum-Website/node_modules/@chakra-ui/icons/dist/chakra-ui-icons.cjs.d.ts","/home/aryan/Code/TechOptimum/Tech-Optimum-Website/node_modules/@chakra-ui/react/dist/chakra-ui-react.cjs.d.ts","/home/aryan/Code/TechOptimum/Tech-Optimum-Website/node_modules/@emotion/react/types/index.d.ts","/home/aryan/Code/TechOptimum/Tech-Optimum-Website/node_modules/@emotion/styled/types/index.d.ts","/home/aryan/.cache/typescript/4.6/node_modules/@types/aos/index.d.ts","/home/aryan/Code/TechOptimum/Tech-Optimum-Website/node_modules/framer-motion/dist/index.d.ts","/home/aryan/Code/TechOptimum/Tech-Optimum-Website/node_modules/next/index.d.ts","/home/aryan/.cache/typescript/4.6/node_modules/@types/react/index.d.ts","/home/aryan/Code/TechOptimum/Tech-Optimum-Website/node_modules/react-countup/build/index.d.ts","/home/aryan/.cache/typescript/4.6/node_modules/@types/react-dom/index.d.ts","/home/aryan/Code/TechOptimum/Tech-Optimum-Website/node_modules/react-icons/lib/esm/index.d.ts","/home/aryan/.cache/typescript/4.6/node_modules/@types/styled-components/index.d.ts","/home/aryan/Code/TechOptimum/Tech-Optimum-Website/node_modules/@svgr/webpack/dist/index.d.ts","/home/aryan/.cache/typescript/4.6/node_modules/@types/eslint/index.d.ts"],"newTypingNames":["all","eslint-config-next","@chakra-ui/accordion","@chakra-ui/alert","@chakra-ui/editable","@chakra-ui/form-control","@chakra-ui/hooks","@chakra-ui/icon","@chakra-ui/image","@chakra-ui/input","@chakra-ui/layout","@chakra-ui/media-query","@chakra-ui/menu","@chakra-ui/modal","@chakra-ui/avatar","@chakra-ui/number-input","@chakra-ui/pin-input","@chakra-ui/popover","@chakra-ui/popper","@chakra-ui/portal","@chakra-ui/progress","@chakra-ui/provider","@chakra-ui/radio","@chakra-ui/select","@chakra-ui/skeleton","@chakra-ui/breadcrumb","@chakra-ui/slider","@chakra-ui/spinner","@chakra-ui/stat","@chakra-ui/styled-system","@chakra-ui/switch","@chakra-ui/system","@chakra-ui/table","@chakra-ui/tabs","@chakra-ui/tag","@chakra-ui/textarea","@chakra-ui/button","@chakra-ui/theme","@chakra-ui/theme-tools","@chakra-ui/toast","@chakra-ui/tooltip","@chakra-ui/transition","@chakra-ui/utils","@chakra-ui/visually-hidden","@emotion/cache","@emotion/serialize","@motionone/dom","@chakra-ui/checkbox","@svgr/core","countup.js","popmotion","@chakra-ui/close-button","@chakra-ui/control-box","@chakra-ui/counter","@chakra-ui/css-reset"],"filesToWatch":["/home/aryan/Code/TechOptimum/Tech-Optimum-Website/bower_components","/home/aryan/Code/TechOptimum/Tech-Optimum-Website/package.json","/home/aryan/Code/TechOptimum/Tech-Optimum-Website/node_modules"]}
[15:13:12.551] Installing typings ["all","eslint-config-next","@chakra-ui/accordion","@chakra-ui/alert","@chakra-ui/editable","@chakra-ui/form-control","@chakra-ui/hooks","@chakra-ui/icon","@chakra-ui/image","@chakra-ui/input","@chakra-ui/layout","@chakra-ui/media-query","@chakra-ui/menu","@chakra-ui/modal","@chakra-ui/avatar","@chakra-ui/number-input","@chakra-ui/pin-input","@chakra-ui/popover","@chakra-ui/popper","@chakra-ui/portal","@chakra-ui/progress","@chakra-ui/provider","@chakra-ui/radio","@chakra-ui/select","@chakra-ui/skeleton","@chakra-ui/breadcrumb","@chakra-ui/slider","@chakra-ui/spinner","@chakra-ui/stat","@chakra-ui/styled-system","@chakra-ui/switch","@chakra-ui/system","@chakra-ui/table","@chakra-ui/tabs","@chakra-ui/tag","@chakra-ui/textarea","@chakra-ui/button","@chakra-ui/theme","@chakra-ui/theme-tools","@chakra-ui/toast","@chakra-ui/tooltip","@chakra-ui/transition","@chakra-ui/utils","@chakra-ui/visually-hidden","@emotion/cache","@emotion/serialize","@motionone/dom","@chakra-ui/checkbox","@svgr/core","countup.js","popmotion","@chakra-ui/close-button","@chakra-ui/control-box","@chakra-ui/counter","@chakra-ui/css-reset"]
[15:13:12.551] 'all':: Entry for package 'all' does not exist in local types registry - skipping...
[15:13:12.551] 'eslint-config-next':: Entry for package 'eslint-config-next' does not exist in local types registry - skipping...
[15:13:12.552] '@chakra-ui/accordion':: Entry for package 'chakra-ui__accordion' does not exist in local types registry - skipping...
[15:13:12.552] '@chakra-ui/alert':: Entry for package 'chakra-ui__alert' does not exist in local types registry - skipping...
[15:13:12.552] '@chakra-ui/editable':: Entry for package 'chakra-ui__editable' does not exist in local types registry - skipping...
[15:13:12.553] '@chakra-ui/form-control':: Entry for package 'chakra-ui__form-control' does not exist in local types registry - skipping...
[15:13:12.553] '@chakra-ui/hooks':: Entry for package 'chakra-ui__hooks' does not exist in local types registry - skipping...
[15:13:12.553] '@chakra-ui/icon':: Entry for package 'chakra-ui__icon' does not exist in local types registry - skipping...
[15:13:12.553] '@chakra-ui/image':: Entry for package 'chakra-ui__image' does not exist in local types registry - skipping...
[15:13:12.553] '@chakra-ui/input':: Entry for package 'chakra-ui__input' does not exist in local types registry - skipping...
[15:13:12.553] '@chakra-ui/layout':: Entry for package 'chakra-ui__layout' does not exist in local types registry - skipping...
[15:13:12.553] '@chakra-ui/media-query':: Entry for package 'chakra-ui__media-query' does not exist in local types registry - skipping...
[15:13:12.553] '@chakra-ui/menu':: Entry for package 'chakra-ui__menu' does not exist in local types registry - skipping...
[15:13:12.553] '@chakra-ui/modal':: Entry for package 'chakra-ui__modal' does not exist in local types registry - skipping...
[15:13:12.553] '@chakra-ui/avatar':: Entry for package 'chakra-ui__avatar' does not exist in local types registry - skipping...
[15:13:12.553] '@chakra-ui/number-input':: Entry for package 'chakra-ui__number-input' does not exist in local types registry - skipping...
[15:13:12.553] '@chakra-ui/pin-input':: Entry for package 'chakra-ui__pin-input' does not exist in local types registry - skipping...
[15:13:12.553] '@chakra-ui/popover':: Entry for package 'chakra-ui__popover' does not exist in local types registry - skipping...
[15:13:12.553] '@chakra-ui/popper':: Entry for package 'chakra-ui__popper' does not exist in local types registry - skipping...
[15:13:12.553] '@chakra-ui/portal':: Entry for package 'chakra-ui__portal' does not exist in local types registry - skipping...
[15:13:12.553] '@chakra-ui/progress':: Entry for package 'chakra-ui__progress' does not exist in local types registry - skipping...
[15:13:12.553] '@chakra-ui/provider':: Entry for package 'chakra-ui__provider' does not exist in local types registry - skipping...
[15:13:12.554] '@chakra-ui/radio':: Entry for package 'chakra-ui__radio' does not exist in local types registry - skipping...
[15:13:12.554] '@chakra-ui/select':: Entry for package 'chakra-ui__select' does not exist in local types registry - skipping...
[15:13:12.554] '@chakra-ui/skeleton':: Entry for package 'chakra-ui__skeleton' does not exist in local types registry - skipping...
[15:13:12.554] '@chakra-ui/breadcrumb':: Entry for package 'chakra-ui__breadcrumb' does not exist in local types registry - skipping...
[15:13:12.554] '@chakra-ui/slider':: Entry for package 'chakra-ui__slider' does not exist in local types registry - skipping...
[15:13:12.554] '@chakra-ui/spinner':: Entry for package 'chakra-ui__spinner' does not exist in local types registry - skipping...
[15:13:12.554] '@chakra-ui/stat':: Entry for package 'chakra-ui__stat' does not exist in local types registry - skipping...
[15:13:12.554] '@chakra-ui/styled-system':: Entry for package 'chakra-ui__styled-system' does not exist in local types registry - skipping...
[15:13:12.554] '@chakra-ui/switch':: Entry for package 'chakra-ui__switch' does not exist in local types registry - skipping...
[15:13:12.554] '@chakra-ui/system':: Entry for package 'chakra-ui__system' does not exist in local types registry - skipping...
[15:13:12.554] '@chakra-ui/table':: Entry for package 'chakra-ui__table' does not exist in local types registry - skipping...
[15:13:12.554] '@chakra-ui/tabs':: Entry for package 'chakra-ui__tabs' does not exist in local types registry - skipping...
[15:13:12.554] '@chakra-ui/tag':: Entry for package 'chakra-ui__tag' does not exist in local types registry - skipping...
[15:13:12.554] '@chakra-ui/textarea':: Entry for package 'chakra-ui__textarea' does not exist in local types registry - skipping...
[15:13:12.554] '@chakra-ui/button':: Entry for package 'chakra-ui__button' does not exist in local types registry - skipping...
[15:13:12.554] '@chakra-ui/theme':: Entry for package 'chakra-ui__theme' does not exist in local types registry - skipping...
[15:13:12.554] '@chakra-ui/theme-tools':: Entry for package 'chakra-ui__theme-tools' does not exist in local types registry - skipping...
[15:13:12.554] '@chakra-ui/toast':: Entry for package 'chakra-ui__toast' does not exist in local types registry - skipping...
[15:13:12.554] '@chakra-ui/tooltip':: Entry for package 'chakra-ui__tooltip' does not exist in local types registry - skipping...
[15:13:12.554] '@chakra-ui/transition':: Entry for package 'chakra-ui__transition' does not exist in local types registry - skipping...
[15:13:12.554] '@chakra-ui/utils':: Entry for package 'chakra-ui__utils' does not exist in local types registry - skipping...
[15:13:12.554] '@chakra-ui/visually-hidden':: Entry for package 'chakra-ui__visually-hidden' does not exist in local types registry - skipping...
[15:13:12.554] '@emotion/cache':: Entry for package 'emotion__cache' does not exist in local types registry - skipping...
[15:13:12.554] '@emotion/serialize':: Entry for package 'emotion__serialize' does not exist in local types registry - skipping...
[15:13:12.554] '@motionone/dom':: Entry for package 'motionone__dom' does not exist in local types registry - skipping...
[15:13:12.555] '@chakra-ui/checkbox':: Entry for package 'chakra-ui__checkbox' does not exist in local types registry - skipping...
[15:13:12.555] '@svgr/core':: Entry for package 'svgr__core' does not exist in local types registry - skipping...
[15:13:12.555] 'countup.js':: Entry for package 'countup.js' does not exist in local types registry - skipping...
[15:13:12.555] 'popmotion':: Entry for package 'popmotion' does not exist in local types registry - skipping...
[15:13:12.555] '@chakra-ui/close-button':: Entry for package 'chakra-ui__close-button' does not exist in local types registry - skipping...
[15:13:12.555] '@chakra-ui/control-box':: Entry for package 'chakra-ui__control-box' does not exist in local types registry - skipping...
[15:13:12.555] '@chakra-ui/counter':: Entry for package 'chakra-ui__counter' does not exist in local types registry - skipping...
[15:13:12.555] '@chakra-ui/css-reset':: Entry for package 'chakra-ui__css-reset' does not exist in local types registry - skipping...
[15:13:12.555] All typings are known to be missing or invalid - no need to install more typings
[15:13:12.555] Sending response:
    {"projectName":"/dev/null/inferredProject1*","typeAcquisition":{"enable":true,"include":[],"exclude":[]},"compilerOptions":{"module":1,"target":3,"jsx":1,"allowJs":true,"allowSyntheticDefaultImports":true,"allowNonTsExtensions":true,"noEmitForJsFiles":true,"maxNodeModuleJsDepth":2},"typings":["/home/aryan/Code/TechOptimum/Tech-Optimum-Website/node_modules/@chakra-ui/icons/dist/chakra-ui-icons.cjs.d.ts","/home/aryan/Code/TechOptimum/Tech-Optimum-Website/node_modules/@chakra-ui/react/dist/chakra-ui-react.cjs.d.ts","/home/aryan/Code/TechOptimum/Tech-Optimum-Website/node_modules/@emotion/react/types/index.d.ts","/home/aryan/Code/TechOptimum/Tech-Optimum-Website/node_modules/@emotion/styled/types/index.d.ts","/home/aryan/.cache/typescript/4.6/node_modules/@types/aos/index.d.ts","/home/aryan/Code/TechOptimum/Tech-Optimum-Website/node_modules/framer-motion/dist/index.d.ts","/home/aryan/Code/TechOptimum/Tech-Optimum-Website/node_modules/next/index.d.ts","/home/aryan/.cache/typescript/4.6/node_modules/@types/react/index.d.ts","/home/aryan/Code/TechOptimum/Tech-Optimum-Website/node_modules/react-countup/build/index.d.ts","/home/aryan/.cache/typescript/4.6/node_modules/@types/react-dom/index.d.ts","/home/aryan/Code/TechOptimum/Tech-Optimum-Website/node_modules/react-icons/lib/esm/index.d.ts","/home/aryan/.cache/typescript/4.6/node_modules/@types/styled-components/index.d.ts","/home/aryan/Code/TechOptimum/Tech-Optimum-Website/node_modules/@svgr/webpack/dist/index.d.ts","/home/aryan/.cache/typescript/4.6/node_modules/@types/eslint/index.d.ts"],"unresolvedImports":["@chakra-ui/accordion","@chakra-ui/alert","@chakra-ui/avatar","@chakra-ui/breadcrumb","@chakra-ui/button","@chakra-ui/checkbox","@chakra-ui/close-button","@chakra-ui/control-box","@chakra-ui/counter","@chakra-ui/css-reset","@chakra-ui/editable","@chakra-ui/form-control","@chakra-ui/hooks","@chakra-ui/icon","@chakra-ui/image","@chakra-ui/input","@chakra-ui/layout","@chakra-ui/media-query","@chakra-ui/menu","@chakra-ui/modal","@chakra-ui/number-input","@chakra-ui/pin-input","@chakra-ui/popover","@chakra-ui/popper","@chakra-ui/portal","@chakra-ui/progress","@chakra-ui/provider","@chakra-ui/radio","@chakra-ui/select","@chakra-ui/skeleton","@chakra-ui/slider","@chakra-ui/spinner","@chakra-ui/stat","@chakra-ui/styled-system","@chakra-ui/switch","@chakra-ui/system","@chakra-ui/table","@chakra-ui/tabs","@chakra-ui/tag","@chakra-ui/textarea","@chakra-ui/theme","@chakra-ui/theme-tools","@chakra-ui/toast","@chakra-ui/tooltip","@chakra-ui/transition","@chakra-ui/utils","@chakra-ui/visually-hidden","@emotion/cache","@emotion/serialize","@motionone/dom","@svgr/core","countup.js","popmotion"],"kind":"action::set"}
[15:13:12.555] Response has been sent.
[15:15:26.340] Got install request {"projectName":"/dev/null/inferredProject1*","fileNames":["/usr/lib/node_modules/typescript/lib/lib.es5.d.ts","/usr/lib/node_modules/typescript/lib/lib.es2015.d.ts","/usr/lib/node_modules/typescript/lib/lib.es2016.d.ts","/usr/lib/node_modules/typescript/lib/lib.dom.d.ts","/usr/lib/node_modules/typescript/lib/lib.dom.iterable.d.ts","/usr/lib/node_modules/typescript/lib/lib.webworker.importscripts.d.ts","/usr/lib/node_modules/typescript/lib/lib.scripthost.d.ts","/usr/lib/node_modules/typescript/lib/lib.es2015.core.d.ts","/usr/lib/node_modules/typescript/lib/lib.es2015.collection.d.ts","/usr/lib/node_modules/typescript/lib/lib.es2015.generator.d.ts","/usr/lib/node_modules/typescript/lib/lib.es2015.iterable.d.ts","/usr/lib/node_modules/typescript/lib/lib.es2015.promise.d.ts","/usr/lib/node_modules/typescript/lib/lib.es2015.proxy.d.ts","/usr/lib/node_modules/typescript/lib/lib.es2015.reflect.d.ts","/usr/lib/node_modules/typescript/lib/lib.es2015.symbol.d.ts","/usr/lib/node_modules/typescript/lib/lib.es2015.symbol.wellknown.d.ts","/usr/lib/node_modules/typescript/lib/lib.es2016.array.include.d.ts","/usr/lib/node_modules/typescript/lib/lib.es2016.full.d.ts","/home/aryan/Code/TechOptimum/Tech-Optimum-Website/something.js","/home/aryan/.cache/typescript/4.6/node_modules/@types/aos/index.d.ts","/home/aryan/.cache/typescript/4.6/node_modules/@types/eslint/helpers.d.ts","/home/aryan/.cache/typescript/4.6/node_modules/@types/eslint/index.d.ts","/home/aryan/.cache/typescript/4.6/node_modules/@types/react/global.d.ts","/home/aryan/.cache/typescript/4.6/node_modules/@types/react/index.d.ts","/home/aryan/.cache/typescript/4.6/node_modules/@types/react-dom/index.d.ts","/home/aryan/.cache/typescript/4.6/node_modules/@types/styled-components/index.d.ts","/home/aryan/Code/TechOptimum/Tech-Optimum-Website/node_modules/@chakra-ui/icons/dist/chakra-ui-icons.cjs.d.ts","/home/aryan/Code/TechOptimum/Tech-Optimum-Website/node_modules/@chakra-ui/react/dist/chakra-ui-react.cjs.d.ts","/home/aryan/Code/TechOptimum/Tech-Optimum-Website/node_modules/@emotion/react/types/index.d.ts","/home/aryan/Code/TechOptimum/Tech-Optimum-Website/node_modules/@emotion/styled/types/index.d.ts","/home/aryan/Code/TechOptimum/Tech-Optimum-Website/node_modules/@svgr/webpack/dist/index.d.ts","/home/aryan/Code/TechOptimum/Tech-Optimum-Website/node_modules/framer-motion/dist/index.d.ts","/home/aryan/Code/TechOptimum/Tech-Optimum-Website/node_modules/next/amp.d.ts","/home/aryan/Code/TechOptimum/Tech-Optimum-Website/node_modules/next/app.d.ts","/home/aryan/Code/TechOptimum/Tech-Optimum-Website/node_modules/next/config.d.ts","/home/aryan/Code/TechOptimum/Tech-Optimum-Website/node_modules/next/document.d.ts","/home/aryan/Code/TechOptimum/Tech-Optimum-Website/node_modules/next/dynamic.d.ts","/home/aryan/Code/TechOptimum/Tech-Optimum-Website/node_modules/next/error.d.ts","/home/aryan/Code/TechOptimum/Tech-Optimum-Website/node_modules/next/head.d.ts","/home/aryan/Code/TechOptimum/Tech-Optimum-Website/node_modules/next/image.d.ts","/home/aryan/Code/TechOptimum/Tech-Optimum-Website/node_modules/next/link.d.ts","/home/aryan/Code/TechOptimum/Tech-Optimum-Website/node_modules/next/router.d.ts","/home/aryan/Code/TechOptimum/Tech-Optimum-Website/node_modules/next/script.d.ts","/home/aryan/Code/TechOptimum/Tech-Optimum-Website/node_modules/next/server.d.ts","/home/aryan/Code/TechOptimum/Tech-Optimum-Website/node_modules/next/index.d.ts","/home/aryan/Code/TechOptimum/Tech-Optimum-Website/node_modules/react-countup/build/index.d.ts","/home/aryan/Code/TechOptimum/Tech-Optimum-Website/node_modules/react-icons/lib/esm/index.d.ts"],"compilerOptions":{"module":1,"target":3,"jsx":1,"allowJs":true,"allowSyntheticDefaultImports":true,"allowNonTsExtensions":true,"noEmitForJsFiles":true,"maxNodeModuleJsDepth":2},"typeAcquisition":{"enable":true,"include":[],"exclude":[]},"unresolvedImports":["@chakra-ui/accordion","@chakra-ui/alert","@chakra-ui/avatar","@chakra-ui/breadcrumb","@chakra-ui/button","@chakra-ui/checkbox","@chakra-ui/close-button","@chakra-ui/control-box","@chakra-ui/counter","@chakra-ui/css-reset","@chakra-ui/editable","@chakra-ui/form-control","@chakra-ui/hooks","@chakra-ui/icon","@chakra-ui/image","@chakra-ui/input","@chakra-ui/layout","@chakra-ui/media-query","@chakra-ui/menu","@chakra-ui/modal","@chakra-ui/number-input","@chakra-ui/pin-input","@chakra-ui/popover","@chakra-ui/popper","@chakra-ui/portal","@chakra-ui/progress","@chakra-ui/provider","@chakra-ui/radio","@chakra-ui/select","@chakra-ui/skeleton","@chakra-ui/slider","@chakra-ui/spinner","@chakra-ui/stat","@chakra-ui/styled-system","@chakra-ui/switch","@chakra-ui/system","@chakra-ui/table","@chakra-ui/tabs","@chakra-ui/tag","@chakra-ui/textarea","@chakra-ui/theme","@chakra-ui/theme-tools","@chakra-ui/toast","@chakra-ui/tooltip","@chakra-ui/transition","@chakra-ui/utils","@chakra-ui/visually-hidden","@emotion/cache","@emotion/serialize","@motionone/dom","@next/env","@svgr/core","countup.js","popmotion"],"projectRootPath":"/home/aryan/Code/TechOptimum/Tech-Optimum-Website","kind":"discover"}
[15:15:26.340] Explicitly included types: []
[15:15:26.341] Typing names in '/home/aryan/Code/TechOptimum/Tech-Optimum-Website/package.json' dependencies: ["@chakra-ui/icons","@chakra-ui/react","@emotion/react","@emotion/styled","all","aos","framer-motion","next","react","react-countup","react-dom","react-icons","styled-components","@svgr/webpack","eslint","eslint-config-next"]
[15:15:26.341] Searching for typing names in /home/aryan/Code/TechOptimum/Tech-Optimum-Website/node_modules; all files: ["/home/aryan/Code/TechOptimum/Tech-Optimum-Website/node_modules/@chakra-ui/icons/package.json","/home/aryan/Code/TechOptimum/Tech-Optimum-Website/node_modules/@chakra-ui/react/package.json","/home/aryan/Code/TechOptimum/Tech-Optimum-Website/node_modules/@emotion/react/package.json","/home/aryan/Code/TechOptimum/Tech-Optimum-Website/node_modules/@emotion/styled/package.json","/home/aryan/Code/TechOptimum/Tech-Optimum-Website/node_modules/all/package.json","/home/aryan/Code/TechOptimum/Tech-Optimum-Website/node_modules/aos/package.json","/home/aryan/Code/TechOptimum/Tech-Optimum-Website/node_modules/framer-motion/package.json","/home/aryan/Code/TechOptimum/Tech-Optimum-Website/node_modules/next/package.json","/home/aryan/Code/TechOptimum/Tech-Optimum-Website/node_modules/react/package.json","/home/aryan/Code/TechOptimum/Tech-Optimum-Website/node_modules/react-countup/package.json","/home/aryan/Code/TechOptimum/Tech-Optimum-Website/node_modules/react-dom/package.json","/home/aryan/Code/TechOptimum/Tech-Optimum-Website/node_modules/react-icons/package.json","/home/aryan/Code/TechOptimum/Tech-Optimum-Website/node_modules/styled-components/package.json","/home/aryan/Code/TechOptimum/Tech-Optimum-Website/node_modules/@svgr/webpack/package.json","/home/aryan/Code/TechOptimum/Tech-Optimum-Website/node_modules/eslint/package.json","/home/aryan/Code/TechOptimum/Tech-Optimum-Website/node_modules/eslint-config-next/package.json"]
[15:15:26.342]     Package '@chakra-ui/icons' provides its own types.
[15:15:26.343]     Package '@chakra-ui/react' provides its own types.
[15:15:26.344]     Package '@emotion/react' provides its own types.
[15:15:26.344]     Package '@emotion/styled' provides its own types.
[15:15:26.346]     Package 'framer-motion' provides its own types.
[15:15:26.348]     Package 'next' provides its own types.
[15:15:26.350]     Package 'react-countup' provides its own types.
[15:15:26.351]     Package 'react-icons' provides its own types.
[15:15:26.352]     Package '@svgr/webpack' provides its own types.
[15:15:26.353]     Found package names: ["all","aos","react","react-dom","styled-components","eslint","eslint-config-next"]
[15:15:26.354] Inferred typings from unresolved imports: ["@chakra-ui/accordion","@chakra-ui/alert","@chakra-ui/editable","@chakra-ui/form-control","@chakra-ui/hooks","@chakra-ui/icon","@chakra-ui/image","@chakra-ui/input","@chakra-ui/layout","@chakra-ui/media-query","@chakra-ui/menu","@chakra-ui/modal","@chakra-ui/avatar","@chakra-ui/number-input","@chakra-ui/pin-input","@chakra-ui/popover","@chakra-ui/popper","@chakra-ui/portal","@chakra-ui/progress","@chakra-ui/provider","@chakra-ui/radio","@chakra-ui/select","@chakra-ui/skeleton","@chakra-ui/breadcrumb","@chakra-ui/slider","@chakra-ui/spinner","@chakra-ui/stat","@chakra-ui/styled-system","@chakra-ui/switch","@chakra-ui/system","@chakra-ui/table","@chakra-ui/tabs","@chakra-ui/tag","@chakra-ui/textarea","@chakra-ui/button","@chakra-ui/theme","@chakra-ui/theme-tools","@chakra-ui/toast","@chakra-ui/tooltip","@chakra-ui/transition","@chakra-ui/utils","@chakra-ui/visually-hidden","@emotion/cache","@emotion/serialize","@motionone/dom","@chakra-ui/checkbox","@next/env","@svgr/core","countup.js","popmotion","@chakra-ui/close-button","@chakra-ui/control-box","@chakra-ui/counter","@chakra-ui/css-reset"]
[15:15:26.354] Result: {"cachedTypingPaths":["/home/aryan/Code/TechOptimum/Tech-Optimum-Website/node_modules/@chakra-ui/icons/dist/chakra-ui-icons.cjs.d.ts","/home/aryan/Code/TechOptimum/Tech-Optimum-Website/node_modules/@chakra-ui/react/dist/chakra-ui-react.cjs.d.ts","/home/aryan/Code/TechOptimum/Tech-Optimum-Website/node_modules/@emotion/react/types/index.d.ts","/home/aryan/Code/TechOptimum/Tech-Optimum-Website/node_modules/@emotion/styled/types/index.d.ts","/home/aryan/.cache/typescript/4.6/node_modules/@types/aos/index.d.ts","/home/aryan/Code/TechOptimum/Tech-Optimum-Website/node_modules/framer-motion/dist/index.d.ts","/home/aryan/Code/TechOptimum/Tech-Optimum-Website/node_modules/next/index.d.ts","/home/aryan/.cache/typescript/4.6/node_modules/@types/react/index.d.ts","/home/aryan/Code/TechOptimum/Tech-Optimum-Website/node_modules/react-countup/build/index.d.ts","/home/aryan/.cache/typescript/4.6/node_modules/@types/react-dom/index.d.ts","/home/aryan/Code/TechOptimum/Tech-Optimum-Website/node_modules/react-icons/lib/esm/index.d.ts","/home/aryan/.cache/typescript/4.6/node_modules/@types/styled-components/index.d.ts","/home/aryan/Code/TechOptimum/Tech-Optimum-Website/node_modules/@svgr/webpack/dist/index.d.ts","/home/aryan/.cache/typescript/4.6/node_modules/@types/eslint/index.d.ts"],"newTypingNames":["all","eslint-config-next","@chakra-ui/accordion","@chakra-ui/alert","@chakra-ui/editable","@chakra-ui/form-control","@chakra-ui/hooks","@chakra-ui/icon","@chakra-ui/image","@chakra-ui/input","@chakra-ui/layout","@chakra-ui/media-query","@chakra-ui/menu","@chakra-ui/modal","@chakra-ui/avatar","@chakra-ui/number-input","@chakra-ui/pin-input","@chakra-ui/popover","@chakra-ui/popper","@chakra-ui/portal","@chakra-ui/progress","@chakra-ui/provider","@chakra-ui/radio","@chakra-ui/select","@chakra-ui/skeleton","@chakra-ui/breadcrumb","@chakra-ui/slider","@chakra-ui/spinner","@chakra-ui/stat","@chakra-ui/styled-system","@chakra-ui/switch","@chakra-ui/system","@chakra-ui/table","@chakra-ui/tabs","@chakra-ui/tag","@chakra-ui/textarea","@chakra-ui/button","@chakra-ui/theme","@chakra-ui/theme-tools","@chakra-ui/toast","@chakra-ui/tooltip","@chakra-ui/transition","@chakra-ui/utils","@chakra-ui/visually-hidden","@emotion/cache","@emotion/serialize","@motionone/dom","@chakra-ui/checkbox","@next/env","@svgr/core","countup.js","popmotion","@chakra-ui/close-button","@chakra-ui/control-box","@chakra-ui/counter","@chakra-ui/css-reset"],"filesToWatch":["/home/aryan/Code/TechOptimum/Tech-Optimum-Website/bower_components","/home/aryan/Code/TechOptimum/Tech-Optimum-Website/package.json","/home/aryan/Code/TechOptimum/Tech-Optimum-Website/node_modules"]}
[15:15:26.354] Finished typings discovery: {"cachedTypingPaths":["/home/aryan/Code/TechOptimum/Tech-Optimum-Website/node_modules/@chakra-ui/icons/dist/chakra-ui-icons.cjs.d.ts","/home/aryan/Code/TechOptimum/Tech-Optimum-Website/node_modules/@chakra-ui/react/dist/chakra-ui-react.cjs.d.ts","/home/aryan/Code/TechOptimum/Tech-Optimum-Website/node_modules/@emotion/react/types/index.d.ts","/home/aryan/Code/TechOptimum/Tech-Optimum-Website/node_modules/@emotion/styled/types/index.d.ts","/home/aryan/.cache/typescript/4.6/node_modules/@types/aos/index.d.ts","/home/aryan/Code/TechOptimum/Tech-Optimum-Website/node_modules/framer-motion/dist/index.d.ts","/home/aryan/Code/TechOptimum/Tech-Optimum-Website/node_modules/next/index.d.ts","/home/aryan/.cache/typescript/4.6/node_modules/@types/react/index.d.ts","/home/aryan/Code/TechOptimum/Tech-Optimum-Website/node_modules/react-countup/build/index.d.ts","/home/aryan/.cache/typescript/4.6/node_modules/@types/react-dom/index.d.ts","/home/aryan/Code/TechOptimum/Tech-Optimum-Website/node_modules/react-icons/lib/esm/index.d.ts","/home/aryan/.cache/typescript/4.6/node_modules/@types/styled-components/index.d.ts","/home/aryan/Code/TechOptimum/Tech-Optimum-Website/node_modules/@svgr/webpack/dist/index.d.ts","/home/aryan/.cache/typescript/4.6/node_modules/@types/eslint/index.d.ts"],"newTypingNames":["all","eslint-config-next","@chakra-ui/accordion","@chakra-ui/alert","@chakra-ui/editable","@chakra-ui/form-control","@chakra-ui/hooks","@chakra-ui/icon","@chakra-ui/image","@chakra-ui/input","@chakra-ui/layout","@chakra-ui/media-query","@chakra-ui/menu","@chakra-ui/modal","@chakra-ui/avatar","@chakra-ui/number-input","@chakra-ui/pin-input","@chakra-ui/popover","@chakra-ui/popper","@chakra-ui/portal","@chakra-ui/progress","@chakra-ui/provider","@chakra-ui/radio","@chakra-ui/select","@chakra-ui/skeleton","@chakra-ui/breadcrumb","@chakra-ui/slider","@chakra-ui/spinner","@chakra-ui/stat","@chakra-ui/styled-system","@chakra-ui/switch","@chakra-ui/system","@chakra-ui/table","@chakra-ui/tabs","@chakra-ui/tag","@chakra-ui/textarea","@chakra-ui/button","@chakra-ui/theme","@chakra-ui/theme-tools","@chakra-ui/toast","@chakra-ui/tooltip","@chakra-ui/transition","@chakra-ui/utils","@chakra-ui/visually-hidden","@emotion/cache","@emotion/serialize","@motionone/dom","@chakra-ui/checkbox","@next/env","@svgr/core","countup.js","popmotion","@chakra-ui/close-button","@chakra-ui/control-box","@chakra-ui/counter","@chakra-ui/css-reset"],"filesToWatch":["/home/aryan/Code/TechOptimum/Tech-Optimum-Website/bower_components","/home/aryan/Code/TechOptimum/Tech-Optimum-Website/package.json","/home/aryan/Code/TechOptimum/Tech-Optimum-Website/node_modules"]}
[15:15:26.354] Installing typings ["all","eslint-config-next","@chakra-ui/accordion","@chakra-ui/alert","@chakra-ui/editable","@chakra-ui/form-control","@chakra-ui/hooks","@chakra-ui/icon","@chakra-ui/image","@chakra-ui/input","@chakra-ui/layout","@chakra-ui/media-query","@chakra-ui/menu","@chakra-ui/modal","@chakra-ui/avatar","@chakra-ui/number-input","@chakra-ui/pin-input","@chakra-ui/popover","@chakra-ui/popper","@chakra-ui/portal","@chakra-ui/progress","@chakra-ui/provider","@chakra-ui/radio","@chakra-ui/select","@chakra-ui/skeleton","@chakra-ui/breadcrumb","@chakra-ui/slider","@chakra-ui/spinner","@chakra-ui/stat","@chakra-ui/styled-system","@chakra-ui/switch","@chakra-ui/system","@chakra-ui/table","@chakra-ui/tabs","@chakra-ui/tag","@chakra-ui/textarea","@chakra-ui/button","@chakra-ui/theme","@chakra-ui/theme-tools","@chakra-ui/toast","@chakra-ui/tooltip","@chakra-ui/transition","@chakra-ui/utils","@chakra-ui/visually-hidden","@emotion/cache","@emotion/serialize","@motionone/dom","@chakra-ui/checkbox","@next/env","@svgr/core","countup.js","popmotion","@chakra-ui/close-button","@chakra-ui/control-box","@chakra-ui/counter","@chakra-ui/css-reset"]
[15:15:26.354] 'all':: Entry for package 'all' does not exist in local types registry - skipping...
[15:15:26.354] 'eslint-config-next':: Entry for package 'eslint-config-next' does not exist in local types registry - skipping...
[15:15:26.354] '@chakra-ui/accordion':: Entry for package 'chakra-ui__accordion' does not exist in local types registry - skipping...
[15:15:26.354] '@chakra-ui/alert':: Entry for package 'chakra-ui__alert' does not exist in local types registry - skipping...
[15:15:26.354] '@chakra-ui/editable':: Entry for package 'chakra-ui__editable' does not exist in local types registry - skipping...
[15:15:26.354] '@chakra-ui/form-control':: Entry for package 'chakra-ui__form-control' does not exist in local types registry - skipping...
[15:15:26.354] '@chakra-ui/hooks':: Entry for package 'chakra-ui__hooks' does not exist in local types registry - skipping...
[15:15:26.354] '@chakra-ui/icon':: Entry for package 'chakra-ui__icon' does not exist in local types registry - skipping...
[15:15:26.354] '@chakra-ui/image':: Entry for package 'chakra-ui__image' does not exist in local types registry - skipping...
[15:15:26.354] '@chakra-ui/input':: Entry for package 'chakra-ui__input' does not exist in local types registry - skipping...
[15:15:26.354] '@chakra-ui/layout':: Entry for package 'chakra-ui__layout' does not exist in local types registry - skipping...
[15:15:26.354] '@chakra-ui/media-query':: Entry for package 'chakra-ui__media-query' does not exist in local types registry - skipping...
[15:15:26.354] '@chakra-ui/menu':: Entry for package 'chakra-ui__menu' does not exist in local types registry - skipping...
[15:15:26.354] '@chakra-ui/modal':: Entry for package 'chakra-ui__modal' does not exist in local types registry - skipping...
[15:15:26.354] '@chakra-ui/avatar':: Entry for package 'chakra-ui__avatar' does not exist in local types registry - skipping...
[15:15:26.354] '@chakra-ui/number-input':: Entry for package 'chakra-ui__number-input' does not exist in local types registry - skipping...
[15:15:26.354] '@chakra-ui/pin-input':: Entry for package 'chakra-ui__pin-input' does not exist in local types registry - skipping...
[15:15:26.354] '@chakra-ui/popover':: Entry for package 'chakra-ui__popover' does not exist in local types registry - skipping...
[15:15:26.354] '@chakra-ui/popper':: Entry for package 'chakra-ui__popper' does not exist in local types registry - skipping...
[15:15:26.354] '@chakra-ui/portal':: Entry for package 'chakra-ui__portal' does not exist in local types registry - skipping...
[15:15:26.354] '@chakra-ui/progress':: Entry for package 'chakra-ui__progress' does not exist in local types registry - skipping...
[15:15:26.354] '@chakra-ui/provider':: Entry for package 'chakra-ui__provider' does not exist in local types registry - skipping...
[15:15:26.354] '@chakra-ui/radio':: Entry for package 'chakra-ui__radio' does not exist in local types registry - skipping...
[15:15:26.354] '@chakra-ui/select':: Entry for package 'chakra-ui__select' does not exist in local types registry - skipping...
[15:15:26.355] '@chakra-ui/skeleton':: Entry for package 'chakra-ui__skeleton' does not exist in local types registry - skipping...
[15:15:26.355] '@chakra-ui/breadcrumb':: Entry for package 'chakra-ui__breadcrumb' does not exist in local types registry - skipping...
[15:15:26.355] '@chakra-ui/slider':: Entry for package 'chakra-ui__slider' does not exist in local types registry - skipping...
[15:15:26.355] '@chakra-ui/spinner':: Entry for package 'chakra-ui__spinner' does not exist in local types registry - skipping...
[15:15:26.355] '@chakra-ui/stat':: Entry for package 'chakra-ui__stat' does not exist in local types registry - skipping...
[15:15:26.355] '@chakra-ui/styled-system':: Entry for package 'chakra-ui__styled-system' does not exist in local types registry - skipping...
[15:15:26.355] '@chakra-ui/switch':: Entry for package 'chakra-ui__switch' does not exist in local types registry - skipping...
[15:15:26.355] '@chakra-ui/system':: Entry for package 'chakra-ui__system' does not exist in local types registry - skipping...
[15:15:26.355] '@chakra-ui/table':: Entry for package 'chakra-ui__table' does not exist in local types registry - skipping...
[15:15:26.355] '@chakra-ui/tabs':: Entry for package 'chakra-ui__tabs' does not exist in local types registry - skipping...
[15:15:26.355] '@chakra-ui/tag':: Entry for package 'chakra-ui__tag' does not exist in local types registry - skipping...
[15:15:26.355] '@chakra-ui/textarea':: Entry for package 'chakra-ui__textarea' does not exist in local types registry - skipping...
[15:15:26.355] '@chakra-ui/button':: Entry for package 'chakra-ui__button' does not exist in local types registry - skipping...
[15:15:26.355] '@chakra-ui/theme':: Entry for package 'chakra-ui__theme' does not exist in local types registry - skipping...
[15:15:26.355] '@chakra-ui/theme-tools':: Entry for package 'chakra-ui__theme-tools' does not exist in local types registry - skipping...
[15:15:26.355] '@chakra-ui/toast':: Entry for package 'chakra-ui__toast' does not exist in local types registry - skipping...
[15:15:26.355] '@chakra-ui/tooltip':: Entry for package 'chakra-ui__tooltip' does not exist in local types registry - skipping...
[15:15:26.355] '@chakra-ui/transition':: Entry for package 'chakra-ui__transition' does not exist in local types registry - skipping...
[15:15:26.355] '@chakra-ui/utils':: Entry for package 'chakra-ui__utils' does not exist in local types registry - skipping...
[15:15:26.355] '@chakra-ui/visually-hidden':: Entry for package 'chakra-ui__visually-hidden' does not exist in local types registry - skipping...
[15:15:26.355] '@emotion/cache':: Entry for package 'emotion__cache' does not exist in local types registry - skipping...
[15:15:26.355] '@emotion/serialize':: Entry for package 'emotion__serialize' does not exist in local types registry - skipping...
[15:15:26.355] '@motionone/dom':: Entry for package 'motionone__dom' does not exist in local types registry - skipping...
[15:15:26.355] '@chakra-ui/checkbox':: Entry for package 'chakra-ui__checkbox' does not exist in local types registry - skipping...
[15:15:26.355] '@next/env':: Entry for package 'next__env' does not exist in local types registry - skipping...
[15:15:26.355] '@svgr/core':: Entry for package 'svgr__core' does not exist in local types registry - skipping...
[15:15:26.355] 'countup.js':: Entry for package 'countup.js' does not exist in local types registry - skipping...
[15:15:26.355] 'popmotion':: Entry for package 'popmotion' does not exist in local types registry - skipping...
[15:15:26.355] '@chakra-ui/close-button':: Entry for package 'chakra-ui__close-button' does not exist in local types registry - skipping...
[15:15:26.355] '@chakra-ui/control-box':: Entry for package 'chakra-ui__control-box' does not exist in local types registry - skipping...
[15:15:26.355] '@chakra-ui/counter':: Entry for package 'chakra-ui__counter' does not exist in local types registry - skipping...
[15:15:26.355] '@chakra-ui/css-reset':: Entry for package 'chakra-ui__css-reset' does not exist in local types registry - skipping...
[15:15:26.355] All typings are known to be missing or invalid - no need to install more typings
[15:15:26.355] Sending response:
    {"projectName":"/dev/null/inferredProject1*","typeAcquisition":{"enable":true,"include":[],"exclude":[]},"compilerOptions":{"module":1,"target":3,"jsx":1,"allowJs":true,"allowSyntheticDefaultImports":true,"allowNonTsExtensions":true,"noEmitForJsFiles":true,"maxNodeModuleJsDepth":2},"typings":["/home/aryan/Code/TechOptimum/Tech-Optimum-Website/node_modules/@chakra-ui/icons/dist/chakra-ui-icons.cjs.d.ts","/home/aryan/Code/TechOptimum/Tech-Optimum-Website/node_modules/@chakra-ui/react/dist/chakra-ui-react.cjs.d.ts","/home/aryan/Code/TechOptimum/Tech-Optimum-Website/node_modules/@emotion/react/types/index.d.ts","/home/aryan/Code/TechOptimum/Tech-Optimum-Website/node_modules/@emotion/styled/types/index.d.ts","/home/aryan/.cache/typescript/4.6/node_modules/@types/aos/index.d.ts","/home/aryan/Code/TechOptimum/Tech-Optimum-Website/node_modules/framer-motion/dist/index.d.ts","/home/aryan/Code/TechOptimum/Tech-Optimum-Website/node_modules/next/index.d.ts","/home/aryan/.cache/typescript/4.6/node_modules/@types/react/index.d.ts","/home/aryan/Code/TechOptimum/Tech-Optimum-Website/node_modules/react-countup/build/index.d.ts","/home/aryan/.cache/typescript/4.6/node_modules/@types/react-dom/index.d.ts","/home/aryan/Code/TechOptimum/Tech-Optimum-Website/node_modules/react-icons/lib/esm/index.d.ts","/home/aryan/.cache/typescript/4.6/node_modules/@types/styled-components/index.d.ts","/home/aryan/Code/TechOptimum/Tech-Optimum-Website/node_modules/@svgr/webpack/dist/index.d.ts","/home/aryan/.cache/typescript/4.6/node_modules/@types/eslint/index.d.ts"],"unresolvedImports":["@chakra-ui/accordion","@chakra-ui/alert","@chakra-ui/avatar","@chakra-ui/breadcrumb","@chakra-ui/button","@chakra-ui/checkbox","@chakra-ui/close-button","@chakra-ui/control-box","@chakra-ui/counter","@chakra-ui/css-reset","@chakra-ui/editable","@chakra-ui/form-control","@chakra-ui/hooks","@chakra-ui/icon","@chakra-ui/image","@chakra-ui/input","@chakra-ui/layout","@chakra-ui/media-query","@chakra-ui/menu","@chakra-ui/modal","@chakra-ui/number-input","@chakra-ui/pin-input","@chakra-ui/popover","@chakra-ui/popper","@chakra-ui/portal","@chakra-ui/progress","@chakra-ui/provider","@chakra-ui/radio","@chakra-ui/select","@chakra-ui/skeleton","@chakra-ui/slider","@chakra-ui/spinner","@chakra-ui/stat","@chakra-ui/styled-system","@chakra-ui/switch","@chakra-ui/system","@chakra-ui/table","@chakra-ui/tabs","@chakra-ui/tag","@chakra-ui/textarea","@chakra-ui/theme","@chakra-ui/theme-tools","@chakra-ui/toast","@chakra-ui/tooltip","@chakra-ui/transition","@chakra-ui/utils","@chakra-ui/visually-hidden","@emotion/cache","@emotion/serialize","@motionone/dom","@next/env","@svgr/core","countup.js","popmotion"],"kind":"action::set"}
[15:15:26.356] Response has been sent.
