[00:25:22.387] Global cache location '/home/aryan/.cache/typescript/4.6', safe file path '/usr/lib/node_modules/typescript/lib/typingSafeList.json', types map path /usr/lib/node_modules/typescript/lib/typesMap.json
[00:25:22.389] Processing cache location '/home/aryan/.cache/typescript/4.6'
[00:25:22.389] Trying to find '/home/aryan/.cache/typescript/4.6/package.json'...
[00:25:22.571] Loaded content of '/home/aryan/.cache/typescript/4.6/package.json': {"private":true,"dependencies":{"types-registry":"^0.1.604"},"devDependencies":{"@types/aos":"^3.0.4","@types/co":"^4.6.3","@types/eslint":"^8.4.5","@types/lodash.debounce":"^4.0.7","@types/lodash.throttle":"^4.1.7","@types/node":"^18.6.3","@types/react":"^18.0.15","@types/react-dom":"^18.0.6","@types/styled-components":"^5.1.25","@types/webpack":"^5.28.0"}}
[00:25:22.571] Loaded content of '/home/aryan/.cache/typescript/4.6/package-lock.json'
[00:25:22.851] Adding entry into typings cache: 'aos' => '/home/aryan/.cache/typescript/4.6/node_modules/@types/aos/index.d.ts'
[00:25:22.927] Adding entry into typings cache: 'co' => '/home/aryan/.cache/typescript/4.6/node_modules/@types/co/index.d.ts'
[00:25:22.954] Adding entry into typings cache: 'eslint' => '/home/aryan/.cache/typescript/4.6/node_modules/@types/eslint/index.d.ts'
[00:25:22.992] Adding entry into typings cache: 'lodash.debounce' => '/home/aryan/.cache/typescript/4.6/node_modules/@types/lodash.debounce/index.d.ts'
[00:25:22.995] Adding entry into typings cache: 'lodash.throttle' => '/home/aryan/.cache/typescript/4.6/node_modules/@types/lodash.throttle/index.d.ts'
[00:25:23.123] Adding entry into typings cache: 'node' => '/home/aryan/.cache/typescript/4.6/node_modules/@types/node/index.d.ts'
[00:25:23.215] Adding entry into typings cache: 'react' => '/home/aryan/.cache/typescript/4.6/node_modules/@types/react/index.d.ts'
[00:25:23.242] Adding entry into typings cache: 'react-dom' => '/home/aryan/.cache/typescript/4.6/node_modules/@types/react-dom/index.d.ts'
[00:25:23.309] Adding entry into typings cache: 'styled-components' => '/home/aryan/.cache/typescript/4.6/node_modules/@types/styled-components/index.d.ts'
[00:25:23.415] Adding entry into typings cache: 'webpack' => '/home/aryan/.cache/typescript/4.6/node_modules/webpack/types.d.ts'
[00:25:23.415] Finished processing cache location '/home/aryan/.cache/typescript/4.6'
[00:25:23.416] Process id: 9196
[00:25:23.416] NPM location: /usr/bin/npm (explicit '--npmLocation' not  provided)
[00:25:23.416] validateDefaultNpmLocation: false
[00:25:23.416] Npm config file: /home/aryan/.cache/typescript/4.6/package.json
[00:25:23.417] Updating types-registry npm package...
[00:25:23.417] Exec: /usr/bin/npm install --ignore-scripts types-registry@latest
[00:25:33.543]     Succeeded. stdout:
    
    up to date, audited 95 packages in 3s

9 packages are looking for funding
  run `npm fund` for details

found 0 vulnerabilities

[00:25:33.543] Updated types-registry npm package
[00:25:50.815] Got install request {"projectName":"/dev/null/inferredProject1*","fileNames":["/usr/lib/node_modules/typescript/lib/lib.es5.d.ts","/usr/lib/node_modules/typescript/lib/lib.es2015.d.ts","/usr/lib/node_modules/typescript/lib/lib.es2016.d.ts","/usr/lib/node_modules/typescript/lib/lib.dom.d.ts","/usr/lib/node_modules/typescript/lib/lib.dom.iterable.d.ts","/usr/lib/node_modules/typescript/lib/lib.webworker.importscripts.d.ts","/usr/lib/node_modules/typescript/lib/lib.scripthost.d.ts","/usr/lib/node_modules/typescript/lib/lib.es2015.core.d.ts","/usr/lib/node_modules/typescript/lib/lib.es2015.collection.d.ts","/usr/lib/node_modules/typescript/lib/lib.es2015.generator.d.ts","/usr/lib/node_modules/typescript/lib/lib.es2015.iterable.d.ts","/usr/lib/node_modules/typescript/lib/lib.es2015.promise.d.ts","/usr/lib/node_modules/typescript/lib/lib.es2015.proxy.d.ts","/usr/lib/node_modules/typescript/lib/lib.es2015.reflect.d.ts","/usr/lib/node_modules/typescript/lib/lib.es2015.symbol.d.ts","/usr/lib/node_modules/typescript/lib/lib.es2015.symbol.wellknown.d.ts","/usr/lib/node_modules/typescript/lib/lib.es2016.array.include.d.ts","/usr/lib/node_modules/typescript/lib/lib.es2016.full.d.ts","/home/aryan/Code/TechOptimum/Tech-Optimum-Website/src/components/footer.jsx","/home/aryan/Code/TechOptimum/Tech-Optimum-Website/src/components/header.jsx","/home/aryan/Code/TechOptimum/Tech-Optimum-Website/src/components/socials.jsx","/home/aryan/Code/TechOptimum/Tech-Optimum-Website/src/components/podcast-landing.jsx","/home/aryan/Code/TechOptimum/Tech-Optimum-Website/src/components/audio-player.jsx","/home/aryan/Code/TechOptimum/Tech-Optimum-Website/src/components/podcast-player.jsx","/home/aryan/Code/TechOptimum/Tech-Optimum-Website/src/pages/podcast.jsx"],"compilerOptions":{"module":1,"target":3,"jsx":1,"allowJs":true,"allowSyntheticDefaultImports":true,"allowNonTsExtensions":true,"noEmitForJsFiles":true,"maxNodeModuleJsDepth":2},"typeAcquisition":{"enable":true,"include":[],"exclude":[]},"unresolvedImports":[],"projectRootPath":"/home/aryan/Code/TechOptimum/Tech-Optimum-Website/src/pages","kind":"discover"}
[00:25:50.821] Loaded safelist from types map file '/usr/lib/node_modules/typescript/lib/typesMap.json'
[00:25:50.822] Explicitly included types: []
[00:25:50.822] Inferred 'react' typings due to presence of '.jsx' extension
[00:25:50.822] Inferred typings from unresolved imports: []
[00:25:50.822] Result: {"cachedTypingPaths":["/home/aryan/.cache/typescript/4.6/node_modules/@types/react/index.d.ts"],"newTypingNames":[],"filesToWatch":["/home/aryan/Code/TechOptimum/Tech-Optimum-Website/src/components/bower_components","/home/aryan/Code/TechOptimum/Tech-Optimum-Website/src/components/node_modules","/home/aryan/Code/TechOptimum/Tech-Optimum-Website/src/pages/bower_components","/home/aryan/Code/TechOptimum/Tech-Optimum-Website/src/pages/node_modules"]}
[00:25:50.822] Finished typings discovery: {"cachedTypingPaths":["/home/aryan/.cache/typescript/4.6/node_modules/@types/react/index.d.ts"],"newTypingNames":[],"filesToWatch":["/home/aryan/Code/TechOptimum/Tech-Optimum-Website/src/components/bower_components","/home/aryan/Code/TechOptimum/Tech-Optimum-Website/src/components/node_modules","/home/aryan/Code/TechOptimum/Tech-Optimum-Website/src/pages/bower_components","/home/aryan/Code/TechOptimum/Tech-Optimum-Website/src/pages/node_modules"]}
[00:25:50.823] DirectoryWatcher:: Added:: WatchInfo: /home/aryan/Code/TechOptimum/Tech-Optimum-Website/src/components/bower_components
[00:25:50.823] DirectoryWatcher:: Added:: WatchInfo: /home/aryan/Code/TechOptimum/Tech-Optimum-Website/src/components/bower_components 1 undefined Project: /dev/null/inferredProject1* watcher already invoked: false
[00:25:50.824] Elapsed:: 0.9887959999032319ms DirectoryWatcher:: Added:: WatchInfo: /home/aryan/Code/TechOptimum/Tech-Optimum-Website/src/components/bower_components 1 undefined Project: /dev/null/inferredProject1* watcher already invoked: false
[00:25:50.824] DirectoryWatcher:: Added:: WatchInfo: /home/aryan/Code/TechOptimum/Tech-Optimum-Website/src/components/node_modules
[00:25:50.824] DirectoryWatcher:: Added:: WatchInfo: /home/aryan/Code/TechOptimum/Tech-Optimum-Website/src/components/node_modules 1 undefined Project: /dev/null/inferredProject1* watcher already invoked: false
[00:25:50.824] Elapsed:: 0.07482000021263957ms DirectoryWatcher:: Added:: WatchInfo: /home/aryan/Code/TechOptimum/Tech-Optimum-Website/src/components/node_modules 1 undefined Project: /dev/null/inferredProject1* watcher already invoked: false
[00:25:50.824] DirectoryWatcher:: Added:: WatchInfo: /home/aryan/Code/TechOptimum/Tech-Optimum-Website/src/pages/bower_components
[00:25:50.824] DirectoryWatcher:: Added:: WatchInfo: /home/aryan/Code/TechOptimum/Tech-Optimum-Website/src/pages/bower_components 1 undefined Project: /dev/null/inferredProject1* watcher already invoked: false
[00:25:50.824] Elapsed:: 0.066952999914065ms DirectoryWatcher:: Added:: WatchInfo: /home/aryan/Code/TechOptimum/Tech-Optimum-Website/src/pages/bower_components 1 undefined Project: /dev/null/inferredProject1* watcher already invoked: false
[00:25:50.824] DirectoryWatcher:: Added:: WatchInfo: /home/aryan/Code/TechOptimum/Tech-Optimum-Website/src/pages/node_modules
[00:25:50.824] DirectoryWatcher:: Added:: WatchInfo: /home/aryan/Code/TechOptimum/Tech-Optimum-Website/src/pages/node_modules 1 undefined Project: /dev/null/inferredProject1* watcher already invoked: false
[00:25:50.825] Elapsed:: 0.05073399981483817ms DirectoryWatcher:: Added:: WatchInfo: /home/aryan/Code/TechOptimum/Tech-Optimum-Website/src/pages/node_modules 1 undefined Project: /dev/null/inferredProject1* watcher already invoked: false
[00:25:50.825] Sending response:
    {"projectName":"/dev/null/inferredProject1*","typeAcquisition":{"enable":true,"include":[],"exclude":[]},"compilerOptions":{"module":1,"target":3,"jsx":1,"allowJs":true,"allowSyntheticDefaultImports":true,"allowNonTsExtensions":true,"noEmitForJsFiles":true,"maxNodeModuleJsDepth":2},"typings":["/home/aryan/.cache/typescript/4.6/node_modules/@types/react/index.d.ts"],"unresolvedImports":[],"kind":"action::set"}
[00:25:50.825] Response has been sent.
[00:25:50.825] No new typings were requested as a result of typings discovery
